# stats: dump at 1574829257
stats: users 11 11
stats: {load,"tsung_controller@ip-172-31-29-45"} 1 0.0 0 0.0 0.0 0 0
stats: {freemem,"tsung_controller@ip-172-31-29-45"} 1 3498.89453125 0 3498.89453125 3498.89453125 0 0
stats: {cpu,"tsung_controller@ip-172-31-29-45"} 1 12.320037886760682 0 12.320037886760682 12.320037886760682 0 0
stats: users_count 11 11
stats: finish_users_count 0 0
stats: request 15 20.961000000000002 29.97589591210467 105.118 6.628 0 0
stats: connect 9 4.101555555555556 7.356620542237389 24.909 1.444 0 0
stats: page 14 22.473857142857145 47.11243507649264 190.921 6.628 0 0
stats: 302 1 1
stats: 200 14 14
stats: size_rcv 174496 174496
stats: size_sent 6048 6048
stats: connected 9 9
# stats: dump at 1574829267
stats: users 30 30
stats: {load,"tsung_controller@ip-172-31-29-45"} 1 0.0703125 0.0 0.0703125 0.0 0.0 1
stats: {freemem,"tsung_controller@ip-172-31-29-45"} 1 3502.92578125 0.0 3502.92578125 3498.89453125 3498.89453125 1
stats: {recvpackets,"tsung_controller@ip-172-31-29-45"} 1 464 0 464 464 0 0
stats: {sentpackets,"tsung_controller@ip-172-31-29-45"} 1 339 0 339 339 0 0
stats: {cpu,"tsung_controller@ip-172-31-29-45"} 1 2.1 0.0 12.320037886760682 2.1 12.320037886760682 1
stats: users_count 19 30
stats: finish_users_count 0 0
stats: request 70 32.11432857142857 30.813880681890023 143.398 6.628 20.961000000000002 15
stats: connect 19 1.5542105263157895 0.5695558360823918 24.909 1.196 4.101555555555556 9
stats: page 53 42.46524528301887 53.511032858832785 201.783 6.628 22.473857142857145 14
stats: 302 22 23
stats: 200 48 62
stats: size_rcv 677735 852231
stats: size_sent 43746 49794
stats: connected 19 28
# stats: dump at 1574829277
stats: users 49 49
stats: {load,"tsung_controller@ip-172-31-29-45"} 1 0.05859375 0.0 0.0703125 0.0 0.03515625 2
stats: {freemem,"tsung_controller@ip-172-31-29-45"} 1 3495.28515625 0.0 3502.92578125 3495.28515625 3500.91015625 2
stats: {recvpackets,"tsung_controller@ip-172-31-29-45"} 1 729.0 0.0 729 464 464.0 1
stats: {sentpackets,"tsung_controller@ip-172-31-29-45"} 1 459.0 0.0 459 339 339.0 1
stats: {cpu,"tsung_controller@ip-172-31-29-45"} 1 0.6024096385542169 0.0 12.320037886760682 0.6024096385542169 7.210018943380341 2
stats: users_count 19 49
stats: finish_users_count 0 0
stats: request 162 30.511598765432094 25.14806536737423 143.398 6.304 30.14609411764706 85
stats: connect 20 1.3995 0.10756370205603745 24.909 1.114 2.373 28
stats: page 111 44.593981981982004 43.65392134125116 201.783 6.304 38.287940298507465 67
stats: 302 74 97
stats: 200 88 150
stats: size_rcv 1305940 2158171
stats: size_sent 117503 167297
stats: connected 20 48
# stats: dump at 1574829287
stats: users 57 58
stats: {load,"tsung_controller@ip-172-31-29-45"} 1 0.05078125 0.0 0.0703125 0.0 0.04296875 3
stats: {freemem,"tsung_controller@ip-172-31-29-45"} 1 3485.8671875 0.0 3502.92578125 3485.8671875 3499.03515625 3
stats: {recvpackets,"tsung_controller@ip-172-31-29-45"} 1 1.5e3 0.0 1500 464 596.5 2
stats: {sentpackets,"tsung_controller@ip-172-31-29-45"} 1 890.0 0.0 890 339 399.0 2
stats: {cpu,"tsung_controller@ip-172-31-29-45"} 1 1.306532663316583 0.0 12.320037886760682 0.6024096385542169 5.0074825084383 3
stats: session 1 31627.199 0 31627.199 31627.199 0 0
stats: users_count 9 58
stats: finish_users_count 1 1
stats: request 281 42.10009608540926 37.416551927886985 278.475 6.304 30.385817813765176 247
stats: connect 9 1.6065555555555557 0.276249529355501 24.909 1.114 1.9673749999999999 48
stats: page 176 67.22909659090921 58.33773461273887 299.922 6.304 42.22035955056182 178
stats: 302 149 246
stats: 200 132 282
stats: size_rcv 2188904 4347075
stats: size_sent 221477 388774
stats: connected 9 57
# stats: dump at 1574829297
stats: users 53 58
stats: {load,"tsung_controller@ip-172-31-29-45"} 1 0.0390625 0.0 0.0703125 0.0 0.044921875 4
stats: {freemem,"tsung_controller@ip-172-31-29-45"} 1 3473.1640625 0.0 3502.92578125 3473.1640625 3495.7431640625 4
stats: {recvpackets,"tsung_controller@ip-172-31-29-45"} 1 2129.0 0.0 2129 464 897.6666666666666 3
stats: {sentpackets,"tsung_controller@ip-172-31-29-45"} 1 1162.0 0.0 1162 339 562.6666666666666 3
stats: {cpu,"tsung_controller@ip-172-31-29-45"} 1 1.9095477386934674 0.0 12.320037886760682 0.6024096385542169 4.082245047157871 4
stats: session 6 39125.016833333335 2342.1287546683143 43207.904 31627.199 31627.199 1
stats: users_count 2 60
stats: finish_users_count 6 7
stats: request 390 40.1442076923077 35.106673658648056 278.475 6.212 36.62012121212121 528
stats: connect 3 1.3563333333333334 0.047541794478355756 24.909 1.114 1.9104035087719298 57
stats: page 243 64.10668724279839 49.57805352763887 299.922 6.304 54.65408192090402 354
stats: 302 220 466
stats: 200 170 452
stats: size_rcv 2919260 7266335
stats: size_sent 310052 698826
stats: connected -4 53
# stats: dump at 1574829307
stats: users 46 58
stats: {load,"tsung_controller@ip-172-31-29-45"} 1 0.0390625 0.0 0.0703125 0.0 0.04375 5
stats: {freemem,"tsung_controller@ip-172-31-29-45"} 1 3470.15234375 0.0 3502.92578125 3470.15234375 3491.22734375 5
stats: {recvpackets,"tsung_controller@ip-172-31-29-45"} 1 2768.0 0.0 2768 464 1205.5 4
stats: {sentpackets,"tsung_controller@ip-172-31-29-45"} 1 1558.0 0.0 1558 339 712.5 4
stats: {cpu,"tsung_controller@ip-172-31-29-45"} 1 2.217741935483871 0.0 12.320037886760682 0.6024096385542169 3.6477055854649905 5
stats: session 7 46617.36914285715 5034.568223294014 54213.962 31627.199 38053.90000000001 7
stats: users_count 0 60
stats: finish_users_count 7 14
stats: request 380 39.71900789473679 34.15028414249427 331.612 5.787 38.11728213507625 918
stats: connect 0 0 0 24.909 1.114 1.8827 60
stats: page 245 62.08305714285712 46.38449294565271 343.639 6.304 58.501624790619815 597
stats: 302 219 685
stats: 200 161 613
stats: size_rcv 2660976 9927311
stats: size_sent 302739 1001565
stats: connected -7 46
# stats: dump at 1574829317
stats: users 35 58
stats: {load,"tsung_controller@ip-172-31-29-45"} 1 0.03125 0.0 0.0703125 0.0 0.04296875 6
stats: {freemem,"tsung_controller@ip-172-31-29-45"} 1 3466.76953125 0.0 3502.92578125 3466.76953125 3487.71484375 6
stats: {recvpackets,"tsung_controller@ip-172-31-29-45"} 1 2602.0 0.0 2768 464 1518.0 5
stats: {sentpackets,"tsung_controller@ip-172-31-29-45"} 1 1425.0 0.0 1558 339 881.6 5
stats: {cpu,"tsung_controller@ip-172-31-29-45"} 1 2.1212121212121215 0.0 12.320037886760682 0.6024096385542169 3.409378310468137 6
stats: session 20 45227.267850000004 4068.8456849117692 54213.962 31627.199 42335.63457142858 14
stats: users_count 9 69
stats: finish_users_count 20 34
stats: request 301 32.28147508305649 28.258057738511216 331.612 5.787 38.58620030816639 1298
stats: connect 9 3.245888888888889 3.3511611733661133 24.909 1.114 1.8827 60
stats: page 212 45.927438679245284 38.50024680760162 343.639 6.304 59.543728028503594 842
stats: 302 159 844
stats: 200 142 755
stats: size_rcv 2068344 11995655
stats: newphase 1 1
stats: size_sent 235403 1236968
stats: connected -11 35
# stats: dump at 1574829327
stats: users 36 58
stats: {load,"tsung_controller@ip-172-31-29-45"} 1 0.01953125 0.0 0.0703125 0.0 0.041294642857142856 7
stats: {freemem,"tsung_controller@ip-172-31-29-45"} 1 3469.30078125 0.0 3502.92578125 3466.76953125 3484.72265625 7
stats: {recvpackets,"tsung_controller@ip-172-31-29-45"} 1 1793.0 0.0 2768 464 1698.6666666666667 6
stats: {sentpackets,"tsung_controller@ip-172-31-29-45"} 1 1149.0 0.0 1558 339 972.1666666666666 6
stats: {cpu,"tsung_controller@ip-172-31-29-45"} 1 1.7085427135678393 0.0 12.320037886760682 0.6024096385542169 3.2253545691458494 7
stats: session 13 50506.125538461536 8621.318951682453 68488.247 31627.199 44036.595323529415 34
stats: users_count 14 83
stats: finish_users_count 13 47
stats: request 190 29.795536842105264 21.909287728368355 331.612 5.787 37.399382113821126 1599
stats: connect 13 1.433076923076923 0.15913925277928112 24.909 1.114 2.0605072463768117 69
stats: page 137 41.37344525547446 33.871379143015744 343.639 6.304 56.804967741935506 1054
stats: 302 92 936
stats: 200 98 853
stats: size_rcv 1387252 13382907
stats: newphase 0 1
stats: size_sent 143387 1380355
stats: connected 0 35
# stats: dump at 1574829337
stats: users 45 58
stats: {load,"tsung_controller@ip-172-31-29-45"} 1 0.01953125 0.0 0.0703125 0.0 0.03857421875 8
stats: {freemem,"tsung_controller@ip-172-31-29-45"} 1 3470.0546875 0.0 3502.92578125 3466.76953125 3482.794921875 8
stats: {recvpackets,"tsung_controller@ip-172-31-29-45"} 1 1336.0 0.0 2768 464 1712.142857142857 7
stats: {sentpackets,"tsung_controller@ip-172-31-29-45"} 1 864.0 0.0 1558 339 997.4285714285714 7
stats: {cpu,"tsung_controller@ip-172-31-29-45"} 1 1.2048192771084338 0.0 12.320037886760682 0.6024096385542169 3.0357530871985983 8
stats: session 9 55604.624111111116 8245.397671198903 68808.368 31627.199 45826.03985106383 47
stats: users_count 18 101
stats: finish_users_count 9 56
stats: request 175 32.01872571428571 23.9461569460481 331.612 5.787 36.591818893236436 1789
stats: connect 17 1.6018823529411765 0.5176082873180703 24.909 1.114 1.9610365853658538 82
stats: page 127 44.17330708661415 41.35307335302108 343.639 6.304 55.02988916876576 1191
stats: 302 82 1018
stats: 200 93 946
stats: size_rcv 1300148 14683055
stats: newphase 0 1
stats: size_sent 131149 1511504
stats: connected 8 43
# stats: dump at 1574829347
stats: users 60 60
stats: {load,"tsung_controller@ip-172-31-29-45"} 1 0.01953125 0.0 0.0703125 0.0 0.036458333333333336 9
stats: {freemem,"tsung_controller@ip-172-31-29-45"} 1 3470.06640625 0.0 3502.92578125 3466.76953125 3481.379340277778 9
stats: {recvpackets,"tsung_controller@ip-172-31-29-45"} 1 1349.0 0.0 2768 464 1665.125 8
stats: {sentpackets,"tsung_controller@ip-172-31-29-45"} 1 847.0 0.0 1558 339 980.75 8
stats: {cpu,"tsung_controller@ip-172-31-29-45"} 1 1.104417670682731 0.0 12.320037886760682 0.6024096385542169 2.83231599718858 9
stats: session 3 58547.21133333333 4234.0743205554245 68808.368 31627.199 47397.59803571429 56
stats: users_count 18 119
stats: finish_users_count 3 59
stats: request 247 38.73053036437246 37.420341318632104 331.612 5.787 36.18433859470468 1964
stats: connect 20 1.4268500000000002 0.08822146847564936 24.909 1.114 1.8993636363636364 99
stats: page 162 59.122919753086414 59.3756334365149 356.052 6.304 53.98376934749622 1318
stats: 302 123 1141
stats: 200 124 1070
stats: size_rcv 1946582 16629637
stats: newphase 0 1
stats: size_sent 185976 1697480
stats: connected 17 60
# stats: dump at 1574829357
stats: users 63 63
stats: {load,"tsung_controller@ip-172-31-29-45"} 1 0.01171875 0.0 0.0703125 0.0 0.034765625 10
stats: {freemem,"tsung_controller@ip-172-31-29-45"} 1 3468.2578125 0.0 3502.92578125 3466.76953125 3480.248046875 10
stats: {recvpackets,"tsung_controller@ip-172-31-29-45"} 1 1891.0 0.0 2768 464 1630.0 9
stats: {sentpackets,"tsung_controller@ip-172-31-29-45"} 1 1102.0 0.0 1558 339 965.8888888888889 9
stats: {cpu,"tsung_controller@ip-172-31-29-45"} 1 1.2121212121212122 0.0 12.320037886760682 0.6024096385542169 2.6595261645379953 10
stats: session 4 50968.787500000006 15651.062729607544 77622.618 31627.199 47964.527525423735 59
stats: users_count 7 126
stats: finish_users_count 4 63
stats: request 353 36.92186685552406 28.492117442830395 331.612 5.787 36.4687842605156 2211
stats: connect 6 1.3765 0.08206653804484912 24.909 1.114 1.819949579831933 119
stats: page 223 58.44587892376683 44.876830682607086 356.052 6.304 54.54629797297299 1480
stats: 302 196 1337
stats: 200 157 1227
stats: size_rcv 2571691 19201328
stats: newphase 0 1
stats: size_sent 280243 1977723
stats: connected 2 62
# stats: dump at 1574829367
stats: users 70 70
stats: {load,"tsung_controller@ip-172-31-29-45"} 1 0.01171875 0.0 0.0703125 0.0 0.032670454545454544 11
stats: {freemem,"tsung_controller@ip-172-31-29-45"} 1 3467.5390625 0.0 3502.92578125 3466.76953125 3479.158025568182 11
stats: {recvpackets,"tsung_controller@ip-172-31-29-45"} 1 2542.0 0.0 2768 464 1656.1 10
stats: {sentpackets,"tsung_controller@ip-172-31-29-45"} 1 1438.0 0.0 1558 339 979.5 10
stats: {cpu,"tsung_controller@ip-172-31-29-45"} 1 2.112676056338028 0.0 12.320037886760682 0.6024096385542169 2.5279438961364695 11
stats: session 9 46495.23344444444 3331.807287375931 77622.618 31627.199 48155.27419047619 63
stats: users_count 16 142
stats: finish_users_count 9 72
stats: request 385 34.569314285714306 26.934980450185474 331.612 5.787 36.53116263650546 2564
stats: connect 17 1.6709411764705884 0.4347831738976317 24.909 1.114 1.7986640000000003 125
stats: page 256 52.11832031250004 39.959053022952766 356.052 6.092 55.056930123311815 1703
stats: 302 203 1540
stats: 200 182 1409
stats: size_rcv 2892849 22094177
stats: newphase 0 1
stats: size_sent 295895 2273618
stats: connected 8 70
# stats: dump at 1574829377
stats: users 81 81
stats: {load,"tsung_controller@ip-172-31-29-45"} 1 0.01171875 0.0 0.0703125 0.0 0.030924479166666668 12
stats: {freemem,"tsung_controller@ip-172-31-29-45"} 1 3465.57421875 0.0 3502.92578125 3465.57421875 3478.1897786458335 12
stats: {recvpackets,"tsung_controller@ip-172-31-29-45"} 1 2822.0 0.0 2822 464 1736.6363636363637 11
stats: {sentpackets,"tsung_controller@ip-172-31-29-45"} 1 1630.0 0.0 1630 339 1021.1818181818181 11
stats: {cpu,"tsung_controller@ip-172-31-29-45"} 1 2.320887991927346 0.0 12.320037886760682 0.6024096385542169 2.4933382428199327 12
stats: session 13 45040.278076923074 5501.519946695114 77622.618 31627.199 47947.76909722222 72
stats: users_count 24 166
stats: finish_users_count 13 85
stats: request 418 34.28249999999997 27.8159615621677 331.612 5.787 36.27503797897592 2949
stats: connect 22 2.523409090909091 4.538065964293709 24.909 1.114 1.78337323943662 142
stats: page 285 50.344070175438624 43.236717207476374 356.052 6.092 54.672915773353765 1959
stats: 302 217 1757
stats: 200 201 1610
stats: size_rcv 3007282 25101459
stats: newphase 1 2
stats: size_sent 323184 2596802
stats: connected 9 79
# stats: dump at 1574829387
stats: users 84 85
stats: {load,"tsung_controller@ip-172-31-29-45"} 1 0.01171875 0.0 0.0703125 0.0 0.029447115384615384 13
stats: {freemem,"tsung_controller@ip-172-31-29-45"} 1 3468.1640625 0.0 3502.92578125 3465.57421875 3477.2193509615386 13
stats: {recvpackets,"tsung_controller@ip-172-31-29-45"} 1 2961.0 0.0 2961 464 1827.0833333333333 12
stats: {sentpackets,"tsung_controller@ip-172-31-29-45"} 1 1808.0 0.0 1808 339 1071.9166666666667 12
stats: {cpu,"tsung_controller@ip-172-31-29-45"} 1 1.8274111675126905 0.0 12.320037886760682 0.6024096385542169 2.480072838905118 13
stats: session 15 47337.34586666666 6935.796984058859 77622.618 31627.199 47503.094000000005 85
stats: users_count 18 184
stats: finish_users_count 15 100
stats: request 433 35.25521247113167 27.930699443867827 331.612 5.787 36.0276721116721 3367
stats: connect 19 2.2451052631578956 2.4336196540335995 24.909 1.114 1.8826463414634147 164
stats: page 287 53.257522648083594 41.860586403197 356.052 6.092 54.123129233511605 2244
stats: 302 225 1982
stats: 200 208 1818
stats: size_rcv 3235470 28336929
stats: newphase 0 2
stats: size_sent 334459 2931261
stats: connected 4 83
# stats: dump at 1574829397
stats: users 89 92
stats: {load,"tsung_controller@ip-172-31-29-45"} 1 0.01171875 0.0 0.0703125 0.0 0.028180803571428572 14
stats: {freemem,"tsung_controller@ip-172-31-29-45"} 1 3468.4140625 0.0 3502.92578125 3465.57421875 3476.5725446428573 14
stats: {recvpackets,"tsung_controller@ip-172-31-29-45"} 1 3130.0 0.0 3130 464 1914.3076923076924 13
stats: {sentpackets,"tsung_controller@ip-172-31-29-45"} 1 1804.0 0.0 1808 339 1128.5384615384614 13
stats: {cpu,"tsung_controller@ip-172-31-29-45"} 1 2.525252525252525 0.0 12.320037886760682 0.6024096385542169 2.4334541480913736 14
stats: session 14 51141.19121428572 9549.923773107257 77622.618 31627.199 47478.23178 100
stats: users_count 19 203
stats: finish_users_count 14 114
stats: request 473 38.92826849894293 42.3732799645898 502.129 5.787 35.93965236842105 3800
stats: connect 20 1.5519000000000003 0.30144964753669884 24.909 1.114 1.9202786885245904 183
stats: page 317 58.089154574132515 58.23111421269947 502.129 6.092 54.02497471355197 2531
stats: 302 247 2229
stats: 200 227 2045
stats: size_rcv 3427221 31764150
stats: newphase 0 2
stats: size_sent 371469 3302730
stats: connected 7 90
# stats: dump at 1574829407
stats: users 98 101
stats: {load,"tsung_controller@ip-172-31-29-45"} 1 0.0 0.0 0.0703125 0.0 0.027083333333333334 15
stats: {freemem,"tsung_controller@ip-172-31-29-45"} 1 3459.44140625 0.0 3502.92578125 3459.44140625 3476.0286458333335 15
stats: {recvpackets,"tsung_controller@ip-172-31-29-45"} 1 3456.0 0.0 3456 464 2001.142857142857 14
stats: {sentpackets,"tsung_controller@ip-172-31-29-45"} 1 2015.0 0.0 2015 339 1176.7857142857142 14
stats: {cpu,"tsung_controller@ip-172-31-29-45"} 1 2.5278058645096055 0.0 12.320037886760682 0.6024096385542169 2.439574039902117 15
stats: session 12 51684.187750000005 14807.396698530552 94893.114 31627.199 47928.06890350878 114
stats: users_count 21 224
stats: finish_users_count 12 126
stats: request 571 43.129166374781086 39.1677959780471 502.129 5.787 36.270477416335126 4273
stats: connect 21 1.4028571428571428 0.13550690922967573 24.909 1.102 1.8839852216748771 203
stats: page 373 66.1342841823056 59.326547162142965 502.129 6.092 54.47734304775283 2848
stats: 302 303 2532
stats: 200 267 2312
stats: size_rcv 4266491 36030641
stats: newphase 0 2
stats: size_sent 445560 3748290
stats: connected 8 98
# stats: dump at 1574829417
stats: users 101 103
stats: {load,"tsung_controller@ip-172-31-29-45"} 1 0.0 0.0 0.0703125 0.0 0.025390625 16
stats: {freemem,"tsung_controller@ip-172-31-29-45"} 1 3455.23828125 0.0 3502.92578125 3455.23828125 3474.991943359375 16
stats: {recvpackets,"tsung_controller@ip-172-31-29-45"} 1 4035.0 0.0 4035 464 2098.133333333333 15
stats: {sentpackets,"tsung_controller@ip-172-31-29-45"} 1 2312.0 0.0 2312 339 1232.6666666666667 15
stats: {cpu,"tsung_controller@ip-172-31-29-45"} 1 2.8368794326241136 0.0 12.320037886760682 0.6024096385542169 2.4450885289400848 16
stats: session 15 48257.16793333334 9584.809930103109 94893.114 31627.199 48285.794507936516 126
stats: users_count 18 242
stats: finish_users_count 15 141
stats: request 596 34.98229026845637 25.646121625648505 502.129 5.787 37.078964492155244 4844
stats: connect 18 1.4352222222222222 0.22385748332255093 24.909 1.102 1.8388794642857145 224
stats: page 393 53.11314758269723 37.7705327811053 502.129 6.092 55.82724650729588 3221
stats: 302 326 2858
stats: 200 270 2582
stats: size_rcv 4224582 40255223
stats: newphase 0 2
stats: size_sent 467977 4216267
stats: connected 3 101
# stats: dump at 1574829427
stats: users 99 104
stats: {load,"tsung_controller@ip-172-31-29-45"} 1 0.0 0.0 0.0703125 0.0 0.02389705882352941 17
stats: {freemem,"tsung_controller@ip-172-31-29-45"} 1 3454.640625 0.0 3502.92578125 3454.640625 3473.829963235294 17
stats: {recvpackets,"tsung_controller@ip-172-31-29-45"} 1 4120.0 0.0 4120 464 2219.1875 16
stats: {sentpackets,"tsung_controller@ip-172-31-29-45"} 1 2404.0 0.0 2404 339 1300.125 16
stats: {cpu,"tsung_controller@ip-172-31-29-45"} 1 3.1313131313131315 0.0 12.320037886760682 0.6024096385542169 2.468135052686204 17
stats: session 19 54570.82499999999 15399.815366482511 94893.114 31627.199 48282.74912765958 141
stats: users_count 17 259
stats: finish_users_count 19 160
stats: request 612 37.71853921568627 28.769898859781488 502.129 5.787 36.84925533088235 5440
stats: connect 17 1.5998823529411765 0.47911620625934376 24.909 1.102 1.8088553719008267 242
stats: page 404 57.110398514851546 42.60329507485014 502.129 6.092 55.53210514665192 3614
stats: 302 329 3187
stats: 200 283 2865
stats: size_rcv 4408712 44663935
stats: newphase 0 2
stats: size_sent 482408 4698675
stats: connected -2 99
# stats: dump at 1574829437
stats: users 113 113
stats: {load,"tsung_controller@ip-172-31-29-45"} 1 0.0 0.0 0.0703125 0.0 0.022569444444444444 18
stats: {freemem,"tsung_controller@ip-172-31-29-45"} 1 3452.953125 0.0 3502.92578125 3452.953125 3472.7638888888887 18
stats: {recvpackets,"tsung_controller@ip-172-31-29-45"} 1 4205.0 0.0 4205 464 2331.0 17
stats: {sentpackets,"tsung_controller@ip-172-31-29-45"} 1 2409.0 0.0 2409 339 1365.0588235294117 17
stats: {cpu,"tsung_controller@ip-172-31-29-45"} 1 3.931451612903226 0.0 12.320037886760682 0.6024096385542169 2.5049782792765893 18
stats: session 24 50904.34725 10287.422696114221 94893.114 31627.199 49029.458137500005 160
stats: users_count 38 297
stats: finish_users_count 24 184
stats: request 606 37.34139768976896 30.815108029288076 502.129 5.787 36.93716044282882 6052
stats: connect 38 1.6648947368421056 1.4478465095566788 24.909 1.102 1.7951389961389963 259
stats: page 421 53.890593824228006 45.80625057067359 502.129 6.092 55.690798656047804 4018
stats: 302 306 3493
stats: 200 300 3165
stats: size_rcv 4423816 49087751
stats: newphase 1 3
stats: size_sent 463181 5161856
stats: connected 14 113
# stats: dump at 1574829447
stats: users 137 139
stats: {load,"tsung_controller@ip-172-31-29-45"} 1 0.0 0.0 0.0703125 0.0 0.02138157894736842 19
stats: {freemem,"tsung_controller@ip-172-31-29-45"} 1 3452.33984375 0.0 3502.92578125 3452.33984375 3471.7212171052633 19
stats: {recvpackets,"tsung_controller@ip-172-31-29-45"} 1 4512.0 0.0 4512 464 2435.1111111111113 18
stats: {sentpackets,"tsung_controller@ip-172-31-29-45"} 1 2723.0 0.0 2723 339 1423.0555555555557 18
stats: {cpu,"tsung_controller@ip-172-31-29-45"} 1 3.535353535353535 0.0 12.320037886760682 0.6024096385542169 2.5800558231516755 19
stats: session 20 49617.06675 7259.84833479747 94893.114 31627.199 49274.00889130436 184
stats: users_count 44 341
stats: finish_users_count 20 204
stats: request 643 38.66624105754277 32.93894941861263 502.129 5.787 36.97395343947131 6658
stats: connect 44 1.3962045454545455 0.40389133211936723 24.909 1.057 1.7784747474747475 297
stats: page 436 56.87375688073395 49.55971080332071 502.129 6.036 55.52006510475334 4439
stats: 302 324 3817
stats: 200 319 3484
stats: size_rcv 4849598 53937349
stats: newphase 0 3
stats: size_sent 489779 5651635
stats: connected 24 137
# stats: dump at 1574829457
stats: users 161 161
stats: {load,"tsung_controller@ip-172-31-29-45"} 1 0.0 0.0 0.0703125 0.0 0.0203125 20
stats: {freemem,"tsung_controller@ip-172-31-29-45"} 1 3442.28515625 0.0 3502.92578125 3442.28515625 3470.7521484375 20
stats: {recvpackets,"tsung_controller@ip-172-31-29-45"} 1 4755.0 0.0 4755 464 2544.4210526315787 19
stats: {sentpackets,"tsung_controller@ip-172-31-29-45"} 1 2882.0 0.0 2882 339 1491.4736842105262 19
stats: {cpu,"tsung_controller@ip-172-31-29-45"} 1 3.4482758620689653 0.0 12.320037886760682 0.6024096385542169 2.627820708761768 20
stats: session 15 47919.16766666666 8664.612207900293 94893.114 31627.199 49307.64201470589 204
stats: users_count 39 380
stats: finish_users_count 15 219
stats: request 817 37.3816217870257 32.367416404052946 502.129 5.787 37.12299342555814 7301
stats: connect 39 1.6239743589743592 1.1830936952119346 24.909 1.057 1.729149560117302 341
stats: page 540 56.621535185185195 48.014285437201494 502.129 6.036 55.641133743589755 4875
stats: 302 425 4242
stats: 200 392 3876
stats: size_rcv 6058395 59995744
stats: newphase 0 3
stats: size_sent 636254 6287889
stats: connected 24 161
# stats: dump at 1574829467
stats: users 172 174
stats: {load,"tsung_controller@ip-172-31-29-45"} 1 0.0 0.0 0.0703125 0.0 0.019345238095238096 21
stats: {freemem,"tsung_controller@ip-172-31-29-45"} 1 3430.4921875 0.0 3502.92578125 3430.4921875 3469.3965773809523 21
stats: {recvpackets,"tsung_controller@ip-172-31-29-45"} 1 6021.0 0.0 6021 464 2654.95 20
stats: {sentpackets,"tsung_controller@ip-172-31-29-45"} 1 3502.0 0.0 3502 339 1561.0 20
stats: {cpu,"tsung_controller@ip-172-31-29-45"} 1 5.427135678391959 0.0 12.320037886760682 0.6024096385542169 2.666890001776397 21
stats: session 22 54722.93595454544 13166.486604292131 96110.993 31627.199 49212.541031963476 219
stats: users_count 33 413
stats: finish_users_count 22 241
stats: request 988 45.68153947368419 46.93656288473468 502.129 5.787 37.1490219265829 8118
stats: connect 33 1.4727575757575755 0.506416347473166 24.909 1.057 1.7183552631578949 380
stats: page 637 71.0098430141288 68.62978388385 502.129 6.036 55.7389023084026 5415
stats: 302 525 4767
stats: 200 463 4339
stats: size_rcv 7462213 67457957
stats: newphase 0 3
stats: size_sent 771396 7059285
stats: connected 12 173
# stats: dump at 1574829477
stats: users 187 187
stats: {load,"tsung_controller@ip-172-31-29-45"} 1 0.0 0.0 0.0703125 0.0 0.018465909090909092 22
stats: {freemem,"tsung_controller@ip-172-31-29-45"} 1 3404.109375 0.0 3502.92578125 3404.109375 3467.6281960227275 22
stats: {recvpackets,"tsung_controller@ip-172-31-29-45"} 1 7119.0 0.0 7119 464 2815.2380952380954 21
stats: {sentpackets,"tsung_controller@ip-172-31-29-45"} 1 3931.0 0.0 3931 339 1653.4285714285713 21
stats: {cpu,"tsung_controller@ip-172-31-29-45"} 1 5.295315682281059 0.0 12.320037886760682 0.6024096385542169 2.7923557143498314 22
stats: session 23 47393.55878260871 9331.455486545103 96110.993 31627.199 49715.564634854774 241
stats: users_count 38 451
stats: finish_users_count 23 264
stats: request 1069 37.620411599625925 30.14219373674884 502.129 5.787 38.07479914342191 9106
stats: connect 38 1.3695263157894733 0.16808765520940258 24.909 1.057 1.6987312348668282 413
stats: page 705 57.10912198581563 43.48220959357666 502.129 6.036 57.346236946463996 6052
stats: 302 581 5348
stats: 200 488 4827
stats: size_rcv 7664562 75122519
stats: newphase 0 3
stats: size_sent 839143 7898428
stats: connected 14 187
# stats: dump at 1574829487
stats: users 193 194
stats: {load,"tsung_controller@ip-172-31-29-45"} 1 0.0 0.0 0.0703125 0.0 0.017663043478260868 23
stats: {freemem,"tsung_controller@ip-172-31-29-45"} 1 3401.16796875 0.0 3502.92578125 3401.16796875 3464.866508152174 23
stats: {recvpackets,"tsung_controller@ip-172-31-29-45"} 1 7633.0 0.0 7633 464 3010.8636363636365 22
stats: {sentpackets,"tsung_controller@ip-172-31-29-45"} 1 4382.0 0.0 4382 339 1756.9545454545455 22
stats: {cpu,"tsung_controller@ip-172-31-29-45"} 1 5.7926829268292686 0.0 12.320037886760682 0.6024096385542169 2.901180060781624 23
stats: session 39 45813.81858974359 7747.714071228204 96110.993 31627.199 49513.26867045455 264
stats: users_count 45 496
stats: finish_users_count 39 303
stats: request 1054 39.51420777988616 33.44670142481408 502.129 5.787 38.02706054054054 10175
stats: connect 45 1.398777777777778 0.13195923425881514 24.909 1.057 1.6709933481152994 451
stats: page 714 58.261715686274485 47.09329286001943 502.129 6.036 57.32149726209858 6757
stats: 302 553 5901
stats: 200 501 5328
stats: size_rcv 7652607 82775126
stats: newphase 0 3
stats: size_sent 818539 8716967
stats: connected 6 193
# stats: dump at 1574829497
stats: users 220 222
stats: {load,"tsung_controller@ip-172-31-29-45"} 1 0.0 0.0 0.0703125 0.0 0.016927083333333332 24
stats: {freemem,"tsung_controller@ip-172-31-29-45"} 1 3398.80859375 0.0 3502.92578125 3398.80859375 3462.21240234375 24
stats: {recvpackets,"tsung_controller@ip-172-31-29-45"} 1 7668.0 0.0 7668 464 3211.8260869565215 23
stats: {sentpackets,"tsung_controller@ip-172-31-29-45"} 1 4436.0 0.0 4436 339 1871.0869565217392 23
stats: {cpu,"tsung_controller@ip-172-31-29-45"} 1 5.90030518819939 0.0 12.320037886760682 0.6024096385542169 3.0216593468669424 24
stats: session 35 49918.236628571445 10102.04425689477 96110.993 31627.199 49037.101828382845 303
stats: users_count 62 558
stats: finish_users_count 35 338
stats: request 1087 46.43548850045987 43.712220758785215 502.129 5.682 38.16665028052364 11229
stats: connect 60 1.4366833333333338 0.7313965976510663 24.909 1.057 1.646296370967742 496
stats: page 736 68.77229619565215 62.21914626388153 502.129 5.682 57.411353500200796 7471
stats: 302 547 6448
stats: 200 540 5868
stats: size_rcv 8101602 90876728
stats: newphase 1 4
stats: size_sent 832367 9549334
stats: connected 28 221
# stats: dump at 1574829507
stats: users 228 228
stats: {load,"tsung_controller@ip-172-31-29-45"} 1 0.0 0.0 0.0703125 0.0 0.01625 25
stats: {freemem,"tsung_controller@ip-172-31-29-45"} 1 3401.39453125 0.0 3502.92578125 3398.80859375 3459.67625 25
stats: {recvpackets,"tsung_controller@ip-172-31-29-45"} 1 8283.0 0.0 8283 464 3397.5 24
stats: {sentpackets,"tsung_controller@ip-172-31-29-45"} 1 4949.0 0.0 4949 339 1977.9583333333333 24
stats: {cpu,"tsung_controller@ip-172-31-29-45"} 1 5.930470347648262 0.0 12.320037886760682 0.6024096385542169 3.13680518052024 25
stats: session 37 51332.08302702702 9305.937923360323 96110.993 31627.199 49128.343597633146 338
stats: users_count 45 603
stats: finish_users_count 37 375
stats: request 1168 43.13962585616424 37.84353869796669 502.129 5.682 38.89645112049365 12316
stats: connect 44 1.350522727272727 0.11126861205625613 24.909 1.057 1.623676258992806 556
stats: page 770 65.39169610389597 52.98168880803822 502.129 5.682 58.43019763616426 8207
stats: 302 627 7075
stats: 200 542 6410
stats: size_rcv 8478065 99354793
stats: newphase 0 4
stats: size_sent 917925 10467259
stats: connected 5 226
# stats: dump at 1574829517
stats: users 245 249
stats: {load,"tsung_controller@ip-172-31-29-45"} 1 0.0 0.0 0.0703125 0.0 0.015625 26
stats: {freemem,"tsung_controller@ip-172-31-29-45"} 1 3400.78515625 0.0 3502.92578125 3398.80859375 3457.4346454326924 26
stats: {recvpackets,"tsung_controller@ip-172-31-29-45"} 1 8647.0 0.0 8647 464 3592.92 25
stats: {sentpackets,"tsung_controller@ip-172-31-29-45"} 1 5118.0 0.0 5118 339 2096.8 25
stats: {cpu,"tsung_controller@ip-172-31-29-45"} 1 5.948717948717949 0.0 12.320037886760682 0.6024096385542169 3.244253840794395 26
stats: session 33 53818.17075757577 10774.519352352092 96110.993 31627.199 49345.779221333345 375
stats: users_count 50 653
stats: finish_users_count 33 408
stats: request 1346 49.60391604754826 45.02793589781862 502.129 5.682 39.26399992583801 13484
stats: connect 52 1.4910769230769227 0.8126411556948083 24.909 1.057 1.6036450000000002 600
stats: page 886 75.44893115124155 65.27795396377064 502.129 5.682 59.02731848056143 8977
stats: 302 718 7793
stats: 200 627 7037
stats: size_rcv 9844069 109198862
stats: newphase 0 4
stats: size_sent 1051552 11518811
stats: connected 20 246
# stats: dump at 1574829527
stats: users 255 260
stats: {load,"tsung_controller@ip-172-31-29-45"} 1 0.0 0.0 0.0703125 0.0 0.015046296296296295 27
stats: {freemem,"tsung_controller@ip-172-31-29-45"} 1 3376.875 0.0 3502.92578125 3376.875 3455.336516203704 27
stats: {recvpackets,"tsung_controller@ip-172-31-29-45"} 1 9462.0 0.0 9462 464 3787.3076923076924 26
stats: {sentpackets,"tsung_controller@ip-172-31-29-45"} 1 5444.0 0.0 5444 339 2213.0000000000005 26
stats: {cpu,"tsung_controller@ip-172-31-29-45"} 1 6.960081883316274 0.0 12.320037886760682 0.6024096385542169 3.344419178124897 27
stats: session 41 49811.10826829269 7829.739067250422 96110.993 31627.199 49707.516772058836 408
stats: users_count 51 704
stats: finish_users_count 41 449
stats: request 1399 52.45626447462462 46.50066501522163 502.129 5.682 40.20247107215102 14830
stats: connect 50 1.5358800000000001 1.1770868046155305 24.909 1.057 1.5946671779141106 652
stats: page 937 78.37815901814285 63.26972763218028 502.129 5.682 60.50248311872656 9863
stats: 302 735 8528
stats: 200 664 7701
stats: size_rcv 10221802 119420664
stats: newphase 0 4
stats: size_sent 1099338 12618149
stats: connected 7 253
# stats: dump at 1574829537
stats: users 271 273
stats: {load,"tsung_controller@ip-172-31-29-45"} 1 0.0 0.0 0.0703125 0.0 0.014508928571428572 28
stats: {freemem,"tsung_controller@ip-172-31-29-45"} 1 3374.8203125 0.0 3502.92578125 3374.8203125 3452.5343191964284 28
stats: {recvpackets,"tsung_controller@ip-172-31-29-45"} 1 10406.0 0.0 10406 464 3997.4814814814813 27
stats: {sentpackets,"tsung_controller@ip-172-31-29-45"} 1 5964.0 0.0 5964 339 2332.6666666666674 27
stats: {cpu,"tsung_controller@ip-172-31-29-45"} 1 8.061224489795919 0.0 12.320037886760682 0.6024096385542169 3.473549989024589 28
stats: session 48 50265.07079166668 8756.1795493563 96110.993 31627.199 49716.97612917596 449
stats: users_count 64 768
stats: finish_users_count 48 497
stats: request 1505 66.18764584717614 68.73044047112104 557.703 5.257 41.25879351777679 16229
stats: connect 65 1.3924 0.1643130033713798 24.909 1.057 1.5904800569800575 702
stats: page 1004 99.17587948207176 96.58136291051092 770.944 5.257 62.05336351851851 10800
stats: 302 789 9317
stats: 200 716 8417
stats: size_rcv 11082940 130503604
stats: newphase 0 4
stats: size_sent 1161438 13779587
stats: connected 20 273
# stats: dump at 1574829547
stats: users 292 293
stats: {load,"tsung_controller@ip-172-31-29-45"} 1 0.0 0.0 0.0703125 0.0 0.014008620689655173 29
stats: {freemem,"tsung_controller@ip-172-31-29-45"} 1 3360.12890625 0.0 3502.92578125 3360.12890625 3449.854525862069 29
stats: {recvpackets,"tsung_controller@ip-172-31-29-45"} 1 11043.0 0.0 11043 464 4226.357142857143 28
stats: {sentpackets,"tsung_controller@ip-172-31-29-45"} 1 6158.0 0.0 6158 339 2462.357142857144 28
stats: {cpu,"tsung_controller@ip-172-31-29-45"} 1 8.307692307692308 0.0 12.320037886760682 0.6024096385542169 3.6317456614649797 29
stats: session 38 49748.11857894738 6689.058021716584 96110.993 31627.199 49769.910824949715 497
stats: users_count 59 827
stats: finish_users_count 38 535
stats: request 1584 77.29212373737346 79.74022082198222 585.174 5.257 43.37438632006313 17734
stats: connect 56 1.415285714285714 0.14616926517442944 24.909 1.057 1.573693611473273 767
stats: page 1039 116.28348989412885 113.73557024543602 770.944 5.257 65.2108530159268 11804
stats: 302 849 10166
stats: 200 735 9152
stats: size_rcv 11374319 141877923
stats: newphase 0 4
stats: size_sent 1268484 15048071
stats: connected 19 292
# stats: dump at 1574829557
stats: users 314 317
stats: {load,"tsung_controller@ip-172-31-29-45"} 1 0.0 0.0 0.0703125 0.0 0.013541666666666667 30
stats: {freemem,"tsung_controller@ip-172-31-29-45"} 1 3357.765625 0.0 3502.92578125 3357.765625 3446.863671875 30
stats: {recvpackets,"tsung_controller@ip-172-31-29-45"} 1 11758.0 0.0 11758 464 4461.413793103448 29
stats: {sentpackets,"tsung_controller@ip-172-31-29-45"} 1 6336.0 0.0 6336 339 2589.7931034482767 29
stats: {cpu,"tsung_controller@ip-172-31-29-45"} 1 8.811475409836065 0.0 12.320037886760682 0.6024096385542169 3.787610549672557 30
stats: session 52 51109.37244230772 8756.812252789641 96110.993 31627.199 49768.362964486 535
stats: users_count 74 901
stats: finish_users_count 52 587
stats: request 1662 123.7429073405536 122.15494738151055 772.735 5.257 46.15550735065737 19318
stats: connect 76 1.5201315789473682 0.9923350233043551 24.909 1.057 1.5629149453219933 823
stats: page 1110 186.63894414414438 177.0131306548656 859.375 5.257 69.34263450907108 12843
stats: 302 869 11035
stats: 200 793 9945
stats: size_rcv 12295365 154173288
stats: newphase 1 5
stats: size_sent 1271572 16319643
stats: connected 24 316
# stats: dump at 1574829567
stats: users 356 358
stats: {load,"tsung_controller@ip-172-31-29-45"} 1 0.0 0.0 0.0703125 0.0 0.01310483870967742 31
stats: {freemem,"tsung_controller@ip-172-31-29-45"} 1 3355.35546875 0.0 3502.92578125 3355.35546875 3443.9895413306454 31
stats: {recvpackets,"tsung_controller@ip-172-31-29-45"} 1 12595.0 0.0 12595 464 4704.633333333333 30
stats: {sentpackets,"tsung_controller@ip-172-31-29-45"} 1 6964.0 0.0 6964 339 2714.6666666666674 30
stats: {cpu,"tsung_controller@ip-172-31-29-45"} 1 9.362139917695474 0.0 12.320037886760682 0.6024096385542169 3.949670706452025 31
stats: session 55 53354.55416363636 10675.824572377313 96110.993 31627.199 49887.157671209556 587
stats: users_count 97 998
stats: finish_users_count 55 642
stats: request 1762 116.66984052213388 118.98640541300004 772.735 5.257 52.301849523355536 20980
stats: connect 97 1.332628865979382 0.18162078538047116 24.909 1.036 1.5592981090100115 899
stats: page 1199 170.25804670558813 172.90150140891114 1033.05 5.257 78.67388253422205 13953
stats: 302 907 11942
stats: 200 855 10800
stats: size_rcv 12927336 167100624
stats: newphase 0 5
stats: size_sent 1363520 17683163
stats: connected 40 356
# stats: dump at 1574829577
stats: users 417 418
stats: {load,"tsung_controller@ip-172-31-29-45"} 1 0.0 0.0 0.0703125 0.0 0.0126953125 32
stats: {freemem,"tsung_controller@ip-172-31-29-45"} 1 3334.796875 0.0 3502.92578125 3334.796875 3441.2197265625 32
stats: {recvpackets,"tsung_controller@ip-172-31-29-45"} 1 13039.0 0.0 13039 464 4959.1612903225805 31
stats: {sentpackets,"tsung_controller@ip-172-31-29-45"} 1 7338.0 0.0 7338 339 2851.741935483872 31
stats: {cpu,"tsung_controller@ip-172-31-29-45"} 1 9.558067831449128 0.0 12.320037886760682 0.6024096385542169 4.118810369303383 32
stats: session 54 51509.43583333334 9862.987904829699 96110.993 31627.199 50184.20877258568 642
stats: users_count 115 1113
stats: finish_users_count 54 696
stats: request 1807 277.12647592695043 213.91643024386724 1113.292 5.257 57.28893949520706 22742
stats: connect 118 1.4985338983050849 0.8236389973789774 24.909 1.036 1.5372228915662656 996
stats: page 1216 407.8323453947369 346.63318050582143 1594.934 5.257 85.92107187170012 15152
stats: 302 913 12855
stats: 200 894 11694
stats: size_rcv 13565513 180666137
stats: newphase 0 5
stats: size_sent 1416844 19100007
stats: connected 62 418
# stats: dump at 1574829587
stats: users 465 466
stats: {load,"tsung_controller@ip-172-31-29-45"} 1 0.0 0.0 0.0703125 0.0 0.01231060606060606 33
stats: {freemem,"tsung_controller@ip-172-31-29-45"} 1 3316.31640625 0.0 3502.92578125 3316.31640625 3437.9947916666665 33
stats: {recvpackets,"tsung_controller@ip-172-31-29-45"} 1 13829.0 0.0 13829 464 5211.65625 32
stats: {sentpackets,"tsung_controller@ip-172-31-29-45"} 1 7670.0 0.0 7670 339 2991.937500000001 32
stats: {cpu,"tsung_controller@ip-172-31-29-45"} 1 10.860655737704917 0.0 12.320037886760682 0.6024096385542169 4.28363635300477 33
stats: session 37 52780.23408108109 9979.317263421102 96110.993 31627.199 50287.02811350576 696
stats: users_count 85 1198
stats: finish_users_count 37 733
stats: request 1786 579.242211086224 286.3685647538994 1449.386 5.257 73.47071587437364 24549
stats: connect 81 1.310024691358025 0.16438564829584573 24.909 1.036 1.5331247755834834 1114
stats: page 1157 859.9941477960231 550.6435075972895 2017.34 5.257 109.83627889784948 16368
stats: 302 943 13798
stats: 200 843 12537
stats: size_rcv 13175088 193841225
stats: newphase 0 5
stats: size_sent 1454382 20554389
stats: connected 46 464
# stats: dump at 1574829597
stats: users 540 541
stats: {load,"tsung_controller@ip-172-31-29-45"} 1 0.0 0.0 0.0703125 0.0 0.011948529411764705 34
stats: {freemem,"tsung_controller@ip-172-31-29-45"} 1 3295.8359375 0.0 3502.92578125 3295.8359375 3434.416015625 34
stats: {recvpackets,"tsung_controller@ip-172-31-29-45"} 1 13810.0 0.0 13829 464 5472.787878787879 33
stats: {sentpackets,"tsung_controller@ip-172-31-29-45"} 1 7585.0 0.0 7670 339 3133.6969696969704 33
stats: {cpu,"tsung_controller@ip-172-31-29-45"} 1 9.12863070539419 0.0 12.320037886760682 0.6024096385542169 4.477078099613598 34
stats: session 30 58867.93716666668 10621.381465908564 96110.993 31627.199 50412.87889222375 733
stats: users_count 105 1303
stats: finish_users_count 30 763
stats: request 1832 795.1296812227071 284.05690089277095 1691.927 5.257 107.77137622935236 26335
stats: connect 105 1.3367142857142862 0.18588310275857908 24.909 1.036 1.5180025104602515 1195
stats: page 1203 1186.6741122194526 639.9365812397645 2594.996 5.257 159.36167999999992 17525
stats: 302 955 14753
stats: 200 877 13414
stats: size_rcv 13745380 207586605
stats: newphase 0 5
stats: size_sent 1466349 22020738
stats: connected 73 537
# stats: dump at 1574829607
stats: users 610 610
stats: {load,"tsung_controller@ip-172-31-29-45"} 1 0.0 0.0 0.0703125 0.0 0.011607142857142858 35
stats: {freemem,"tsung_controller@ip-172-31-29-45"} 1 3248.9296875 0.0 3502.92578125 3248.9296875 3430.4565848214284 35
stats: {recvpackets,"tsung_controller@ip-172-31-29-45"} 1 13950.0 0.0 13950 464 5718.0 34
stats: {sentpackets,"tsung_controller@ip-172-31-29-45"} 1 7702.0 0.0 7702 339 3264.6176470588243 34
stats: {cpu,"tsung_controller@ip-172-31-29-45"} 1 10.574948665297741 0.0 12.320037886760682 0.6024096385542169 4.6099796026359 35
stats: session 32 64286.984437499996 12537.34621466905 102738.126 31627.199 50745.31892922675 763
stats: users_count 102 1405
stats: finish_users_count 32 795
stats: request 1877 1194.4941923281863 267.8132751908271 1823.18 5.257 152.47760744843234 28167
stats: connect 102 1.4585686274509804 0.2800461274961093 24.909 1.036 1.5033600000000005 1300
stats: page 1211 1824.3880561519422 826.3082742508428 3150.2 5.257 225.3514736757796 18728
stats: 302 998 15751
stats: 200 879 14293
stats: size_rcv 13968202 221554807
stats: newphase 0 5
stats: size_sent 1486209 23506947
stats: connected 68 605
# stats: dump at 1574829617
stats: users 727 727
stats: {load,"tsung_controller@ip-172-31-29-45"} 1 0.0 0.0 0.0703125 0.0 0.011284722222222222 36
stats: {freemem,"tsung_controller@ip-172-31-29-45"} 1 3210.15625 0.0 3502.92578125 3210.15625 3425.414171006944 36
stats: {recvpackets,"tsung_controller@ip-172-31-29-45"} 1 14407.0 0.0 14407 464 5953.2 35
stats: {sentpackets,"tsung_controller@ip-172-31-29-45"} 1 7742.0 0.0 7742 339 3391.400000000001 35
stats: {cpu,"tsung_controller@ip-172-31-29-45"} 1 10.894141829393627 0.0 12.320037886760682 0.6024096385542169 4.77567318770984 36
stats: session 30 64150.00563333333 7541.122124468317 102738.126 31627.199 51290.39225786164 795
stats: users_count 147 1552
stats: finish_users_count 30 825
stats: request 2204 1129.4950880217732 600.673135610931 2633.75 0.687 217.57763174011447 30044
stats: connect 258 1.4227364341085265 0.9928662097070189 24.909 0.964 1.5001012838801717 1402
stats: page 1473 1666.0538024439888 1131.2668943055512 3718.775 0.764 322.46934826219984 19939
stats: 302 891 16642
stats: 200 884 15177
stats: size_rcv 13887879 235442686
stats: newphase 1 6
stats: 502 211 211
stats: 422 45 45
stats: size_sent 1584069 25091016
stats: connected 56 661
stats: 400 173 173
# stats: dump at 1574829627
stats: users 854 854
stats: {load,"tsung_controller@ip-172-31-29-45"} 1 0.1484375 0.0 0.1484375 0.0 0.01097972972972973 37
stats: {freemem,"tsung_controller@ip-172-31-29-45"} 1 3172.55078125 0.0 3502.92578125 3172.55078125 3419.596389358108 37
stats: {recvpackets,"tsung_controller@ip-172-31-29-45"} 1 15859.0 0.0 15859 464 6188.027777777777 36
stats: {sentpackets,"tsung_controller@ip-172-31-29-45"} 1 9229.0 0.0 9229 339 3512.250000000001 36
stats: {cpu,"tsung_controller@ip-172-31-29-45"} 1 20.507614213197968 0.0 20.507614213197968 0.6024096385542169 4.941037205052645 37
stats: session 57 69991.13163157893 10887.788451794282 107533.131 31627.199 51758.01456242425 825
stats: users_count 184 1736
stats: finish_users_count 57 882
stats: request 2918 876.018133995887 742.7547502702381 2633.75 0.687 279.90292551476017 32248
stats: connect 685 1.5634642335766413 1.4115556994027492 24.909 0.825 1.4880771084337352 1660
stats: page 1943 1316.2106937725182 1286.0075263542947 4148.111 0.762 414.89882243601716 21412
stats: 302 797 17439
stats: 200 919 16096
stats: size_rcv 14792672 250235358
stats: newphase 0 6
stats: 502 489 700
stats: 422 128 173
stats: size_sent 1921790 27012806
stats: connected 44 705
stats: 400 585 758
# stats: dump at 1574829637
stats: users 937 937
stats: {load,"tsung_controller@ip-172-31-29-45"} 1 0.12109375 0.0 0.1484375 0.0 0.01459703947368421 38
stats: {freemem,"tsung_controller@ip-172-31-29-45"} 1 3152.53125 0.0 3502.92578125 3152.53125 3413.0951891447367 38
stats: {recvpackets,"tsung_controller@ip-172-31-29-45"} 1 18925.0 0.0 18925 464 6449.405405405405 37
stats: {sentpackets,"tsung_controller@ip-172-31-29-45"} 1 12122.0 0.0 12122 339 3666.7567567567576 37
stats: {cpu,"tsung_controller@ip-172-31-29-45"} 1 31.39418254764293 0.0 31.39418254764293 0.6024096385542169 5.350683968424891 38
stats: session 79 71648.09208860758 7848.341091121303 107533.131 31627.199 52936.34525736962 882
stats: users_count 162 1898
stats: finish_users_count 79 961
stats: request 3557 718.0349415237575 721.7857310462974 2633.75 0.68 329.3672995791385 35166
stats: connect 1052 1.8466150190114112 2.1932320424213447 24.909 0.77 1.5100985074626865 2345
stats: page 2361 1093.9173070732745 1217.20786198673 4148.111 0.762 489.8827216441876 23355
stats: 302 783 18222
stats: 200 955 17051
stats: size_rcv 15461448 265696806
stats: newphase 0 6
stats: 502 668 1368
stats: 422 214 387
stats: size_sent 2253008 29265814
stats: connected 36 741
stats: 400 937 1695
# stats: dump at 1574829647
stats: users 1019 1019
stats: {load,"tsung_controller@ip-172-31-29-45"} 1 0.328125 0.0 0.328125 0.0 0.01732772435897436 39
stats: {freemem,"tsung_controller@ip-172-31-29-45"} 1 3118.55859375 0.0 3502.92578125 3118.55859375 3406.4140625 39
stats: {recvpackets,"tsung_controller@ip-172-31-29-45"} 1 21818.0 0.0 21818 464 6777.710526315789 38
stats: {sentpackets,"tsung_controller@ip-172-31-29-45"} 1 14596.0 0.0 14596 339 3889.2631578947376 38
stats: {cpu,"tsung_controller@ip-172-31-29-45"} 1 36.87374749498998 0.0 36.87374749498998 0.6024096385542169 6.018465983276635 39
stats: session 85 73680.65801176471 10796.809082644895 139136.203 31627.199 54474.56377939646 961
stats: users_count 167 2065
stats: finish_users_count 85 1046
stats: request 4427 582.7004648746315 753.9942455714308 2633.75 0.669 365.0693578493399 38723
stats: connect 1579 2.0767017099430087 2.3687646024729134 24.909 0.77 1.6143126287901102 3397
stats: page 2894 889.8539060124403 1217.041023771042 4162.153 0.742 545.3394667133304 25716
stats: 302 673 18895
stats: 200 875 17926
stats: size_rcv 14764697 280461503
stats: newphase 0 6
stats: 502 1037 2405
stats: 422 308 695
stats: size_sent 2632638 31898452
stats: connected -32 709
stats: 400 1524 3219
stats: 500 10 10
# stats: dump at 1574829657
stats: users 1044 1051
stats: {load,"tsung_controller@ip-172-31-29-45"} 1 0.26953125 0.0 0.328125 0.0 0.02509765625 40
stats: {freemem,"tsung_controller@ip-172-31-29-45"} 1 3115.9453125 0.0 3502.92578125 3115.9453125 3399.21767578125 40
stats: {recvpackets,"tsung_controller@ip-172-31-29-45"} 1 24346.0 0.0 24346 464 7163.358974358975 39
stats: {sentpackets,"tsung_controller@ip-172-31-29-45"} 1 17442.0 0.0 17442 339 4163.794871794873 39
stats: {cpu,"tsung_controller@ip-172-31-29-45"} 1 41.41315014720314 0.0 41.41315014720314 0.6024096385542169 6.789848021069469 40
stats: session 128 72673.09214843757 14978.662722568892 139136.203 31627.199 56035.2884541109 1046
stats: users_count 153 2218
stats: finish_users_count 128 1174
stats: request 4815 536.8023021806912 735.1667942993813 2775.464 0.669 387.39735114716063 43150
stats: connect 1938 2.3755412796697586 2.720300630202078 29.528 0.759 1.761039389067527 4976
stats: page 3179 816.5170949984266 1175.4497868567414 4219.158 0.742 580.1882883607133 28610
stats: 302 646 19541
stats: 200 873 18799
stats: size_rcv 14601811 295063314
stats: newphase 0 6
stats: 502 1100 3505
stats: 422 369 1064
stats: size_sent 2788175 34686627
stats: connected 16 725
stats: 400 1795 5014
stats: 500 32 42
# stats: dump at 1574829667
stats: users 1047 1054
stats: {load,"tsung_controller@ip-172-31-29-45"} 1 0.390625 0.0 0.390625 0.0 0.031059451219512195 41
stats: {freemem,"tsung_controller@ip-172-31-29-45"} 1 3112.796875 0.0 3502.92578125 3112.796875 3392.30859375 41
stats: {recvpackets,"tsung_controller@ip-172-31-29-45"} 1 26241.0 0.0 26241 464 7592.925 40
stats: {sentpackets,"tsung_controller@ip-172-31-29-45"} 1 19102.0 0.0 19102 339 4495.750000000002 40
stats: {cpu,"tsung_controller@ip-172-31-29-45"} 1 42.84332688588008 0.0 42.84332688588008 0.6024096385542169 7.634318804633705 41
stats: session 145 68945.44674482755 14329.01906130004 139136.203 31627.199 57849.29090119251 1174
stats: users_count 148 2366
stats: finish_users_count 145 1319
stats: request 4956 507.9344794188844 728.8619857456226 2775.464 0.669 402.39547142708244 47965
stats: connect 1988 2.974213279678072 3.606774619060763 29.528 0.759 1.9332847844952281 6914
stats: page 3279 761.213176578221 1158.3565694393656 4498.842 0.742 603.8219124539937 31789
stats: 302 603 20144
stats: 200 850 19649
stats: size_rcv 14615381 309678695
stats: newphase 0 6
stats: 502 1226 4731
stats: 422 363 1427
stats: size_sent 2866747 37553374
stats: connected -19 706
stats: 400 1861 6875
stats: 500 53 95
# stats: dump at 1574829677
stats: users 1036 1056
stats: {load,"tsung_controller@ip-172-31-29-45"} 1 0.48046875 0.0 0.48046875 0.0 0.03962053571428571 42
stats: {freemem,"tsung_controller@ip-172-31-29-45"} 1 3116.95703125 0.0 3502.92578125 3112.796875 3385.6535528273807 42
stats: {recvpackets,"tsung_controller@ip-172-31-29-45"} 1 26210.0 0.0 26241 464 8047.756097560976 41
stats: {sentpackets,"tsung_controller@ip-172-31-29-45"} 1 19052.0 0.0 19102 339 4852.000000000002 41
stats: {cpu,"tsung_controller@ip-172-31-29-45"} 1 43.051506316812436 0.0 43.051506316812436 0.6024096385542169 8.472628520853856 42
stats: session 177 64889.14433898305 14840.79412087982 139136.203 31627.199 59069.11091432904 1319
stats: users_count 166 2532
stats: finish_users_count 177 1496
stats: request 4654 534.7052241082916 772.0322589556454 2949.03 0.669 412.27909652122975 52921
stats: connect 1934 2.7792430196483955 3.2532137377468335 29.528 0.759 2.1657455627948794 8902
stats: page 3117 806.8989326275278 1220.241884881925 5157.24 0.742 618.5386329702291 35068
stats: 302 539 20683
stats: 200 769 20418
stats: size_rcv 13443748 323122443
stats: newphase 1 7
stats: 502 1128 5859
stats: 422 378 1805
stats: size_sent 2674027 40227401
stats: connected 17 723
stats: 400 1753 8628
stats: 500 87 182
# stats: dump at 1574829687
stats: users 1057 1058
stats: {load,"tsung_controller@ip-172-31-29-45"} 1 0.3984375 0.0 0.48046875 0.0 0.04987281976744186 43
stats: {freemem,"tsung_controller@ip-172-31-29-45"} 1 3119.57421875 0.0 3502.92578125 3112.796875 3379.404796511628 43
stats: {recvpackets,"tsung_controller@ip-172-31-29-45"} 1 25401.0 0.0 26241 464 8480.190476190477 42
stats: {sentpackets,"tsung_controller@ip-172-31-29-45"} 1 18921.0 0.0 19102 339 5190.09523809524 42
stats: {cpu,"tsung_controller@ip-172-31-29-45"} 1 41.91033138401559 0.0 43.051506316812436 0.6024096385542169 9.27678846959708 43
stats: session 170 61330.78797058824 12302.461367201087 139136.203 31627.199 59757.71112566846 1496
stats: users_count 191 2723
stats: finish_users_count 170 1666
stats: request 4721 545.9847203982229 750.7859315981689 2949.03 0.669 422.1752528006945 57575
stats: connect 1906 2.4315115424973808 2.834997798860078 29.528 0.759 2.2752420634920645 10836
stats: page 3189 800.6722038256536 1171.0190442026883 5157.24 0.742 633.9142792719654 38185
stats: 302 578 21261
stats: 200 854 21272
stats: size_rcv 14351949 337474392
stats: newphase 0 7
stats: 502 1131 6990
stats: 422 384 2189
stats: size_sent 2717114 42944515
stats: connected 54 777
stats: 400 1675 10303
stats: 500 99 281
# stats: dump at 1574829697
stats: users 1110 1116
stats: {load,"tsung_controller@ip-172-31-29-45"} 1 0.6484375 0.0 0.6484375 0.0 0.057794744318181816 44
stats: {freemem,"tsung_controller@ip-172-31-29-45"} 1 3120.01953125 0.0 3502.92578125 3112.796875 3373.4995561079545 44
stats: {recvpackets,"tsung_controller@ip-172-31-29-45"} 1 25581.0 0.0 26241 464 8873.697674418607 43
stats: {sentpackets,"tsung_controller@ip-172-31-29-45"} 1 18623.0 0.0 19102 339 5509.418604651165 43
stats: {cpu,"tsung_controller@ip-172-31-29-45"} 1 41.52952565343659 0.0 43.051506316812436 0.6024096385542169 10.018459899470228 44
stats: session 156 64747.3125 12521.676242740637 139136.203 31627.199 59918.22917106844 1666
stats: users_count 209 2932
stats: finish_users_count 156 1822
stats: request 4847 526.9147947183872 795.7015481088449 3023.502 0.669 431.5579498683703 62296
stats: connect 1955 2.4951186700767227 2.9000894243614908 29.528 0.759 2.2986174854810875 12742
stats: page 3256 787.3484883292377 1246.4472817698395 5157.24 0.742 646.7675451249579 41374
stats: 302 517 21778
stats: 200 799 22071
stats: size_rcv 13764918 351239310
stats: newphase 0 7
stats: 502 1264 8254
stats: 422 389 2578
stats: size_sent 2758488 45703003
stats: connected -8 769
stats: 400 1807 12110
stats: 500 72 353
# stats: dump at 1574829707
stats: users 1134 1137
stats: {load,"tsung_controller@ip-172-31-29-45"} 1 0.859375 0.0 0.859375 0.0 0.07092013888888889 45
stats: {freemem,"tsung_controller@ip-172-31-29-45"} 1 3127.3203125 0.0 3502.92578125 3112.796875 3367.866666666667 45
stats: {recvpackets,"tsung_controller@ip-172-31-29-45"} 1 25519.0 0.0 26241 464 9253.409090909094 44
stats: {sentpackets,"tsung_controller@ip-172-31-29-45"} 1 19050.0 0.0 19102 339 5807.454545454548 44
stats: {cpu,"tsung_controller@ip-172-31-29-45"} 1 40.97560975609756 0.0 43.051506316812436 0.6024096385542169 10.718705805113926 45
stats: session 161 65411.94668944099 14487.97313279981 139136.203 31627.199 60331.69623984633 1822
stats: users_count 185 3117
stats: finish_users_count 161 1983
stats: request 5165 499.60214946757117 766.8725522252034 3091.509 0.669 438.44168498577693 67143
stats: connect 2152 2.8815074349442424 3.658754345730014 34.583 0.759 2.3247561407089887 14697
stats: page 3428 748.5495172111996 1192.2770668477938 5218.321 0.742 657.0236856374637 44630
stats: 302 535 22313
stats: 200 807 22878
stats: size_rcv 13495529 364734839
stats: newphase 0 7
stats: 502 1327 9581
stats: 422 417 2995
stats: size_sent 2911371 48614374
stats: connected -16 753
stats: 400 2005 14115
stats: 500 74 427
# stats: dump at 1574829717
stats: users 1184 1192
stats: {load,"tsung_controller@ip-172-31-29-45"} 1 0.73046875 0.0 0.859375 0.0 0.08806046195652174 46
stats: {freemem,"tsung_controller@ip-172-31-29-45"} 1 3137.91796875 0.0 3502.92578125 3112.796875 3362.637398097826 46
stats: {recvpackets,"tsung_controller@ip-172-31-29-45"} 1 25934.0 0.0 26241 464 9614.866666666669 45
stats: {sentpackets,"tsung_controller@ip-172-31-29-45"} 1 19692.0 0.0 19692 339 6101.733333333336 45
stats: {cpu,"tsung_controller@ip-172-31-29-45"} 1 43.34305150631681 0.0 43.34305150631681 0.6024096385542169 11.376464586657049 46
stats: session 154 64565.71889610388 13062.418670165585 139136.203 31627.199 60744.16236308624 1983
stats: users_count 204 3321
stats: finish_users_count 154 2137
stats: request 5346 487.229305274974 750.9185130504064 3091.509 0.669 442.81041042484964 72308
stats: connect 2318 2.8765030198446944 3.371340211809153 34.583 0.759 2.395865926761233 16849
stats: page 3556 733.0511189538811 1188.7318638581746 5218.321 0.742 663.5522667401889 48058
stats: 302 527 22840
stats: 200 886 23764
stats: size_rcv 15121075 379855914
stats: newphase 0 7
stats: 502 1295 10876
stats: 422 437 3432
stats: size_sent 2972337 51586711
stats: connected 46 799
stats: 400 2115 16230
stats: 500 85 512
# stats: dump at 1574829727
stats: users 1237 1238
stats: {load,"tsung_controller@ip-172-31-29-45"} 1 0.76171875 0.0 0.859375 0.0 0.10172872340425532 47
stats: {freemem,"tsung_controller@ip-172-31-29-45"} 1 3131.72265625 0.0 3502.92578125 3112.796875 3357.856133643617 47
stats: {recvpackets,"tsung_controller@ip-172-31-29-45"} 1 28435.0 0.0 28435 464 9969.630434782612 46
stats: {sentpackets,"tsung_controller@ip-172-31-29-45"} 1 21241.0 0.0 21241 339 6397.173913043481 46
stats: {cpu,"tsung_controller@ip-172-31-29-45"} 1 43.1237721021611 0.0 43.34305150631681 0.6024096385542169 12.056604733883852 47
stats: session 153 63344.594555555595 13755.97116662945 139136.203 31627.199 61019.5576396818 2137
stats: users_count 206 3527
stats: finish_users_count 153 2290
stats: request 5842 439.7580234508736 708.7151115588986 3091.509 0.669 445.86837797151514 77654
stats: connect 2515 3.5743041749502984 3.864931104157376 34.583 0.759 2.4539927479522103 19167
stats: page 3862 675.3347545313308 1129.5039099760552 5218.321 0.742 668.3404621614291 51614
stats: 302 551 23391
stats: 200 843 24607
stats: size_rcv 15001136 394857050
stats: newphase 0 7
stats: 502 1527 12403
stats: 422 461 3893
stats: size_sent 3262132 54848843
stats: connected -7 792
stats: 400 2369 18599
stats: 500 91 603
# stats: dump at 1574829737
stats: users 1256 1260
stats: {load,"tsung_controller@ip-172-31-29-45"} 1 0.80859375 0.0 0.859375 0.0 0.115478515625 48
stats: {freemem,"tsung_controller@ip-172-31-29-45"} 1 3133.72265625 0.0 3502.92578125 3112.796875 3353.14501953125 48
stats: {recvpackets,"tsung_controller@ip-172-31-29-45"} 1 29352.0 0.0 29352 464 10362.510638297876 47
stats: {sentpackets,"tsung_controller@ip-172-31-29-45"} 1 22221.0 0.0 22221 339 6713.000000000003 47
stats: {cpu,"tsung_controller@ip-172-31-29-45"} 1 44.830917874396135 0.0 44.830917874396135 0.6024096385542169 12.703837387389626 48
stats: session 193 63830.0673212435 15657.491386633656 139136.203 31627.199 61174.89853406114 2290
stats: users_count 212 3739
stats: finish_users_count 193 2483
stats: request 5967 428.554319255907 721.4201752379581 3091.509 0.669 445.44085220848956 83496
stats: connect 2636 3.131399468892268 3.3578792389608565 34.583 0.759 2.583943086431142 21682
stats: page 3979 634.9485991455143 1102.9201615661202 5218.321 0.742 668.8273746484966 55476
stats: 302 522 23913
stats: 200 803 25410
stats: size_rcv 13941350 408798400
stats: newphase 1 8
stats: 502 1668 14071
stats: 422 448 4341
stats: size_sent 3276221 58125064
stats: connected 17 809
stats: 400 2425 21024
stats: 500 101 704
# stats: dump at 1574829747
stats: users 1295 1295
stats: {load,"tsung_controller@ip-172-31-29-45"} 1 0.75 0.0 0.859375 0.0 0.12962372448979592 49
stats: {freemem,"tsung_controller@ip-172-31-29-45"} 1 3137.25 0.0 3502.92578125 3112.796875 3348.667012117347 49
stats: {recvpackets,"tsung_controller@ip-172-31-29-45"} 1 29153.0 0.0 29352 464 10758.125000000004 48
stats: {sentpackets,"tsung_controller@ip-172-31-29-45"} 1 22689.0 0.0 22689 339 7036.083333333336 48
stats: {cpu,"tsung_controller@ip-172-31-29-45"} 1 44.15204678362573 0.0 44.830917874396135 0.6024096385542169 13.359492091206086 49
stats: session 196 62264.231076530596 13701.639171722643 139136.203 31627.199 61381.28096496174 2483
stats: users_count 235 3974
stats: finish_users_count 196 2679
stats: request 6008 436.39650532623097 751.721281076139 3325.479 0.669 444.3145548327246 89463
stats: connect 2686 3.089555472822043 3.451580066438977 34.583 0.759 2.643285755407519 24318
stats: page 4009 657.1693584435002 1153.8112705840933 5331.866 0.742 666.5600523421075 59455
stats: 302 482 24395
stats: 200 819 26229
stats: size_rcv 14250407 423048807
stats: newphase 0 8
stats: 502 1663 15734
stats: 422 475 4816
stats: size_sent 3276479 61401543
stats: connected 19 828
stats: 400 2469 23493
stats: 500 100 804
# stats: dump at 1574829757
stats: users 1321 1335
stats: {load,"tsung_controller@ip-172-31-29-45"} 1 1.01953125 0.0 1.01953125 0.0 0.14203125 50
stats: {freemem,"tsung_controller@ip-172-31-29-45"} 1 3133.77734375 0.0 3502.92578125 3112.796875 3344.438671875 50
stats: {recvpackets,"tsung_controller@ip-172-31-29-45"} 1 29846.0 0.0 29846 464 11133.530612244902 49
stats: {sentpackets,"tsung_controller@ip-172-31-29-45"} 1 22921.0 0.0 22921 339 7355.5306122449 49
stats: {cpu,"tsung_controller@ip-172-31-29-45"} 1 44.51988360814743 0.0 44.830917874396135 0.6024096385542169 13.975343185054477 50
stats: session 208 61489.47508173072 14056.60260399691 139136.203 31627.199 61445.87903210153 2679
stats: users_count 234 4208
stats: finish_users_count 208 2887
stats: request 6158 418.1863062682678 714.6706549971948 3325.479 0.669 443.81627115040203 95471
stats: connect 2737 3.434699671172815 3.682119555840593 34.583 0.759 2.6876747518886113 27004
stats: page 4131 624.8976381021532 1106.5421267770946 5331.866 0.741 665.9668452981216 63464
stats: 302 498 24893
stats: 200 861 27090
stats: size_rcv 14863331 437912138
stats: newphase 0 8
stats: 502 1752 17486
stats: 422 459 5275
stats: size_sent 3371025 64772568
stats: connected 42 870
stats: 400 2488 25981
stats: 500 101 905
# stats: dump at 1574829767
stats: users 1351 1356
stats: {load,"tsung_controller@ip-172-31-29-45"} 1 0.94140625 0.0 1.01953125 0.0 0.15923713235294118 51
stats: {freemem,"tsung_controller@ip-172-31-29-45"} 1 3133.12109375 0.0 3502.92578125 3112.796875 3340.3080575980393 51
stats: {recvpackets,"tsung_controller@ip-172-31-29-45"} 1 30430.0 0.0 30430 464 11507.780000000004 50
stats: {sentpackets,"tsung_controller@ip-172-31-29-45"} 1 23548.0 0.0 23548 339 7666.840000000002 50
stats: {cpu,"tsung_controller@ip-172-31-29-45"} 1 44.81086323957323 0.0 44.830917874396135 0.6024096385542169 14.574255742370026 51
stats: session 195 61820.237897435894 13349.082128492451 139136.203 31627.199 61449.02000138553 2887
stats: users_count 225 4433
stats: finish_users_count 195 3082
stats: request 6512 394.15337868550205 745.8046888222818 3325.479 0.669 442.26327620069105 101629
stats: connect 2908 3.2892524071526843 3.468444248813827 34.583 0.759 2.7564218419017537 29741
stats: page 4319 589.7237564250985 1122.940907357441 5899.651 0.741 663.4569422738366 67595
stats: 302 452 25345
stats: 200 778 27868
stats: size_rcv 13667421 451579559
stats: newphase 0 8
stats: 502 1971 19457
stats: 422 442 5717
stats: size_sent 3520953 68293521
stats: connected -66 804
stats: 400 2777 28758
stats: 500 91 996
# stats: dump at 1574829777
stats: users 1398 1403
stats: {load,"tsung_controller@ip-172-31-29-45"} 1 1.1015625 0.0 1.1015625 0.0 0.17427884615384615 52
stats: {freemem,"tsung_controller@ip-172-31-29-45"} 1 3134.609375 0.0 3502.92578125 3112.796875 3336.323692908654 52
stats: {recvpackets,"tsung_controller@ip-172-31-29-45"} 1 30688.0 0.0 30688 464 11878.803921568631 51
stats: {sentpackets,"tsung_controller@ip-172-31-29-45"} 1 24474.0 0.0 24474 339 7978.23529411765 51
stats: {cpu,"tsung_controller@ip-172-31-29-45"} 1 44.45506692160612 0.0 44.830917874396135 0.6024096385542169 15.155728963470088 52
stats: session 196 62222.66565816328 14741.467115877022 139136.203 31627.199 61472.507181700195 3082
stats: users_count 243 4676
stats: finish_users_count 196 3278
stats: request 6506 380.99878419920174 721.9953060541661 3325.479 0.669 439.3662098464044 108141
stats: connect 3062 4.074094382756385 4.412111802272858 34.583 0.759 2.8038803026126393 32649
stats: page 4330 579.9843348729796 1127.0993240246296 5899.651 0.741 659.0286858887001 71914
stats: 302 417 25762
stats: 200 800 28668
stats: size_rcv 14107770 465687329
stats: newphase 0 8
stats: 502 1916 21373
stats: 422 468 6185
stats: size_sent 3465935 71759456
stats: connected 66 870
stats: 400 2809 31567
stats: 500 96 1092
# stats: dump at 1574829787
stats: users 1406 1423
stats: {load,"tsung_controller@ip-172-31-29-45"} 1 1.25 0.0 1.25 0.0 0.19177476415094338 53
stats: {freemem,"tsung_controller@ip-172-31-29-45"} 1 3132.50390625 0.0 3502.92578125 3112.796875 3332.5177623820755 53
stats: {recvpackets,"tsung_controller@ip-172-31-29-45"} 1 32359.0 0.0 32359 464 12240.519230769236 52
stats: {sentpackets,"tsung_controller@ip-172-31-29-45"} 1 25758.0 0.0 25758 339 8295.46153846154 52
stats: {cpu,"tsung_controller@ip-172-31-29-45"} 1 46.03330068560235 0.0 46.03330068560235 0.6024096385542169 15.708546660793408 53
stats: session 225 62307.89004000002 13748.007961090343 139136.203 31627.199 61517.3610747407 3278
stats: users_count 233 4909
stats: finish_users_count 225 3503
stats: request 6904 374.7087840382369 731.7840756548313 3831.293 0.669 436.05396904410946 114647
stats: connect 3209 3.94263633530695 4.361528466730025 52.632 0.759 2.9127933969925266 35711
stats: page 4583 562.9634163211884 1117.250583890328 6587.372 0.741 654.5396501626356 76244
stats: 302 427 26189
stats: 200 801 29469
stats: size_rcv 13932600 479619929
stats: newphase 0 8
stats: 502 2095 23468
stats: 422 459 6644
stats: size_sent 3679543 75438999
stats: connected -29 841
stats: 400 3014 34581
stats: 500 108 1200
# stats: dump at 1574829797
stats: users 1481 1481
stats: {load,"tsung_controller@ip-172-31-29-45"} 1 1.19921875 0.0 1.25 0.0 0.2113715277777778 54
stats: {freemem,"tsung_controller@ip-172-31-29-45"} 1 3133.953125 0.0 3502.92578125 3112.796875 3328.8138020833335 54
stats: {recvpackets,"tsung_controller@ip-172-31-29-45"} 1 32665.0 0.0 32665 464 12620.113207547174 53
stats: {sentpackets,"tsung_controller@ip-172-31-29-45"} 1 25987.0 0.0 25987 339 8624.943396226417 53
stats: {cpu,"tsung_controller@ip-172-31-29-45"} 1 45.85365853658537 0.0 46.03330068560235 0.6024096385542169 16.270116179771353 54
stats: session 223 59445.31443946189 12730.96945804166 139136.203 31627.199 61568.137271481595 3503
stats: users_count 298 5207
stats: finish_users_count 223 3726
stats: request 7136 360.38471552690476 739.1947360728706 3831.293 0.669 432.569611389458 121551
stats: connect 3375 3.8048924444444534 4.059637442960104 52.632 0.759 2.9977051644398798 38920
stats: page 4798 537.9597440600264 1111.1673531116282 6587.372 0.741 649.3471540945475 80827
stats: 302 382 26571
stats: 200 772 30241
stats: size_rcv 13723229 493343158
stats: newphase 1 9
stats: 502 2335 25803
stats: 422 450 7094
stats: size_sent 3767065 79206064
stats: connected 68 909
stats: 400 3080 37661
stats: 500 117 1317
# stats: dump at 1574829807
stats: users 1523 1523
stats: {load,"tsung_controller@ip-172-31-29-45"} 1 1.23828125 0.0 1.25 0.0 0.22933238636363637 55
stats: {freemem,"tsung_controller@ip-172-31-29-45"} 1 3134.62109375 0.0 3502.92578125 3112.796875 3325.270880681818 55
stats: {recvpackets,"tsung_controller@ip-172-31-29-45"} 1 32031.0 0.0 32665 464 12991.31481481482 54
stats: {sentpackets,"tsung_controller@ip-172-31-29-45"} 1 26430.0 0.0 26430 339 8946.462962962965 54
stats: {cpu,"tsung_controller@ip-172-31-29-45"} 1 46.19826756496631 0.0 46.19826756496631 0.6024096385542169 16.807998768077063 55
stats: session 247 60480.214469635626 13689.978723472836 139136.203 31627.199 61441.08695169083 3726
stats: users_count 289 5496
stats: finish_users_count 247 3973
stats: request 7212 365.8301336661116 748.3442830152194 3831.293 0.669 428.5667873522578 128687
stats: connect 3417 3.6927705589698623 3.8402896818518744 52.632 0.759 3.0621160184418996 42295
stats: page 4832 540.9172876655607 1131.3645668665774 6587.372 0.741 643.1055565080292 85625
stats: 302 407 26978
stats: 200 743 30984
stats: size_rcv 13387487 506730645
stats: newphase 0 9
stats: 502 2314 28117
stats: 422 486 7580
stats: size_sent 3791800 82997864
stats: connected 32 941
stats: 400 3134 40795
stats: 500 128 1445
# stats: dump at 1574829817
stats: users 1610 1612
stats: {load,"tsung_controller@ip-172-31-29-45"} 1 1.28125 0.0 1.28125 0.0 0.24734933035714285 56
stats: {freemem,"tsung_controller@ip-172-31-29-45"} 1 3135.51953125 0.0 3502.92578125 3112.796875 3321.8664202008927 56
stats: {recvpackets,"tsung_controller@ip-172-31-29-45"} 1 33245.0 0.0 33245 464 13337.490909090913 55
stats: {sentpackets,"tsung_controller@ip-172-31-29-45"} 1 27070.0 0.0 27070 339 9264.345454545457 55
stats: {cpu,"tsung_controller@ip-172-31-29-45"} 1 45.877788554801164 0.0 46.19826756496631 0.6024096385542169 17.33282499659294 56
stats: session 229 60387.160393013095 13940.062439699086 139136.203 31627.199 61381.34985049082 3973
stats: users_count 316 5812
stats: finish_users_count 229 4202
stats: request 7634 343.0462207230805 697.3284639759414 3831.293 0.669 425.23742697150084 135899
stats: connect 3584 4.15687276785711 4.077228405749585 52.632 0.759 3.1092578316415858 45712
stats: page 5090 516.1894333988213 1080.4972696699697 6587.372 0.741 637.646899742419 90457
stats: 302 432 27410
stats: 200 844 31828
stats: size_rcv 15113783 521844428
stats: newphase 0 9
stats: 502 2454 30571
stats: 422 478 8058
stats: size_sent 3978883 86976747
stats: connected 50 991
stats: 400 3310 44105
stats: 500 116 1561
# stats: dump at 1574829827
stats: users 1645 1653
stats: {load,"tsung_controller@ip-172-31-29-45"} 1 1.3203125 0.0 1.3203125 0.0 0.2654879385964912 57
stats: {freemem,"tsung_controller@ip-172-31-29-45"} 1 3131.87109375 0.0 3502.92578125 3112.796875 3318.597176535088 57
stats: {recvpackets,"tsung_controller@ip-172-31-29-45"} 1 35710.0 0.0 35710 464 13692.982142857147 56
stats: {sentpackets,"tsung_controller@ip-172-31-29-45"} 1 28556.0 0.0 28556 339 9582.303571428574 56
stats: {cpu,"tsung_controller@ip-172-31-29-45"} 1 46.86595949855352 0.0 46.86595949855352 0.6024096385542169 17.83361383094747 57
stats: session 238 60671.17301680666 14743.574672090572 139136.203 31627.199 61327.168654450266 4202
stats: users_count 273 6085
stats: finish_users_count 238 4440
stats: request 8132 316.8319547466794 678.0218860909754 3831.293 0.669 420.86597463301115 143533
stats: connect 3866 4.484517589239529 4.299763188515856 52.632 0.75 3.185423279779293 49296
stats: page 5394 480.5541744530966 1042.3580806032028 6587.372 0.741 631.1765918971814 95547
stats: 302 413 27823
stats: 200 817 32645
stats: size_rcv 15056508 536900936
stats: newphase 0 9
stats: 502 2611 33182
stats: 422 543 8601
stats: size_sent 4240184 91216931
stats: connected -17 974
stats: 400 3639 47744
stats: 500 109 1670
# stats: dump at 1574829837
stats: users 1735 1735
stats: {load,"tsung_controller@ip-172-31-29-45"} 1 1.3515625 0.0 1.3515625 0.0 0.28367456896551724 58
stats: {freemem,"tsung_controller@ip-172-31-29-45"} 1 3136.984375 0.0 3502.92578125 3112.796875 3315.3777613146553 58
stats: {recvpackets,"tsung_controller@ip-172-31-29-45"} 1 37010.0 0.0 37010 464 14079.245614035091 57
stats: {sentpackets,"tsung_controller@ip-172-31-29-45"} 1 30228.0 0.0 30228 339 9915.175438596494 57
stats: {cpu,"tsung_controller@ip-172-31-29-45"} 1 47.235693501454904 0.0 47.235693501454904 0.6024096385542169 18.334171514871713 58
stats: session 234 58918.638423076925 12068.523018403173 139136.203 31627.199 61292.00492432433 4440
stats: users_count 324 6409
stats: finish_users_count 234 4674
stats: request 8619 303.6331363267207 674.6642326731196 3831.293 0.669 415.28786069956806 151665
stats: connect 4195 4.973006674612643 4.582483483829929 52.632 0.75 3.279894868515106 53162
stats: page 5714 464.3518076653845 1019.4495011464389 6587.372 0.741 623.1277582251017 100941
stats: 302 395 28218
stats: 200 805 33450
stats: size_rcv 14625649 551526585
stats: newphase 0 9
stats: 502 2806 35988
stats: 422 568 9169
stats: size_sent 4432739 95649670
stats: connected 39 1013
stats: 400 3919 51663
stats: 500 126 1796
# stats: dump at 1574829847
stats: users 1760 1765
stats: {load,"tsung_controller@ip-172-31-29-45"} 1 1.2890625 0.0 1.3515625 0.0 0.3017743644067797 59
stats: {freemem,"tsung_controller@ip-172-31-29-45"} 1 3133.61328125 0.0 3502.92578125 3112.796875 3312.3541445974574 59
stats: {recvpackets,"tsung_controller@ip-172-31-29-45"} 1 38283.0 0.0 38283 464 14474.603448275866 58
stats: {sentpackets,"tsung_controller@ip-172-31-29-45"} 1 31996.0 0.0 31996 339 10265.39655172414 58
stats: {cpu,"tsung_controller@ip-172-31-29-45"} 1 48.13725490196079 0.0 48.13725490196079 0.6024096385542169 18.824027819729057 59
stats: session 281 58017.87520640567 12858.397483301245 139136.203 31627.199 61173.18426508344 4674
stats: users_count 306 6715
stats: finish_users_count 281 4955
stats: request 8889 294.51793306333843 670.1219020260023 3841.695 0.669 409.28381744278903 160284
stats: connect 4341 5.249329647546628 4.7400700671733285 52.632 0.75 3.403726380389492 57357
stats: page 5910 439.9375720812181 1006.043926866273 6587.372 0.741 614.6213986404763 106655
stats: 302 391 28609
stats: 200 785 34235
stats: size_rcv 14463229 565989814
stats: newphase 0 9
stats: 502 2989 38977
stats: 422 545 9714
stats: size_sent 4531146 100180816
stats: connected 7 1020
stats: 400 4049 55712
stats: 500 130 1926
# stats: dump at 1574829857
stats: users 1848 1848
stats: {load,"tsung_controller@ip-172-31-29-45"} 1 1.41015625 0.0 1.41015625 0.0 0.3182291666666667 60
stats: {freemem,"tsung_controller@ip-172-31-29-45"} 1 3115.6015625 0.0 3502.92578125 3112.796875 3309.3751302083333 60
stats: {recvpackets,"tsung_controller@ip-172-31-29-45"} 1 38783.0 0.0 38783 464 14878.135593220342 59
stats: {sentpackets,"tsung_controller@ip-172-31-29-45"} 1 32460.0 0.0 32460 339 10633.711864406781 59
stats: {cpu,"tsung_controller@ip-172-31-29-45"} 1 48.14090019569471 0.0 48.14090019569471 0.6024096385542169 19.31258160443292 60
stats: session 283 58228.29799646646 13243.823183840592 139136.203 31627.199 60994.24544661957 4955
stats: users_count 371 7086
stats: finish_users_count 283 5238
stats: request 8678 284.9779074671577 673.9162785427316 3841.695 0.669 403.2535765281695 169173
stats: connect 4257 5.417411557434834 4.761286373917182 52.632 0.75 3.5335808940322218 61698
stats: page 5810 427.503808950087 990.6813395776304 6587.372 0.741 605.449973997246 112565
stats: 302 336 28945
stats: 200 759 34994
stats: size_rcv 13576577 579566391
stats: newphase 1 10
stats: 502 3013 41990
stats: 422 506 10220
stats: size_sent 4416088 104596904
stats: connected 45 1065
stats: 400 3937 59649
stats: 500 127 2053
# stats: dump at 1574829867
stats: users 1937 1938
stats: {load,"tsung_controller@ip-172-31-29-45"} 1 1.421875 0.0 1.421875 0.0 0.3361296106557377 61
stats: {freemem,"tsung_controller@ip-172-31-29-45"} 1 3112.04296875 0.0 3502.92578125 3112.04296875 3306.198514344262 61
stats: {recvpackets,"tsung_controller@ip-172-31-29-45"} 1 39546.0 0.0 39546 464 15276.550000000005 60
stats: {sentpackets,"tsung_controller@ip-172-31-29-45"} 1 33693.0 0.0 33693 339 10997.483333333335 60
stats: {cpu,"tsung_controller@ip-172-31-29-45"} 1 48.159203980099505 0.0 48.159203980099505 0.6024096385542169 19.785176991174918 61
stats: session 313 58132.18024281148 12448.281731901596 139136.203 31627.199 60844.8061323024 5238
stats: users_count 402 7488
stats: finish_users_count 313 5551
stats: request 9663 275.43378267618834 702.3458622139935 4161.062 0.669 397.48247456016554 177851
stats: connect 4748 5.593616048862685 4.86402806841706 52.632 0.75 3.655170874080814 65955
stats: page 6486 409.8766689793395 1015.6745716739731 7170.903 0.741 596.7161432143612 118375
stats: 302 311 29256
stats: 200 770 35764
stats: size_rcv 13840065 593406456
stats: newphase 0 10
stats: 502 3556 45546
stats: 422 492 10712
stats: size_sent 4864277 109461181
stats: connected 34 1099
stats: 400 4400 64049
stats: 500 134 2187
# stats: dump at 1574829877
stats: users 2040 2040
stats: {load,"tsung_controller@ip-172-31-29-45"} 1 1.3515625 0.0 1.421875 0.0 0.3536416330645161 62
stats: {freemem,"tsung_controller@ip-172-31-29-45"} 1 3099.23046875 0.0 3502.92578125 3099.23046875 3303.0669732862902 62
stats: {recvpackets,"tsung_controller@ip-172-31-29-45"} 1 40966.0 0.0 40966 464 15674.409836065577 61
stats: {sentpackets,"tsung_controller@ip-172-31-29-45"} 1 35174.0 0.0 35174 339 11369.54098360656 61
stats: {cpu,"tsung_controller@ip-172-31-29-45"} 1 48.90873015873016 0.0 48.90873015873016 0.6024096385542169 20.242822587770476 62
stats: session 295 59486.630101694886 13939.36066929456 139136.203 31627.199 60691.85136678076 5551
stats: users_count 398 7886
stats: finish_users_count 295 5846
stats: request 10318 254.19097034309206 655.4366544476837 4288.629 0.669 391.1930427861387 187514
stats: connect 5122 6.676467005076132 5.25956375450705 52.632 0.75 3.7853455157489795 70703
stats: page 6843 384.0668554727479 952.786759836913 7199.148 0.741 587.0106240379303 124861
stats: 302 330 29586
stats: 200 788 36552
stats: size_rcv 14519239 607925695
stats: newphase 0 10
stats: 502 3683 49229
stats: 422 568 11280
stats: size_sent 5140657 114601838
stats: connected 2 1101
stats: 400 4819 68868
stats: 500 132 2319
# stats: dump at 1574829887
stats: users 2067 2075
stats: {load,"tsung_controller@ip-172-31-29-45"} 1 1.30078125 0.0 1.421875 0.0 0.3694816468253968 63
stats: {freemem,"tsung_controller@ip-172-31-29-45"} 1 3097.7265625 0.0 3502.92578125 3097.7265625 3299.831473214286 63
stats: {recvpackets,"tsung_controller@ip-172-31-29-45"} 1 43744.0 0.0 43744 464 16082.338709677422 62
stats: {sentpackets,"tsung_controller@ip-172-31-29-45"} 1 38089.0 0.0 38089 339 11753.483870967744 62
stats: {cpu,"tsung_controller@ip-172-31-29-45"} 1 49.404761904761905 0.0 49.404761904761905 0.6024096385542169 20.697836993658726 63
stats: session 316 58625.27255379747 14388.195040768416 139136.203 31627.199 60631.03366695176 5846
stats: users_count 343 8229
stats: finish_users_count 316 6162
stats: request 10894 240.35228621259404 637.521632477416 4666.363 0.669 384.04764980892895 197832
stats: connect 5500 8.166732363636374 5.59729007626238 52.632 0.75 3.980641582591494 75825
stats: page 7201 366.6057280933209 936.2406589172102 8033.617 0.741 576.4661894855132 131704
stats: 302 311 29897
stats: 200 817 37369
stats: size_rcv 15329219 623254914
stats: newphase 0 10
stats: 502 3844 53073
stats: 422 580 11860
stats: size_sent 5398426 120000264
stats: connected -18 1083
stats: 400 5210 74078
stats: 500 132 2451
# stats: dump at 1574829897
stats: users 2088 2098
stats: {load,"tsung_controller@ip-172-31-29-45"} 1 1.328125 0.0 1.421875 0.0 0.384033203125 64
stats: {freemem,"tsung_controller@ip-172-31-29-45"} 1 3097.66796875 0.0 3502.92578125 3097.66796875 3296.673583984375 64
stats: {recvpackets,"tsung_controller@ip-172-31-29-45"} 1 46379.0 0.0 46379 464 16521.412698412703 63
stats: {sentpackets,"tsung_controller@ip-172-31-29-45"} 1 40561.0 0.0 40561 339 12171.507936507938 63
stats: {cpu,"tsung_controller@ip-172-31-29-45"} 1 49.308300395256914 0.0 49.404761904761905 0.6024096385542169 21.146382695394713 64
stats: session 335 57196.0051223881 12108.466350789768 139136.203 31627.199 60528.17412268743 6162
stats: users_count 356 8585
stats: finish_users_count 335 6497
stats: request 11279 240.6944990690659 647.0118180072508 4666.363 0.669 376.5477825618276 208726
stats: connect 5735 8.914594420226699 5.938075228012422 52.632 0.75 4.263746400245928 81325
stats: page 7475 363.88478341137136 945.2053715538882 8033.617 0.741 565.5867741837949 138905
stats: 302 321 30218
stats: 200 783 38152
stats: size_rcv 15373681 638628595
stats: newphase 0 10
stats: 502 4026 57099
stats: 422 614 12474
stats: size_sent 5559509 125559773
stats: connected 32 1115
stats: 400 5363 79441
stats: 500 170 2621
# stats: dump at 1574829907
stats: users 2056 2098
stats: {load,"tsung_controller@ip-172-31-29-45"} 1 1.28125 0.0 1.421875 0.0 0.39855769230769234 65
stats: {freemem,"tsung_controller@ip-172-31-29-45"} 1 3082.41015625 0.0 3502.92578125 3082.41015625 3293.6119591346155 65
stats: {recvpackets,"tsung_controller@ip-172-31-29-45"} 1 47908.0 0.0 47908 464 16987.937500000007 64
stats: {sentpackets,"tsung_controller@ip-172-31-29-45"} 1 41160.0 0.0 41160 339 12615.093750000002 64
stats: {cpu,"tsung_controller@ip-172-31-29-45"} 1 49.40239043824701 0.0 49.404761904761905 0.6024096385542169 21.579642967700288 65
stats: session 368 55405.65647554348 11388.529293515694 139136.203 31627.199 60356.35995998153 6497
stats: users_count 336 8921
stats: finish_users_count 368 6865
stats: request 11189 235.82963026186442 619.9528970208066 4666.363 0.669 369.5829900138634 220005
stats: connect 5631 9.627567039602152 6.344147141809104 52.632 0.75 4.570116873420632 87060
stats: page 7438 361.29419306265015 900.689815657273 8033.617 0.741 555.2867169285423 146380
stats: 302 321 30539
stats: 200 757 38909
stats: size_rcv 15002493 653631088
stats: newphase 0 10
stats: 502 4020 61119
stats: 422 630 13104
stats: size_sent 5576406 131136179
stats: connected -20 1095
stats: 400 5287 84728
stats: 500 175 2796
# stats: dump at 1574829917
stats: users 2095 2098
stats: {load,"tsung_controller@ip-172-31-29-45"} 1 1.23046875 0.0 1.421875 0.0 0.4119318181818182 66
stats: {freemem,"tsung_controller@ip-172-31-29-45"} 1 3082.859375 0.0 3502.92578125 3082.41015625 3290.411931818182 66
stats: {recvpackets,"tsung_controller@ip-172-31-29-45"} 1 45885.0 0.0 47908 464 17463.630769230775 65
stats: {sentpackets,"tsung_controller@ip-172-31-29-45"} 1 40519.0 0.0 41160 339 13054.246153846156 65
stats: {cpu,"tsung_controller@ip-172-31-29-45"} 1 49.30555555555556 0.0 49.404761904761905 0.6024096385542169 22.001199747557056 66
stats: session 377 55497.34018037134 12021.529299038126 139136.203 31627.199 60090.976291769846 6865
stats: users_count 416 9337
stats: finish_users_count 377 7242
stats: request 11057 240.53698625305296 630.76790513401 4666.363 0.669 363.10978421152805 231194
stats: connect 5616 8.568657407407402 5.772422026479866 52.632 0.75 4.877358157749943 92691
stats: page 7426 357.80712752491235 894.8938171842361 8033.617 0.741 545.9060437139998 153818
stats: 302 300 30839
stats: 200 757 39666
stats: size_rcv 14568924 668200012
stats: newphase 1 11
stats: 502 3974 65093
stats: 422 690 13794
stats: size_sent 5474484 136610663
stats: connected 73 1168
stats: 400 5163 89891
stats: 500 177 2973
# stats: dump at 1574829927
stats: users 2132 2135
stats: {load,"tsung_controller@ip-172-31-29-45"} 1 1.19921875 0.0 1.421875 0.0 0.42414878731343286 67
stats: {freemem,"tsung_controller@ip-172-31-29-45"} 1 3084.0859375 0.0 3502.92578125 3082.41015625 3287.3141324626868 67
stats: {recvpackets,"tsung_controller@ip-172-31-29-45"} 1 45684.0 0.0 47908 464 17894.257575757583 66
stats: {sentpackets,"tsung_controller@ip-172-31-29-45"} 1 40372.0 0.0 41160 339 13470.37878787879 66
stats: {cpu,"tsung_controller@ip-172-31-29-45"} 1 49.4059405940594 0.0 49.4059405940594 0.6024096385542169 22.4087274461839 67
stats: session 388 56879.56702319584 12755.53514765049 140955.249 31627.199 59851.84334313725 7242
stats: users_count 425 9762
stats: finish_users_count 388 7630
stats: request 10969 245.2938973470689 650.5541064403888 4666.363 0.669 357.51522556356844 242251
stats: connect 5498 8.315821935249161 5.6969255145897755 52.632 0.75 5.088231611177229 98307
stats: page 7370 367.1565926729988 933.6774253794667 8033.617 0.741 537.2432559413064 161244
stats: 302 301 31140
stats: 200 813 40479
stats: size_rcv 15105531 683305543
stats: newphase 0 11
stats: 502 4025 69118
stats: 422 582 14376
stats: size_sent 5402579 142013242
stats: connected 23 1191
stats: 400 5082 94973
stats: 500 165 3138
# stats: dump at 1574829937
stats: users 2171 2171
stats: {load,"tsung_controller@ip-172-31-29-45"} 1 1.171875 0.0 1.421875 0.0 0.435546875 68
stats: {freemem,"tsung_controller@ip-172-31-29-45"} 1 3057.54296875 0.0 3502.92578125 3057.54296875 3284.325482536765 68
stats: {recvpackets,"tsung_controller@ip-172-31-29-45"} 1 46679.0 0.0 47908 464 18309.029850746276 67
stats: {sentpackets,"tsung_controller@ip-172-31-29-45"} 1 40465.0 0.0 41160 339 13871.895522388062 67
stats: {cpu,"tsung_controller@ip-172-31-29-45"} 1 49.45812807881773 0.0 49.45812807881773 0.6024096385542169 22.805745286593833 68
stats: session 351 57005.89231623932 11835.613066527214 140955.249 31627.199 59700.69744377457 7630
stats: users_count 390 10152
stats: finish_users_count 351 7981
stats: request 11286 234.23450664540127 616.5506294340491 4666.363 0.669 352.654014959324 253220
stats: connect 5599 9.61973173781033 6.044850250000511 52.632 0.75 5.259179943162659 103805
stats: page 7495 352.5644158772525 890.8290239873929 8033.617 0.741 529.8088868599286 168614
stats: 302 347 31487
stats: 200 791 41270
stats: size_rcv 15040600 698346143
stats: newphase 0 11
stats: 502 4101 73219
stats: 422 612 14988
stats: size_sent 5586694 147599936
stats: connected -30 1161
stats: 400 5275 100248
stats: 500 157 3295
# stats: dump at 1574829947
stats: users 2171 2198
stats: {load,"tsung_controller@ip-172-31-29-45"} 1 1.28125 0.0 1.421875 0.0 0.4462182971014493 69
stats: {freemem,"tsung_controller@ip-172-31-29-45"} 1 3057.671875 0.0 3502.92578125 3057.54296875 3281.038779438406 69
stats: {recvpackets,"tsung_controller@ip-172-31-29-45"} 1 46813.0 0.0 47908 464 18726.235294117654 68
stats: {sentpackets,"tsung_controller@ip-172-31-29-45"} 1 41080.0 0.0 41160 339 14262.970588235296 68
stats: {cpu,"tsung_controller@ip-172-31-29-45"} 1 49.152542372881356 0.0 49.45812807881773 0.6024096385542169 23.19201170387244 69
stats: session 372 57374.23890860217 12227.647328198098 140955.249 31627.199 59582.181393183804 7981
stats: users_count 372 10524
stats: finish_users_count 372 8353
stats: request 11084 238.32023917358353 624.4075317623509 4666.363 0.669 347.60126541552944 264506
stats: connect 5589 11.19925657541598 6.6168814956258135 52.632 0.75 5.4823411575445125 109404
stats: page 7375 365.54581654237455 902.9157611370621 8033.617 0.741 522.2655624982256 176109
stats: 302 312 31799
stats: 200 814 42084
stats: size_rcv 15098964 713445107
stats: newphase 0 11
stats: 502 3942 77161
stats: 422 642 15630
stats: size_sent 5497738 153097674
stats: connected 9 1170
stats: 400 5222 105470
stats: 500 153 3448
# stats: dump at 1574829957
stats: users 2156 2198
stats: {load,"tsung_controller@ip-172-31-29-45"} 1 1.23046875 0.0 1.421875 0.0 0.45814732142857145 70
stats: {freemem,"tsung_controller@ip-172-31-29-45"} 1 3057.40234375 0.0 3502.92578125 3057.40234375 3277.8478236607143 70
stats: {recvpackets,"tsung_controller@ip-172-31-29-45"} 1 49082.0 0.0 49082 464 19133.28985507247 69
stats: {sentpackets,"tsung_controller@ip-172-31-29-45"} 1 42483.0 0.0 42483 339 14651.623188405798 69
stats: {cpu,"tsung_controller@ip-172-31-29-45"} 1 49.25521350546177 0.0 49.45812807881773 0.6024096385542169 23.562876427715423 70
stats: session 354 55254.808822033934 10991.828115721224 140955.249 31627.199 59483.8509006345 8353
stats: users_count 339 10863
stats: finish_users_count 354 8707
stats: request 11678 232.43875492378922 558.1008149675113 4666.363 0.669 343.206073663776 275590
stats: connect 5902 14.625557607590583 8.3692181410469 54.28 0.75 5.760200160009737 114993
stats: page 7715 356.7754202203515 807.7013770308662 8033.617 0.741 515.9663313585927 183484
stats: 302 306 32105
stats: 200 996 43080
stats: size_rcv 17969299 731414406
stats: newphase 0 11
stats: 502 3697 80858
stats: 422 886 16516
stats: size_sent 5809691 158907365
stats: connected -75 1095
stats: 400 5624 111094
stats: 500 179 3627
# stats: dump at 1574829967
stats: users 2088 2198
stats: {load,"tsung_controller@ip-172-31-29-45"} 1 1.19921875 0.0 1.421875 0.0 0.469025088028169 71
stats: {freemem,"tsung_controller@ip-172-31-29-45"} 1 2994.2265625 0.0 3502.92578125 2994.2265625 3274.742957746479 71
stats: {recvpackets,"tsung_controller@ip-172-31-29-45"} 1 52425.0 0.0 52425 464 19561.128571428577 70
stats: {sentpackets,"tsung_controller@ip-172-31-29-45"} 1 43581.0 0.0 43581 339 15049.214285714286 70
stats: {cpu,"tsung_controller@ip-172-31-29-45"} 1 49.15924826904055 0.0 49.45812807881773 0.6024096385542169 23.924740330218892 71
stats: session 363 57254.80869972454 12996.126973217699 140955.249 31627.199 59311.91097921212 8707
stats: users_count 295 11158
stats: finish_users_count 363 9070
stats: request 11871 227.47292351107762 524.2731983860909 4666.363 0.669 338.7031678467496 287268
stats: connect 6030 17.719389718076297 9.126351968526457 54.28 0.75 6.193000024814916 120895
stats: page 7838 353.6895865016579 742.8934080445517 8033.617 0.741 509.54287789162095 191199
stats: 302 288 32393
stats: 200 1122 44202
stats: size_rcv 18929535 750343941
stats: newphase 0 11
stats: 502 3598 84456
stats: 422 906 17422
stats: size_sent 5949180 164856545
stats: connected -69 1026
stats: 400 5730 116824
stats: 500 215 3842
# stats: dump at 1574829977
stats: users 1770 2198
stats: {load,"tsung_controller@ip-172-31-29-45"} 1 1.171875 0.0 1.421875 0.0 0.4791666666666667 72
stats: {freemem,"tsung_controller@ip-172-31-29-45"} 1 2986.921875 0.0 3502.92578125 2986.921875 3270.8468967013887 72
stats: {recvpackets,"tsung_controller@ip-172-31-29-45"} 1 52758.0 0.0 52758 464 20024.000000000007 71
stats: {sentpackets,"tsung_controller@ip-172-31-29-45"} 1 44292.0 0.0 44292 339 15451.070422535211 71
stats: {cpu,"tsung_controller@ip-172-31-29-45"} 1 49.26108374384236 0.0 49.45812807881773 0.6024096385542169 24.275219607146973 72
stats: session 399 55691.09570927326 10483.414481642203 140955.249 31627.199 59229.58152745314 9070
stats: users_count 81 11239
stats: finish_users_count 399 9469
stats: request 11126 238.37408017256712 567.4298857519664 4666.363 0.669 334.2891187575009 299139
stats: connect 5711 11.350580458763838 7.575764015320546 61.223 0.75 6.740600023636 126925
stats: page 7319 367.63615425604195 775.4148977697525 8033.617 0.741 503.4054356174985 199037
stats: 302 178 32571
stats: 200 1063 45265
stats: size_rcv 18034068 768378009
stats: newphase 0 11
stats: 502 3069 87525
stats: 422 1008 18430
stats: size_sent 5651017 170507562
stats: connected -269 757
stats: 400 5576 122400
stats: 500 235 4077
# stats: dump at 1574829987
stats: users 1381 2198
stats: {load,"tsung_controller@ip-172-31-29-45"} 1 1.140625 0.0 1.421875 0.0 0.4886558219178082 73
stats: {freemem,"tsung_controller@ip-172-31-29-45"} 1 2987.23046875 0.0 3502.92578125 2986.921875 3266.957512842466 73
stats: {recvpackets,"tsung_controller@ip-172-31-29-45"} 1 47834.0 0.0 52758 464 20478.638888888894 72
stats: {sentpackets,"tsung_controller@ip-172-31-29-45"} 1 40272.0 0.0 44292 339 15851.638888888889 72
stats: {cpu,"tsung_controller@ip-172-31-29-45"} 1 49.15422885572139 0.0 49.45812807881773 0.6024096385542169 24.61749171860855 73
stats: session 389 56809.38314138811 11742.527959398103 140955.249 31627.199 59080.47857661845 9469
stats: users_count 0 11239
stats: finish_users_count 389 9858
stats: request 9944 263.24418262268705 662.0053093829146 5303.388 0.669 330.84963728425714 310265
stats: connect 5261 6.193511499714887 4.8328401060946184 61.223 0.75 6.939095140082629 132636
stats: page 6513 403.28417871948255 875.1439930108551 8033.617 0.741 498.5899935160597 206356
stats: 302 121 32692
stats: 200 812 46077
stats: size_rcv 14342813 782720822
stats: newphase 0 11
stats: 502 2830 90355
stats: 422 800 19230
stats: size_sent 5084219 175591781
stats: connected -227 530
stats: 400 5099 127499
stats: 500 280 4357
# stats: dump at 1574829997
stats: users 1000 2198
stats: {load,"tsung_controller@ip-172-31-29-45"} 1 1.12109375 0.0 1.421875 0.0 0.49746621621621623 74
stats: {freemem,"tsung_controller@ip-172-31-29-45"} 1 2997.18359375 0.0 3502.92578125 2986.921875 3263.177417652027 74
stats: {recvpackets,"tsung_controller@ip-172-31-29-45"} 1 40752.0 0.0 52758 464 20853.369863013704 73
stats: {sentpackets,"tsung_controller@ip-172-31-29-45"} 1 34964.0 0.0 44292 339 16186.164383561643 73
stats: {cpu,"tsung_controller@ip-172-31-29-45"} 1 49.20159680638723 0.0 49.45812807881773 0.6024096385542169 24.949069247488456 74
stats: session 381 57375.93762729665 11201.836664628254 140955.249 31627.199 58990.86038587949 9858
stats: users_count 0 11239
stats: finish_users_count 381 10239
stats: request 7047 346.7985680431394 813.2278278779831 5956.002 0.669 328.7501689958747 320209
stats: connect 3816 4.345480083857431 4.0682074471364755 61.223 0.75 6.9106498836087775 137897
stats: page 4743 516.2136812144205 1058.4727429522006 9230.2 0.741 495.67398990928695 212869
stats: 302 80 32772
stats: 200 616 46693
stats: size_rcv 11600654 794321476
stats: newphase 0 11
stats: 502 1706 92061
stats: 422 781 20011
stats: size_sent 3657129 179248910
stats: connected -88 442
stats: 400 3533 131032
stats: 500 331 4688
# stats: dump at 1574830007
stats: users 679 2198
stats: {load,"tsung_controller@ip-172-31-29-45"} 1 1.26171875 0.0 1.421875 0.0 0.50578125 75
stats: {freemem,"tsung_controller@ip-172-31-29-45"} 1 3006.13671875 0.0 3502.92578125 2986.921875 3259.630833333333 75
stats: {recvpackets,"tsung_controller@ip-172-31-29-45"} 1 31308.0 0.0 52758 464 21122.270270270277 74
stats: {sentpackets,"tsung_controller@ip-172-31-29-45"} 1 25541.0 0.0 44292 339 16439.91891891892 74
stats: {cpu,"tsung_controller@ip-172-31-29-45"} 1 49.249249249249246 0.0 49.45812807881773 0.6024096385542169 25.272436281607106 75
stats: session 321 58197.33504984429 10908.66395018734 140955.249 31627.199 58930.768035941015 10239
stats: users_count 0 11239
stats: finish_users_count 321 10560
stats: request 4890 511.729487116566 924.5259744306511 5956.002 0.669 329.13881601254076 327256
stats: connect 2584 3.4138506191950393 3.732547635740549 61.223 0.75 6.841575854014802 141713
stats: page 3358 745.0243564621792 1159.7309269519362 9230.2 0.741 496.12166630516697 217612
stats: 302 70 32842
stats: 200 609 47302
stats: size_rcv 11075704 805397180
stats: newphase 0 11
stats: 502 573 92634
stats: 422 848 20859
stats: size_sent 2597713 181846623
stats: connected -90 352
stats: 400 2351 133383
stats: 500 438 5126
# stats: dump at 1574830017
stats: users 368 2198
stats: {load,"tsung_controller@ip-172-31-29-45"} 1 1.30078125 0.0 1.421875 0.0 0.5157277960526315 76
stats: {freemem,"tsung_controller@ip-172-31-29-45"} 1 3021.984375 0.0 3502.92578125 2986.921875 3256.2953844572367 76
stats: {recvpackets,"tsung_controller@ip-172-31-29-45"} 1 21284.0 0.0 52758 464 21258.080000000005 75
stats: {sentpackets,"tsung_controller@ip-172-31-29-45"} 1 16597.0 0.0 44292 339 16561.266666666666 75
stats: {cpu,"tsung_controller@ip-172-31-29-45"} 1 49.3 0.0 49.45812807881773 0.6024096385542169 25.587920662760293 76
stats: session 311 59787.50791318318 10818.687062920902 140955.249 31627.199 58908.47334005682 10560
stats: users_count 0 11239
stats: finish_users_count 311 10871
stats: request 2870 632.3822306620219 1050.1490794202803 5956.002 0.669 331.82699645637774 332146
stats: connect 1375 2.3779418181818177 2.881729968214541 61.223 0.75 6.78019382939354 144297
stats: page 2125 864.127113882353 1278.205533120744 9230.2 0.741 499.904149146943 220970
stats: 302 62 32904
stats: 200 379 47681
stats: size_rcv 7624453 813021633
stats: newphase 0 11
stats: 502 0 92634
stats: 422 696 21555
stats: size_sent 1539570 183386193
stats: connected -130 222
stats: 400 1193 134576
stats: 500 540 5666
# stats: dump at 1574830027
stats: users 114 2198
stats: {load,"tsung_controller@ip-172-31-29-45"} 1 1.1015625 0.0 1.421875 0.0 0.5259232954545454 77
stats: {freemem,"tsung_controller@ip-172-31-29-45"} 1 3087.22265625 0.0 3502.92578125 2986.921875 3253.2523843344156 77
stats: {recvpackets,"tsung_controller@ip-172-31-29-45"} 1 11944.0 0.0 52758 464 21258.421052631584 76
stats: {sentpackets,"tsung_controller@ip-172-31-29-45"} 1 9803.0 0.0 44292 339 16561.736842105263 76
stats: {cpu,"tsung_controller@ip-172-31-29-45"} 1 25.900000000000002 0.0 49.45812807881773 0.6024096385542169 25.895869745062107 77
stats: session 254 65484.50714960628 15012.014541855651 141002.28 31627.199 58933.62095777758 10871
stats: users_count 0 11239
stats: finish_users_count 254 11125
stats: request 1503 429.5845508982022 967.7376504129709 5956.002 0.669 334.4017795179933 335016
stats: connect 582 1.4126580756013754 0.9906444906216586 61.223 0.75 6.73864091246087 145672
stats: page 1172 574.5462704778149 1232.866103522553 9230.2 0.741 503.3734057419485 223095
stats: 302 98 33002
stats: 200 208 47889
stats: size_rcv 4338691 817360324
stats: newphase 0 11
stats: 502 0 92634
stats: 422 401 21956
stats: size_sent 872927 184259120
stats: connected -156 66
stats: 400 474 135050
stats: 500 322 5988
# stats: dump at 1574830037
stats: users 32 2198
stats: {load,"tsung_controller@ip-172-31-29-45"} 1 0.9296875 0.0 1.421875 0.0 0.5333032852564102 78
stats: {freemem,"tsung_controller@ip-172-31-29-45"} 1 3131.1171875 0.0 3502.92578125 2986.921875 3251.123798076923 78
stats: {recvpackets,"tsung_controller@ip-172-31-29-45"} 1 5650.0 0.0 52758 464 21137.45454545455 77
stats: {sentpackets,"tsung_controller@ip-172-31-29-45"} 1 4673.0 0.0 44292 339 16473.96103896104 77
stats: {cpu,"tsung_controller@ip-172-31-29-45"} 1 13.247011952191235 0.0 49.45812807881773 0.6024096385542169 25.89592269704849 78
stats: session 82 74898.21641463414 16942.260294503125 141002.28 31627.199 59083.18725824719 11125
stats: users_count 0 11239
stats: finish_users_count 82 11207
stats: request 497 32.89420925553319 58.53537476608922 5956.002 0.669 334.82689579786 336519
stats: connect 171 1.639333333333335 2.425301406481409 61.223 0.75 6.717446811711131 146254
stats: page 387 42.31050645994833 67.2064681398017 9230.2 0.741 503.745348994725 224267
stats: 302 66 33068
stats: 200 89 47978
stats: size_rcv 1646134 819006458
stats: newphase 0 11
stats: 502 0 92634
stats: 422 116 22072
stats: size_sent 324717 184583837
stats: connected -42 24
stats: 400 130 135180
stats: 500 96 6084
# stats: dump at 1574830047
stats: users 7 2198
stats: {load,"tsung_controller@ip-172-31-29-45"} 1 0.7890625 0.0 1.421875 0.0 0.5383208069620253 79
stats: {freemem,"tsung_controller@ip-172-31-29-45"} 1 3216.30078125 0.0 3502.92578125 2986.921875 3249.6047270569616 79
stats: {recvpackets,"tsung_controller@ip-172-31-29-45"} 1 1552.0 0.0 52758 464 20938.89743589744 78
stats: {sentpackets,"tsung_controller@ip-172-31-29-45"} 1 1262.0 0.0 44292 339 16322.666666666666 78
stats: {cpu,"tsung_controller@ip-172-31-29-45"} 1 3.6108324974924777 0.0 49.45812807881773 0.6024096385542169 25.73580990280979 79
stats: session 25 88682.67004000001 19748.970222049 141002.28 31627.199 59198.903541893465 11207
stats: users_count 0 11239
stats: finish_users_count 25 11232
stats: request 124 40.791024193548395 67.2211762835415 5956.002 0.669 334.38163342096533 337016
stats: connect 34 1.4919999999999998 0.3273424183076941 61.223 0.75 6.71151642137613 146425
stats: page 100 50.626679999999986 72.42777040802513 9230.2 0.741 502.9504587009356 224654
stats: 302 18 33086
stats: 200 30 48008
stats: size_rcv 448900 819455358
stats: newphase 0 11
stats: 502 0 92634
stats: 422 28 22100
stats: size_sent 83028 184666865
stats: connected -21 3
stats: 400 28 135208
stats: 500 20 6104
# stats: dump at 1574830057
stats: users 1 2198
stats: {load,"tsung_controller@ip-172-31-29-45"} 1 0.66015625 0.0 1.421875 0.0 0.541455078125 80
stats: {freemem,"tsung_controller@ip-172-31-29-45"} 1 3250.43359375 0.0 3502.92578125 2986.921875 3249.1884277343747 80
stats: {recvpackets,"tsung_controller@ip-172-31-29-45"} 1 363.0 0.0 52758 363 20693.49367088608 79
stats: {sentpackets,"tsung_controller@ip-172-31-29-45"} 1 309.0 0.0 44292 309 16132.025316455696 79
stats: {cpu,"tsung_controller@ip-172-31-29-45"} 1 1.2987012987012987 0.0 49.45812807881773 0.6024096385542169 25.459247685243326 80
stats: session 6 109108.10566666666 20178.430651958148 141946.558 31627.199 59264.528022168815 11232
stats: users_count 0 11239
stats: finish_users_count 6 11238
stats: request 29 28.215310344827586 46.20873491921977 5956.002 0.669 334.27365087500755 337140
stats: connect 12 2.0031666666666665 1.0607162543405386 61.223 0.75 6.71030472692016 146459
stats: page 25 32.76708000000001 48.346939232112724 9230.2 0.741 502.7492058739777 224754
stats: 302 4 33090
stats: 200 3 48011
stats: size_rcv 58764 819514122
stats: newphase 0 11
stats: 502 0 92634
stats: 422 6 22106
stats: size_sent 19303 184686168
stats: connected -2 1
stats: 400 8 135216
stats: 500 8 6112
# stats: dump at 1574830060
stats: users 0 2198
stats: {load,"tsung_controller@ip-172-31-29-45"} 0 0 0 1.421875 0.0 0.542920524691358 81
stats: {freemem,"tsung_controller@ip-172-31-29-45"} 0 0 0 3502.92578125 2986.921875 3249.203800154321 81
stats: {recvpackets,"tsung_controller@ip-172-31-29-45"} 0 0 0 52758 363 20439.362500000007 80
stats: {sentpackets,"tsung_controller@ip-172-31-29-45"} 0 0 0 44292 309 15934.2375 80
stats: {cpu,"tsung_controller@ip-172-31-29-45"} 0 0 0 49.45812807881773 0.6024096385542169 25.16096933479219 81
stats: session 1 112299.471 0.0 141946.558 31627.199 59291.13964931483 11238
stats: users_count 0 11239
stats: finish_users_count 1 11239
stats: request 1 4.926 0.0 5956.002 0.669 334.24732671153055 337169
stats: connect 0 0 0 61.223 0.75 6.7099190829583994 146471
stats: page 1 4.926 0.0 9230.2 0.741 502.6969342954635 224779
stats: 302 0 33090
stats: 200 0 48011
stats: size_rcv 1960 819516082
stats: newphase 0 11
stats: 502 0 92634
stats: 422 1 22107
stats: size_sent 966 184687134
stats: connected -1 0
stats: 400 0 135216
stats: 500 0 6112
EndMonitor:{1574,830060,982769}
