
=INFO REPORT==== 3-Dec-2019::03:49:34 ===
    ts_config_server:(5:<0.102.0>) Config server started, logdir is "/home/ec2-user/.tsung/log/20191203-0349"
 
=INFO REPORT==== 3-Dec-2019::03:49:34 ===
              ts_mon:(5:<0.83.0>) starting monitor, global 

=INFO REPORT==== 3-Dec-2019::03:49:34 ===
           ts_config:(5:<0.102.0>) Reading config file: signup.xml

=INFO REPORT==== 3-Dec-2019::03:49:34 ===
      ts_config_http:(4:<0.102.0>) Get user agent: 100 "Mozilla/5.0 (Windows; U; Windows NT 5.2; fr-FR; rv:1.7.8) Gecko/20050511 Firefox/1.0.4" 

=INFO REPORT==== 3-Dec-2019::03:49:34 ===
           ts_config:(5:<0.102.0>) Session name for id 1 is "crit_path_test"

=INFO REPORT==== 3-Dec-2019::03:49:34 ===
    ts_config_server:(4:<0.102.0>) SYSINFO:Tsung version: 1.7.0

=INFO REPORT==== 3-Dec-2019::03:49:34 ===
    ts_config_server:(4:<0.102.0>) SYSINFO:Erlang version: Erlang/OTP 20 [erts-9.1] [source] [64-bit] [smp:1:1] [ds:1:1:10] [async-threads:8] [hipe] [kernel-poll:true]


=INFO REPORT==== 3-Dec-2019::03:49:34 ===
    ts_config_server:(4:<0.102.0>) SYSINFO:System architecture x86_64-unknown-linux-gnu

=INFO REPORT==== 3-Dec-2019::03:49:34 ===
    ts_config_server:(4:<0.102.0>) SYSINFO:Current path: /usr/local/lib/tsung/tsung-1.7.0/ebin/tsung.beam

=INFO REPORT==== 3-Dec-2019::03:49:35 ===
              ts_mon:(5:<0.103.0>) Activate clients with text backend

=INFO REPORT==== 3-Dec-2019::03:49:35 ===
              ts_mon:(5:<0.103.0>) Starting tsung clients on hosts: [localhost]

=INFO REPORT==== 3-Dec-2019::03:49:35 ===
    ts_config_server:(5:<0.102.0>) Start a launcher on the controller beam localhost

=INFO REPORT==== 3-Dec-2019::03:49:35 ===
  ts_launcher_static:(5:<0.155.0>) Launch msg receive ("localhost")

=INFO REPORT==== 3-Dec-2019::03:49:35 ===
         ts_launcher:(5:<0.156.0>) Launch msg receive ("localhost")

=INFO REPORT==== 3-Dec-2019::03:49:35 ===
    ts_config_server:(5:<0.102.0>) New arrival phase 1 for client "localhost" (last ? true): will start 60 users

=INFO REPORT==== 3-Dec-2019::03:49:35 ===
    ts_config_server:(5:<0.102.0>) New arrival phase 2 for client "localhost" (last ? true): will start 90 users

=INFO REPORT==== 3-Dec-2019::03:49:35 ===
    ts_config_server:(5:<0.102.0>) New arrival phase 3 for client "localhost" (last ? true): will start 120 users

=INFO REPORT==== 3-Dec-2019::03:49:35 ===
    ts_config_server:(5:<0.102.0>) New arrival phase 4 for client "localhost" (last ? true): will start 240 users

=INFO REPORT==== 3-Dec-2019::03:49:35 ===
    ts_config_server:(5:<0.102.0>) New arrival phase 5 for client "localhost" (last ? true): will start 360 users

=INFO REPORT==== 3-Dec-2019::03:49:35 ===
    ts_config_server:(5:<0.102.0>) New arrival phase 6 for client "localhost" (last ? true): will start 600 users

=INFO REPORT==== 3-Dec-2019::03:49:35 ===
    ts_config_server:(5:<0.102.0>) New arrival phase 7 for client "localhost" (last ? true): will start 960 users

=INFO REPORT==== 3-Dec-2019::03:49:35 ===
    ts_config_server:(5:<0.102.0>) New arrival phase 8 for client "localhost" (last ? true): will start 1200 users

=INFO REPORT==== 3-Dec-2019::03:49:35 ===
    ts_config_server:(5:<0.102.0>) New arrival phase 9 for client "localhost" (last ? true): will start 1500 users

=INFO REPORT==== 3-Dec-2019::03:49:35 ===
    ts_config_server:(5:<0.102.0>) New arrival phase 10 for client "localhost" (last ? true): will start 2100 users

=INFO REPORT==== 3-Dec-2019::03:49:35 ===
    ts_config_server:(5:<0.102.0>) New arrival phase 11 for client "localhost" (last ? true): will start 2700 users

=INFO REPORT==== 3-Dec-2019::03:49:35 ===
    ts_config_server:(5:<0.102.0>) New arrival phase 12 for client "localhost" (last ? true): will start 3300 users

=INFO REPORT==== 3-Dec-2019::03:49:35 ===
         ts_launcher:(5:<0.156.0>) Expected duration of first phase: 60.0 sec (60 users) 

=INFO REPORT==== 3-Dec-2019::03:49:35 ===
         ts_launcher:(5:<0.156.0>) Activate launcher (60 users) in 1466 msec 

=INFO REPORT==== 3-Dec-2019::03:50:36 ===
         ts_launcher:(5:<0.156.0>) Start a new arrival phase (90 users, 0.0015); expected duration=60.0 sec

=INFO REPORT==== 3-Dec-2019::03:51:38 ===
         ts_launcher:(5:<0.156.0>) Phase duration exceeded, but not all users were launched (1 users, 1.1% of phase)

=INFO REPORT==== 3-Dec-2019::03:51:38 ===
         ts_launcher:(5:<0.156.0>) Start a new arrival phase (120 users, 0.002); expected duration=60.0 sec

=INFO REPORT==== 3-Dec-2019::03:52:28 ===
         ts_launcher:(4:<0.156.0>) Need to wait 9.235 sec before changing phase, going to sleep

=INFO REPORT==== 3-Dec-2019::03:52:38 ===
         ts_launcher:(5:<0.156.0>) Waking up

=INFO REPORT==== 3-Dec-2019::03:52:38 ===
         ts_launcher:(5:<0.156.0>) Start a new arrival phase (240 users, 0.004); expected duration=60.0 sec

=INFO REPORT==== 3-Dec-2019::03:53:38 ===
         ts_launcher:(5:<0.156.0>) Phase duration exceeded, but not all users were launched (27 users, 11.3% of phase)

=INFO REPORT==== 3-Dec-2019::03:53:38 ===
         ts_launcher:(5:<0.156.0>) Start a new arrival phase (360 users, 0.006); expected duration=60.0 sec

=INFO REPORT==== 3-Dec-2019::03:54:39 ===
         ts_launcher:(5:<0.156.0>) Phase duration exceeded, but not all users were launched (23 users, 6.4% of phase)

=INFO REPORT==== 3-Dec-2019::03:54:39 ===
         ts_launcher:(5:<0.156.0>) Start a new arrival phase (600 users, 0.01); expected duration=60.0 sec

=INFO REPORT==== 3-Dec-2019::03:55:39 ===
         ts_launcher:(5:<0.156.0>) Phase duration exceeded, but not all users were launched (24 users, 4.0% of phase)

=INFO REPORT==== 3-Dec-2019::03:55:39 ===
         ts_launcher:(5:<0.156.0>) Start a new arrival phase (960 users, 0.016); expected duration=60.0 sec

=INFO REPORT==== 3-Dec-2019::03:56:39 ===
         ts_launcher:(5:<0.156.0>) Phase duration exceeded, but not all users were launched (27 users, 2.8% of phase)

=INFO REPORT==== 3-Dec-2019::03:56:39 ===
         ts_launcher:(5:<0.156.0>) Start a new arrival phase (1200 users, 0.02); expected duration=60.0 sec

=INFO REPORT==== 3-Dec-2019::03:57:39 ===
         ts_launcher:(5:<0.156.0>) Phase duration exceeded, but not all users were launched (2 users, 0.2% of phase)

=INFO REPORT==== 3-Dec-2019::03:57:39 ===
         ts_launcher:(5:<0.156.0>) Start a new arrival phase (1500 users, 0.025); expected duration=60.0 sec

=INFO REPORT==== 3-Dec-2019::03:58:39 ===
         ts_launcher:(5:<0.156.0>) Phase duration exceeded, but not all users were launched (13 users, 0.9% of phase)

=INFO REPORT==== 3-Dec-2019::03:58:39 ===
         ts_launcher:(5:<0.156.0>) Start a new arrival phase (2100 users, 0.035); expected duration=60.0 sec

=INFO REPORT==== 3-Dec-2019::03:59:37 ===
         ts_launcher:(4:<0.156.0>) Need to wait 2.163 sec before changing phase, going to sleep

=INFO REPORT==== 3-Dec-2019::03:59:39 ===
         ts_launcher:(5:<0.156.0>) Waking up

=INFO REPORT==== 3-Dec-2019::03:59:39 ===
         ts_launcher:(5:<0.156.0>) Start a new arrival phase (2700 users, 0.045); expected duration=60.0 sec

=INFO REPORT==== 3-Dec-2019::04:00:39 ===
         ts_launcher:(5:<0.156.0>) Phase duration exceeded, but not all users were launched (68 users, 2.5% of phase)

=INFO REPORT==== 3-Dec-2019::04:00:39 ===
         ts_launcher:(5:<0.156.0>) Start a new arrival phase (3300 users, 0.055); expected duration=60.0 sec

=INFO REPORT==== 3-Dec-2019::04:01:39 ===
         ts_launcher:(5:<0.156.0>) This was the last phase, wait for connected users to finish their session

=INFO REPORT==== 3-Dec-2019::04:02:39 ===
     ts_launcher_mgr:(5:<0.150.0>) No more active users 'tsung_controller@ip-172-31-21-52' "6690"
