# stats: dump at 1575344985
stats: users 7 7
stats: {load,"tsung_controller@ip-172-31-21-52"} 1 0.0 0 0.0 0.0 0 0
stats: {freemem,"tsung_controller@ip-172-31-21-52"} 1 3506.21484375 0 3506.21484375 3506.21484375 0 0
stats: {cpu,"tsung_controller@ip-172-31-21-52"} 1 3.631468363549045 0 3.631468363549045 3.631468363549045 0 0
stats: users_count 7 7
stats: finish_users_count 0 0
stats: request 11 226.13490909090908 359.04833399632594 996.337 6.899 0 0
stats: connect 6 5.182666666666665 8.91906158491775 25.125 1.092 0 0
stats: page 11 226.13490909090908 359.04833399632594 996.337 6.899 0 0
stats: 200 11 11
stats: size_rcv 118101 118101
stats: size_sent 4264 4264
stats: connected 6 6
# stats: dump at 1575344995
stats: users 12 12
stats: {load,"tsung_controller@ip-172-31-21-52"} 1 0.0 0.0 0.0 0.0 0.0 1
stats: {freemem,"tsung_controller@ip-172-31-21-52"} 1 3507.578125 0.0 3507.578125 3506.21484375 3506.21484375 1
stats: {recvpackets,"tsung_controller@ip-172-31-21-52"} 1 137 0 137 137 0 0
stats: {sentpackets,"tsung_controller@ip-172-31-21-52"} 1 104 0 104 104 0 0
stats: {cpu,"tsung_controller@ip-172-31-21-52"} 1 0.4 0.0 3.631468363549045 0.4 3.631468363549045 1
stats: session 5 10021.356800000001 1061.2354923484982 11647.849 8811.53 0 0
stats: users_count 10 17
stats: finish_users_count 5 5
stats: request 17 65.44888235294118 78.1495912931109 996.337 6.621 226.13490909090908 11
stats: connect 11 1.1243636363636365 0.06025140168459713 25.125 1.041 5.182666666666665 6
stats: page 17 65.44888235294118 78.1495912931109 996.337 6.621 226.13490909090908 11
stats: 302 5 5
stats: 200 12 23
stats: size_rcv 153970 272071
stats: size_sent 9240 13504
stats: connected 6 12
# stats: dump at 1575345005
stats: users 17 20
stats: {load,"tsung_controller@ip-172-31-21-52"} 1 0.0 0.0 0.0 0.0 0.0 2
stats: {freemem,"tsung_controller@ip-172-31-21-52"} 1 3508.6640625 0.0 3508.6640625 3506.21484375 3506.896484375 2
stats: {recvpackets,"tsung_controller@ip-172-31-21-52"} 1 212.0 0.0 212 137 137.0 1
stats: {sentpackets,"tsung_controller@ip-172-31-21-52"} 1 191.0 0.0 191 104 104.0 1
stats: {cpu,"tsung_controller@ip-172-31-21-52"} 1 0.4 0.0 3.631468363549045 0.4 2.0157341817745227 2
stats: session 4 14031.699499999999 4106.983606969993 19703.947 8811.53 10021.356800000001 5
stats: users_count 9 26
stats: finish_users_count 4 9
stats: request 23 66.35869565217392 73.2266541478578 996.337 6.621 128.5755357142857 28
stats: connect 9 1.2326666666666666 0.09831129696586816 25.125 1.041 2.5567058823529405 17
stats: page 23 66.35869565217392 73.2266541478578 996.337 6.621 128.5755357142857 28
stats: 302 4 9
stats: 200 19 42
stats: size_rcv 197112 469183
stats: size_sent 12935 26439
stats: connected 5 17
# stats: dump at 1575345015
stats: users 16 20
stats: {load,"tsung_controller@ip-172-31-21-52"} 1 0.0 0.0 0.0 0.0 0.0 3
stats: {freemem,"tsung_controller@ip-172-31-21-52"} 1 3507.96484375 0.0 3508.6640625 3506.21484375 3507.4856770833335 3
stats: {recvpackets,"tsung_controller@ip-172-31-21-52"} 1 198.0 0.0 212 137 174.5 2
stats: {sentpackets,"tsung_controller@ip-172-31-21-52"} 1 157.0 0.0 191 104 147.5 2
stats: {cpu,"tsung_controller@ip-172-31-21-52"} 1 0.30060120240480964 0.0 3.631468363549045 0.30060120240480964 1.4771561211830153 3
stats: session 10 15908.875699999999 6916.398644126262 29036.87 8811.53 11803.731333333333 9
stats: users_count 9 35
stats: finish_users_count 10 19
stats: request 26 57.1823846153846 60.64913357810768 996.337 6.621 100.51696078431372 51
stats: connect 9 1.3266666666666667 0.3384661479872593 25.125 1.041 2.098384615384615 26
stats: page 26 57.1823846153846 60.64913357810768 996.337 6.621 100.51696078431372 51
stats: 302 9 18
stats: 200 17 59
stats: size_rcv 182358 651541
stats: size_sent 18072 44511
stats: connected 0 17
# stats: dump at 1575345025
stats: users 17 20
stats: {load,"tsung_controller@ip-172-31-21-52"} 1 0.0 0.0 0.0 0.0 0.0 4
stats: {freemem,"tsung_controller@ip-172-31-21-52"} 1 3507.00390625 0.0 3508.6640625 3506.21484375 3507.60546875 4
stats: {recvpackets,"tsung_controller@ip-172-31-21-52"} 1 227.0 0.0 227 137 182.33333333333334 3
stats: {sentpackets,"tsung_controller@ip-172-31-21-52"} 1 186.0 0.0 191 104 150.66666666666666 3
stats: {cpu,"tsung_controller@ip-172-31-21-52"} 1 0.30060120240480964 0.0 3.631468363549045 0.30060120240480964 1.1830173914884639 4
stats: session 9 18965.916444444447 9771.41095614138 32595.195 7522.936 13964.333631578946 19
stats: users_count 10 45
stats: finish_users_count 9 28
stats: request 27 44.47181481481481 49.31912288279943 996.337 6.571 85.88450649350648 77
stats: connect 9 1.1298888888888887 0.08277740492086051 25.125 0.946 1.899942857142857 35
stats: page 27 44.47181481481481 49.31912288279943 996.337 6.571 85.88450649350648 77
stats: 302 9 27
stats: 200 18 77
stats: size_rcv 190107 841648
stats: size_sent 18698 63209
stats: connected 0 17
# stats: dump at 1575345035
stats: users 21 23
stats: {load,"tsung_controller@ip-172-31-21-52"} 1 0.0 0.0 0.0 0.0 0.0 5
stats: {freemem,"tsung_controller@ip-172-31-21-52"} 1 3504.8359375 0.0 3508.6640625 3504.8359375 3507.48515625 5
stats: {recvpackets,"tsung_controller@ip-172-31-21-52"} 1 261.0 0.0 261 137 193.5 4
stats: {sentpackets,"tsung_controller@ip-172-31-21-52"} 1 230.0 0.0 230 104 159.5 4
stats: {cpu,"tsung_controller@ip-172-31-21-52"} 1 0.4995004995004995 0.0 3.631468363549045 0.30060120240480964 1.006534153671733 5
stats: session 9 16034.948777777776 6724.0016607741645 32595.195 7522.936 15571.98525 28
stats: users_count 13 58
stats: finish_users_count 9 37
stats: request 38 28.32915789473685 35.96565932395301 996.337 6.571 75.1331346153846 104
stats: connect 14 1.1559999999999995 0.08563543992663658 25.125 0.934 1.742431818181818 44
stats: page 38 28.32915789473685 35.96565932395301 996.337 6.571 75.1331346153846 104
stats: 302 10 37
stats: 200 28 105
stats: size_rcv 295130 1136778
stats: size_sent 23994 87203
stats: connected 4 21
# stats: dump at 1575345045
stats: users 20 23
stats: {load,"tsung_controller@ip-172-31-21-52"} 1 0.0 0.0 0.0 0.0 0.0 6
stats: {freemem,"tsung_controller@ip-172-31-21-52"} 1 3503.75390625 0.0 3508.6640625 3503.75390625 3507.0436197916665 6
stats: {recvpackets,"tsung_controller@ip-172-31-21-52"} 1 300.0 0.0 300 137 207.0 5
stats: {sentpackets,"tsung_controller@ip-172-31-21-52"} 1 256.0 0.0 256 104 173.6 5
stats: {cpu,"tsung_controller@ip-172-31-21-52"} 1 0.3009027081243731 0.0 3.631468363549045 0.30060120240480964 0.9220285446431942 6
stats: session 12 16515.07841666666 9495.738588174121 38090.767 6485.4 15684.597999999998 37
stats: users_count 11 69
stats: finish_users_count 12 49
stats: request 33 40.85581818181818 43.53211941352739 996.337 6.517 62.60812676056337 142
stats: connect 10 2.0538999999999996 2.8590870728258704 25.125 0.934 1.6008793103448273 58
stats: page 33 40.85581818181818 43.53211941352739 996.337 6.517 62.60812676056337 142
stats: 302 12 49
stats: 200 21 126
stats: size_rcv 219275 1356053
stats: newphase 1 1
stats: size_sent 24528 111731
stats: connected -2 19
# stats: dump at 1575345055
stats: users 27 28
stats: {load,"tsung_controller@ip-172-31-21-52"} 1 0.0 0.0 0.0 0.0 0.0 7
stats: {freemem,"tsung_controller@ip-172-31-21-52"} 1 3502.3125 0.0 3508.6640625 3502.3125 3506.573660714286 7
stats: {recvpackets,"tsung_controller@ip-172-31-21-52"} 1 264.0 0.0 300 137 222.5 6
stats: {sentpackets,"tsung_controller@ip-172-31-21-52"} 1 229.0 0.0 256 104 187.33333333333334 6
stats: {cpu,"tsung_controller@ip-172-31-21-52"} 1 0.4008016032064128 0.0 3.631468363549045 0.30060120240480964 0.8332962822833626 7
stats: session 12 17459.322583333338 7680.969287961833 38090.767 6485.4 15887.98095918367 49
stats: users_count 19 88
stats: finish_users_count 12 61
stats: request 43 34.948581395348846 46.725153764716474 996.337 6.06 58.50626285714286 175
stats: connect 19 1.0836842105263154 0.12225170438229785 25.125 0.782 1.6674999999999998 68
stats: page 43 34.948581395348846 46.725153764716474 996.337 6.06 58.50626285714286 175
stats: 302 12 61
stats: 200 31 157
stats: size_rcv 346058 1702111
stats: newphase 0 1
stats: size_sent 25807 137538
stats: connected 7 26
# stats: dump at 1575345065
stats: users 27 31
stats: {load,"tsung_controller@ip-172-31-21-52"} 1 0.0 0.0 0.0 0.0 0.0 8
stats: {freemem,"tsung_controller@ip-172-31-21-52"} 1 3501.8359375 0.0 3508.6640625 3501.8359375 3506.041015625 8
stats: {recvpackets,"tsung_controller@ip-172-31-21-52"} 1 408.0 0.0 408 137 228.42857142857142 7
stats: {sentpackets,"tsung_controller@ip-172-31-21-52"} 1 341.0 0.0 341 104 193.28571428571428 7
stats: {cpu,"tsung_controller@ip-172-31-21-52"} 1 0.4008016032064128 0.0 3.631468363549045 0.30060120240480964 0.7792344473987438 8
stats: session 12 17975.137000000002 8209.027336698442 38090.767 6485.4 16197.097344262293 61
stats: users_count 12 100
stats: finish_users_count 12 73
stats: request 37 31.32972972972973 34.58802964677047 996.337 6.06 53.859564220183486 218
stats: connect 13 1.1966153846153849 0.23700001248345898 25.125 0.782 1.5399999999999998 87
stats: page 37 31.32972972972973 34.58802964677047 996.337 6.06 53.859564220183486 218
stats: 302 12 73
stats: 200 25 182
stats: size_rcv 266702 1968813
stats: newphase 0 1
stats: size_sent 25123 162661
stats: connected 1 27
# stats: dump at 1575345075
stats: users 30 33
stats: {load,"tsung_controller@ip-172-31-21-52"} 1 0.0 0.0 0.0 0.0 0.0 9
stats: {freemem,"tsung_controller@ip-172-31-21-52"} 1 3501.96875 0.0 3508.6640625 3501.8359375 3505.573784722222 9
stats: {recvpackets,"tsung_controller@ip-172-31-21-52"} 1 292.0 0.0 408 137 250.875 8
stats: {sentpackets,"tsung_controller@ip-172-31-21-52"} 1 251.0 0.0 341 104 211.75 8
stats: {cpu,"tsung_controller@ip-172-31-21-52"} 1 0.3009027081243731 0.0 3.631468363549045 0.30060120240480964 0.7371863535995958 9
stats: session 14 16679.712071428574 7847.434277137979 40631.844 6485.4 16489.377835616437 73
stats: users_count 17 117
stats: finish_users_count 14 87
stats: request 52 27.44282692307693 33.12297298687537 996.337 6.06 50.59052941176471 255
stats: connect 17 1.1381176470588241 0.09300150685239794 25.125 0.782 1.49536 100
stats: page 52 27.44282692307693 33.12297298687537 996.337 6.06 50.59052941176471 255
stats: 302 14 87
stats: 200 38 220
stats: size_rcv 389643 2358456
stats: newphase 0 1
stats: size_sent 33903 196564
stats: connected 3 30
# stats: dump at 1575345085
stats: users 23 33
stats: {load,"tsung_controller@ip-172-31-21-52"} 1 0.0 0.0 0.0 0.0 0.0 10
stats: {freemem,"tsung_controller@ip-172-31-21-52"} 1 3501.61328125 0.0 3508.6640625 3501.61328125 3505.21328125 10
stats: {recvpackets,"tsung_controller@ip-172-31-21-52"} 1 428.0 0.0 428 137 255.44444444444446 9
stats: {sentpackets,"tsung_controller@ip-172-31-21-52"} 1 343.0 0.0 343 104 216.11111111111111 9
stats: {cpu,"tsung_controller@ip-172-31-21-52"} 1 0.4008016032064128 0.0 3.631468363549045 0.30060120240480964 0.6935579890520736 10
stats: session 23 18333.28856521739 9664.941714761606 40631.844 6485.4 16520.006333333335 87
stats: users_count 16 133
stats: finish_users_count 23 110
stats: request 52 39.29684615384616 36.97503521160471 996.337 6.06 46.66974592833876 307
stats: connect 16 1.0719999999999996 0.0942523209263305 25.125 0.782 1.4434529914529917 117
stats: page 52 39.29684615384616 36.97503521160471 996.337 6.06 46.66974592833876 307
stats: 302 22 109
stats: 200 30 250
stats: size_rcv 323368 2681824
stats: newphase 0 1
stats: size_sent 39696 236260
stats: connected -6 24
# stats: dump at 1575345095
stats: users 25 33
stats: {load,"tsung_controller@ip-172-31-21-52"} 1 0.0 0.0 0.0 0.0 0.0 11
stats: {freemem,"tsung_controller@ip-172-31-21-52"} 1 3500.89453125 0.0 3508.6640625 3500.89453125 3504.8860085227275 11
stats: {recvpackets,"tsung_controller@ip-172-31-21-52"} 1 363.0 0.0 428 137 272.7 10
stats: {sentpackets,"tsung_controller@ip-172-31-21-52"} 1 324.0 0.0 343 104 228.8 10
stats: {cpu,"tsung_controller@ip-172-31-21-52"} 1 0.5 0.0 3.631468363549045 0.30060120240480964 0.6669437721570134 11
stats: session 11 21592.899909090913 11514.769879899843 44593.867 6485.4 16899.147163636364 110
stats: users_count 13 146
stats: finish_users_count 11 121
stats: request 40 29.751150000000013 34.70335271018494 996.337 5.478 45.60180501392758 359
stats: connect 13 1.0696153846153846 0.19898223286033062 25.125 0.765 1.398766917293233 133
stats: page 40 29.751150000000013 34.70335271018494 996.337 5.478 45.60180501392758 359
stats: 302 12 121
stats: 200 28 278
stats: size_rcv 289961 2971785
stats: newphase 0 1
stats: size_sent 26923 263183
stats: connected 1 25
# stats: dump at 1575345105
stats: users 31 33
stats: {load,"tsung_controller@ip-172-31-21-52"} 1 0.0 0.0 0.0 0.0 0.0 12
stats: {freemem,"tsung_controller@ip-172-31-21-52"} 1 3500.54296875 0.0 3508.6640625 3500.54296875 3504.5533854166665 12
stats: {recvpackets,"tsung_controller@ip-172-31-21-52"} 1 344.0 0.0 428 137 280.90909090909093 11
stats: {sentpackets,"tsung_controller@ip-172-31-21-52"} 1 306.0 0.0 343 104 237.45454545454547 11
stats: {cpu,"tsung_controller@ip-172-31-21-52"} 1 0.501002004008016 0.0 3.631468363549045 0.30060120240480964 0.653031791143929 12
stats: session 16 16962.714687499996 7648.935729080229 44593.867 6485.4 17325.851958677686 121
stats: users_count 22 168
stats: finish_users_count 16 137
stats: request 47 39.19059574468085 56.18434493573681 996.337 5.478 44.01276691729324 399
stats: connect 21 1.5651428571428565 2.016228097586332 25.125 0.765 1.369458904109589 146
stats: page 47 39.19059574468085 56.18434493573681 996.337 5.478 44.01276691729324 399
stats: 302 16 137
stats: 200 31 309
stats: size_rcv 357620 3329405
stats: newphase 1 2
stats: size_sent 30695 293878
stats: connected 5 30
# stats: dump at 1575345115
stats: users 52 52
stats: {load,"tsung_controller@ip-172-31-21-52"} 1 0.0 0.0 0.0 0.0 0.0 13
stats: {freemem,"tsung_controller@ip-172-31-21-52"} 1 3501.03515625 0.0 3508.6640625 3500.54296875 3504.244891826923 13
stats: {recvpackets,"tsung_controller@ip-172-31-21-52"} 1 430.0 0.0 430 137 286.1666666666667 12
stats: {sentpackets,"tsung_controller@ip-172-31-21-52"} 1 347.0 0.0 347 104 243.16666666666666 12
stats: {cpu,"tsung_controller@ip-172-31-21-52"} 1 0.501002004008016 0.0 3.631468363549045 0.30060120240480964 0.6413371921334742 13
stats: session 8 13796.901375 5655.820606241634 44593.867 6485.4 17283.441766423355 137
stats: users_count 29 197
stats: finish_users_count 8 145
stats: request 64 17.366437500000004 25.10661949247337 996.337 5.478 43.50460089686099 446
stats: connect 29 1.0875862068965518 0.13164568886202538 25.125 0.765 1.394065868263473 167
stats: page 64 17.366437500000004 25.10661949247337 996.337 5.478 43.50460089686099 446
stats: 302 8 145
stats: 200 56 365
stats: size_rcv 593969 3923374
stats: newphase 0 2
stats: size_sent 32433 326311
stats: connected 21 51
# stats: dump at 1575345125
stats: users 44 52
stats: {load,"tsung_controller@ip-172-31-21-52"} 1 0.0 0.0 0.0 0.0 0.0 14
stats: {freemem,"tsung_controller@ip-172-31-21-52"} 1 3497.046875 0.0 3508.6640625 3497.046875 3504.015625 14
stats: {recvpackets,"tsung_controller@ip-172-31-21-52"} 1 611.0 0.0 611 137 297.2307692307692 13
stats: {sentpackets,"tsung_controller@ip-172-31-21-52"} 1 491.0 0.0 491 104 251.15384615384616 13
stats: {cpu,"tsung_controller@ip-172-31-21-52"} 1 0.3015075376884422 0.0 3.631468363549045 0.30060120240480964 0.6313132501245129 14
stats: session 29 16538.690724137934 9647.385971313544 44593.867 6164.516 17091.08091724138 145
stats: users_count 21 218
stats: finish_users_count 29 174
stats: request 73 37.162246575342444 37.679027765639844 996.337 5.478 40.22451764705883 510
stats: connect 22 1.1365 0.10636077113467923 25.125 0.765 1.348719387755102 196
stats: page 73 37.162246575342444 37.679027765639844 996.337 5.478 40.22451764705883 510
stats: 302 28 173
stats: 200 45 410
stats: size_rcv 473371 4396745
stats: newphase 0 2
stats: size_sent 53878 380189
stats: connected -6 45
# stats: dump at 1575345135
stats: users 39 52
stats: {load,"tsung_controller@ip-172-31-21-52"} 1 0.0 0.0 0.0 0.0 0.0 15
stats: {freemem,"tsung_controller@ip-172-31-21-52"} 1 3493.90625 0.0 3508.6640625 3493.90625 3503.5510416666666 15
stats: {recvpackets,"tsung_controller@ip-172-31-21-52"} 1 549.0 0.0 611 137 319.64285714285717 14
stats: {sentpackets,"tsung_controller@ip-172-31-21-52"} 1 486.0 0.0 491 104 268.2857142857143 14
stats: {cpu,"tsung_controller@ip-172-31-21-52"} 1 0.6018054162487462 0.0 3.631468363549045 0.30060120240480964 0.6093262026287749 15
stats: session 23 21980.571608695656 12431.94422976651 49640.68 6164.516 16999.01588505747 174
stats: users_count 18 236
stats: finish_users_count 23 197
stats: request 62 36.63456451612903 36.92190269693542 996.337 5.478 39.841077186963986 583
stats: connect 18 1.352666666666667 0.42185805933065007 25.125 0.765 1.3273027522935779 218
stats: page 62 36.63456451612903 36.92190269693542 996.337 5.478 39.841077186963986 583
stats: 302 24 197
stats: 200 38 448
stats: size_rcv 396624 4793369
stats: newphase 0 2
stats: size_sent 46242 426431
stats: connected -6 39
# stats: dump at 1575345145
stats: users 41 52
stats: {load,"tsung_controller@ip-172-31-21-52"} 1 0.0 0.0 0.0 0.0 0.0 16
stats: {freemem,"tsung_controller@ip-172-31-21-52"} 1 3492.46484375 0.0 3508.6640625 3492.46484375 3502.9482421875 16
stats: {recvpackets,"tsung_controller@ip-172-31-21-52"} 1 447.0 0.0 611 137 334.93333333333334 15
stats: {sentpackets,"tsung_controller@ip-172-31-21-52"} 1 395.0 0.0 491 104 282.8 15
stats: {cpu,"tsung_controller@ip-172-31-21-52"} 1 0.5020080321285141 0.0 3.631468363549045 0.30060120240480964 0.6088561534800231 16
stats: session 17 16214.501705882352 8788.962504694602 49640.68 6164.516 17580.618837563452 197
stats: users_count 19 255
stats: finish_users_count 17 214
stats: request 59 27.358610169491527 33.07209565249884 996.337 5.478 39.5328542635659 645
stats: connect 19 1.146105263157895 0.12199607186809969 25.125 0.765 1.3292372881355932 236
stats: page 59 27.358610169491527 33.07209565249884 996.337 5.478 39.5328542635659 645
stats: 302 16 213
stats: 200 43 491
stats: size_rcv 439654 5233023
stats: newphase 0 2
stats: size_sent 38733 465164
stats: connected 3 42
# stats: dump at 1575345155
stats: users 28 52
stats: {load,"tsung_controller@ip-172-31-21-52"} 1 0.0 0.0 0.0 0.0 0.0 17
stats: {freemem,"tsung_controller@ip-172-31-21-52"} 1 3492.45703125 0.0 3508.6640625 3492.45703125 3502.3315716911766 17
stats: {recvpackets,"tsung_controller@ip-172-31-21-52"} 1 594.0 0.0 611 137 341.9375 16
stats: {sentpackets,"tsung_controller@ip-172-31-21-52"} 1 499.0 0.0 499 104 289.8125 16
stats: {cpu,"tsung_controller@ip-172-31-21-52"} 1 0.8999999999999999 0.0 3.631468363549045 0.30060120240480964 0.6025709698711107 17
stats: session 27 21858.513962962963 11476.555014743693 49640.68 5911.1 17472.095514018692 214
stats: users_count 14 269
stats: finish_users_count 27 241
stats: request 63 40.650873015873 37.29931443580029 996.337 5.478 38.512569602272734 704
stats: connect 14 1.1439285714285714 0.08626161560352673 25.125 0.765 1.315592156862745 255
stats: page 63 40.650873015873 37.29931443580029 996.337 5.478 38.512569602272734 704
stats: 302 28 241
stats: 200 35 526
stats: size_rcv 352065 5585088
stats: newphase 0 2
stats: size_sent 50982 516146
stats: connected -14 28
# stats: dump at 1575345165
stats: users 23 52
stats: {load,"tsung_controller@ip-172-31-21-52"} 1 0.0 0.0 0.0 0.0 0.0 18
stats: {freemem,"tsung_controller@ip-172-31-21-52"} 1 3492.484375 0.0 3508.6640625 3492.45703125 3501.7829861111113 18
stats: {recvpackets,"tsung_controller@ip-172-31-21-52"} 1 346.0 0.0 611 137 356.7647058823529 17
stats: {sentpackets,"tsung_controller@ip-172-31-21-52"} 1 311.0 0.0 499 104 302.11764705882354 17
stats: {cpu,"tsung_controller@ip-172-31-21-52"} 1 0.7000000000000001 0.0 3.631468363549045 0.30060120240480964 0.6190948048782713 18
stats: session 18 18235.430833333332 8892.947541733776 49640.68 5911.1 17963.51998755187 241
stats: users_count 13 282
stats: finish_users_count 18 259
stats: request 42 41.62292857142857 39.38849752414001 996.337 5.478 38.688205997392444 767
stats: connect 12 2.0825833333333335 3.076530173705797 25.125 0.765 1.3066579925650557 269
stats: page 42 41.62292857142857 39.38849752414001 996.337 5.478 38.688205997392444 767
stats: 302 18 259
stats: 200 24 550
stats: size_rcv 254382 5839470
stats: newphase 1 3
stats: size_sent 32570 548716
stats: connected -6 22
# stats: dump at 1575345175
stats: users 48 52
stats: {load,"tsung_controller@ip-172-31-21-52"} 1 0.0 0.0 0.0 0.0 0.0 19
stats: {freemem,"tsung_controller@ip-172-31-21-52"} 1 3492.37109375 0.0 3508.6640625 3492.37109375 3501.293585526316 19
stats: {recvpackets,"tsung_controller@ip-172-31-21-52"} 1 407.0 0.0 611 137 356.1666666666667 18
stats: {sentpackets,"tsung_controller@ip-172-31-21-52"} 1 346.0 0.0 499 104 302.6111111111111 18
stats: {cpu,"tsung_controller@ip-172-31-21-52"} 1 0.6012024048096193 0.0 3.631468363549045 0.30060120240480964 0.6233529730425728 19
stats: session 17 20640.249705882354 11163.711520172565 49640.68 5641.688 17982.41726640927 259
stats: users_count 42 324
stats: finish_users_count 17 276
stats: request 84 22.312749999999994 29.902171340522685 996.337 5.478 38.84056489493202 809
stats: connect 43 1.1375813953488372 0.11913588734662184 25.125 0.765 1.3397935943060497 281
stats: page 84 22.312749999999994 29.902171340522685 996.337 5.478 38.84056489493202 809
stats: 302 17 276
stats: 200 67 617
stats: size_rcv 757227 6596697
stats: newphase 0 3
stats: size_sent 44974 593690
stats: connected 26 48
# stats: dump at 1575345185
stats: users 55 57
stats: {load,"tsung_controller@ip-172-31-21-52"} 1 0.0 0.0 0.0 0.0 0.0 20
stats: {freemem,"tsung_controller@ip-172-31-21-52"} 1 3491.65234375 0.0 3508.6640625 3491.65234375 3500.8474609375 20
stats: {recvpackets,"tsung_controller@ip-172-31-21-52"} 1 748.0 0.0 748 137 358.8421052631579 19
stats: {sentpackets,"tsung_controller@ip-172-31-21-52"} 1 620.0 0.0 620 104 304.89473684210526 19
stats: {cpu,"tsung_controller@ip-172-31-21-52"} 1 0.6030150753768844 0.0 3.631468363549045 0.30060120240480964 0.6222454446309251 20
stats: session 24 12225.401333333335 3236.461298942458 49640.68 5641.688 18146.124336956524 276
stats: users_count 31 355
stats: finish_users_count 24 300
stats: request 88 30.050863636363648 36.97598395063705 996.337 5.478 37.285876819708854 893
stats: connect 31 1.1322903225806449 0.12116030265151054 25.125 0.765 1.3129567901234567 324
stats: page 88 30.050863636363648 36.97598395063705 996.337 5.478 37.285876819708854 893
stats: 302 24 300
stats: 200 64 681
stats: size_rcv 669299 7265996
stats: newphase 0 3
stats: size_sent 57974 651664
stats: connected 7 55
# stats: dump at 1575345195
stats: users 53 58
stats: {load,"tsung_controller@ip-172-31-21-52"} 1 0.0 0.0 0.0 0.0 0.0 21
stats: {freemem,"tsung_controller@ip-172-31-21-52"} 1 3490.43359375 0.0 3508.6640625 3490.43359375 3500.409598214286 21
stats: {recvpackets,"tsung_controller@ip-172-31-21-52"} 1 786.0 0.0 786 137 378.3 20
stats: {sentpackets,"tsung_controller@ip-172-31-21-52"} 1 676.0 0.0 676 104 320.65 20
stats: {cpu,"tsung_controller@ip-172-31-21-52"} 1 0.7035175879396985 0.0 3.631468363549045 0.30060120240480964 0.6213297127616851 21
stats: session 36 13770.439277777778 6695.095460956237 49640.68 5641.688 17672.46649666667 300
stats: users_count 34 389
stats: finish_users_count 36 336
stats: request 100 33.85260999999998 36.27444609553534 996.337 5.384 36.636864424057094 981
stats: connect 34 1.173911764705883 0.20572388228872376 25.125 0.765 1.2971802816901408 355
stats: page 100 33.85260999999998 36.27444609553534 996.337 5.384 36.636864424057094 981
stats: 302 35 335
stats: 200 65 746
stats: size_rcv 695118 7961114
stats: newphase 0 3
stats: size_sent 70233 721897
stats: connected -1 54
# stats: dump at 1575345205
stats: users 60 66
stats: {load,"tsung_controller@ip-172-31-21-52"} 1 0.0 0.0 0.0 0.0 0.0 22
stats: {freemem,"tsung_controller@ip-172-31-21-52"} 1 3491.171875 0.0 3508.6640625 3490.43359375 3499.956143465909 22
stats: {recvpackets,"tsung_controller@ip-172-31-21-52"} 1 858.0 0.0 858 137 397.7142857142857 21
stats: {sentpackets,"tsung_controller@ip-172-31-21-52"} 1 738.0 0.0 738 104 337.57142857142856 21
stats: {cpu,"tsung_controller@ip-172-31-21-52"} 1 0.8032128514056224 0.0 3.631468363549045 0.30060120240480964 0.6250655252697767 22
stats: session 34 15043.99311764706 6755.39745822219 49640.68 5641.688 17254.39215178572 336
stats: users_count 41 430
stats: finish_users_count 34 370
stats: request 121 29.59745454545455 35.327774491126206 996.337 5.384 36.379301572617955 1081
stats: connect 41 1.0225365853658532 0.12337630273332534 25.125 0.736 1.2864061696658098 389
stats: page 121 29.59745454545455 35.327774491126206 996.337 5.384 36.379301572617955 1081
stats: 302 35 370
stats: 200 86 832
stats: size_rcv 896186 8857300
stats: newphase 0 3
stats: size_sent 78633 800530
stats: connected 6 60
# stats: dump at 1575345215
stats: users 58 66
stats: {load,"tsung_controller@ip-172-31-21-52"} 1 0.0 0.0 0.0 0.0 0.0 23
stats: {freemem,"tsung_controller@ip-172-31-21-52"} 1 3489.82421875 0.0 3508.6640625 3489.82421875 3499.57421875 23
stats: {recvpackets,"tsung_controller@ip-172-31-21-52"} 1 926.0 0.0 926 137 418.6363636363636 22
stats: {sentpackets,"tsung_controller@ip-172-31-21-52"} 1 774.0 0.0 774 104 355.77272727272725 22
stats: {cpu,"tsung_controller@ip-172-31-21-52"} 1 0.9018036072144289 0.0 3.631468363549045 0.30060120240480964 0.6328110611887264 23
stats: session 40 15303.015975000006 7195.193697084894 49640.68 5641.688 17051.274402702707 370
stats: users_count 38 468
stats: finish_users_count 40 410
stats: request 96 37.20703124999998 43.36535096096621 996.337 5.384 35.69660316139768 1202
stats: connect 37 1.0591621621621623 0.177302537826308 25.125 0.736 1.261246511627907 430
stats: page 96 37.20703124999998 43.36535096096621 996.337 5.384 35.69660316139768 1202
stats: 302 35 405
stats: 200 61 893
stats: size_rcv 680553 9537853
stats: newphase 0 3
stats: size_sent 69154 869684
stats: connected 2 62
# stats: dump at 1575345225
stats: users 90 90
stats: {load,"tsung_controller@ip-172-31-21-52"} 1 0.0 0.0 0.0 0.0 0.0 24
stats: {freemem,"tsung_controller@ip-172-31-21-52"} 1 3489.09765625 0.0 3508.6640625 3489.09765625 3499.16796875 24
stats: {recvpackets,"tsung_controller@ip-172-31-21-52"} 1 843.0 0.0 926 137 440.69565217391306 23
stats: {sentpackets,"tsung_controller@ip-172-31-21-52"} 1 706.0 0.0 774 104 373.95652173913044 23
stats: {cpu,"tsung_controller@ip-172-31-21-52"} 1 0.8032128514056224 0.0 3.631468363549045 0.30060120240480964 0.6440190839397973 24
stats: session 25 13507.510399999997 5051.49779346937 49640.68 5641.688 16880.712604878056 410
stats: users_count 57 525
stats: finish_users_count 25 435
stats: request 128 28.6586484375 44.76131380070816 996.337 5.384 35.808314329738074 1298
stats: connect 54 1.1285370370370373 0.7459115157771723 25.125 0.736 1.2452355460385438 467
stats: page 128 28.6586484375 44.76131380070816 996.337 5.384 35.808314329738074 1298
stats: 302 29 434
stats: 200 99 992
stats: size_rcv 1067230 10605083
stats: newphase 1 4
stats: size_sent 72519 942203
stats: connected 25 87
# stats: dump at 1575345235
stats: users 94 101
stats: {load,"tsung_controller@ip-172-31-21-52"} 1 0.0 0.0 0.0 0.0 0.0 25
stats: {freemem,"tsung_controller@ip-172-31-21-52"} 1 3485.10546875 0.0 3508.6640625 3485.10546875 3498.76515625 25
stats: {recvpackets,"tsung_controller@ip-172-31-21-52"} 1 1232.0 0.0 1232 137 457.4583333333333 24
stats: {sentpackets,"tsung_controller@ip-172-31-21-52"} 1 1053.0 0.0 1053 104 387.7916666666667 24
stats: {cpu,"tsung_controller@ip-172-31-21-52"} 1 0.906344410876133 0.0 3.631468363549045 0.30060120240480964 0.6503868346384303 25
stats: session 48 15886.394395833331 7358.847554174039 49640.68 5641.688 16686.850409195406 435
stats: users_count 52 577
stats: finish_users_count 48 483
stats: request 154 31.478077922077915 36.92921362298567 996.337 5.384 35.16654908835906 1426
stats: connect 56 1.0465714285714287 0.1775700925130751 25.125 0.736 1.2331401151631478 521
stats: page 154 31.478077922077915 36.92921362298567 996.337 5.384 35.16654908835906 1426
stats: 302 48 482
stats: 200 106 1098
stats: size_rcv 1129781 11734864
stats: newphase 0 4
stats: size_sent 103003 1045206
stats: connected 7 94
# stats: dump at 1575345245
stats: users 97 103
stats: {load,"tsung_controller@ip-172-31-21-52"} 1 0.0 0.0 0.0 0.0 0.0 26
stats: {freemem,"tsung_controller@ip-172-31-21-52"} 1 3478.80078125 0.0 3508.6640625 3478.80078125 3498.239783653846 26
stats: {recvpackets,"tsung_controller@ip-172-31-21-52"} 1 1203.0 0.0 1232 137 488.44 25
stats: {sentpackets,"tsung_controller@ip-172-31-21-52"} 1 1028.0 0.0 1053 104 414.4 25
stats: {cpu,"tsung_controller@ip-172-31-21-52"} 1 1.2048192771084338 0.0 3.631468363549045 0.30060120240480964 0.6602313568014189 26
stats: session 54 18347.296666666654 12178.825111115764 79475.726 5641.688 16607.30198550725 483
stats: users_count 57 634
stats: finish_users_count 54 537
stats: request 163 33.08711042944785 36.872718533645234 996.337 5.384 34.807039873417736 1580
stats: connect 56 1.0261428571428568 0.198681136189501 25.125 0.736 1.2150329289428077 577
stats: page 163 33.08711042944785 36.872718533645234 996.337 5.384 34.807039873417736 1580
stats: 302 54 536
stats: 200 109 1207
stats: size_rcv 1159399 12894263
stats: newphase 0 4
stats: size_sent 112098 1157304
stats: connected 2 96
# stats: dump at 1575345255
stats: users 100 107
stats: {load,"tsung_controller@ip-172-31-21-52"} 1 0.0 0.0 0.0 0.0 0.0 27
stats: {freemem,"tsung_controller@ip-172-31-21-52"} 1 3476.3671875 0.0 3508.6640625 3476.3671875 3497.5198206018517 27
stats: {recvpackets,"tsung_controller@ip-172-31-21-52"} 1 1429.0 0.0 1429 137 515.9230769230769 26
stats: {sentpackets,"tsung_controller@ip-172-31-21-52"} 1 1187.0 0.0 1187 104 438.0 26
stats: {cpu,"tsung_controller@ip-172-31-21-52"} 1 1.2072434607645874 0.0 3.631468363549045 0.30060120240480964 0.6804012797757528 27
stats: session 56 18468.839249999986 12377.211780569343 79475.726 5641.688 16782.273517690875 537
stats: users_count 59 693
stats: finish_users_count 56 593
stats: request 178 30.618617977528096 34.33818995576687 996.337 5.384 34.64619736087207 1743
stats: connect 59 1.0850677966101696 0.18185837891032364 25.125 0.736 1.1983222748815165 633
stats: page 178 30.618617977528096 34.33818995576687 996.337 5.384 34.64619736087207 1743
stats: 302 55 591
stats: 200 123 1330
stats: size_rcv 1284465 14178728
stats: newphase 0 4
stats: size_sent 120478 1277782
stats: connected 4 100
# stats: dump at 1575345265
stats: users 94 107
stats: {load,"tsung_controller@ip-172-31-21-52"} 1 0.0 0.0 0.0 0.0 0.0 28
stats: {freemem,"tsung_controller@ip-172-31-21-52"} 1 3477.20703125 0.0 3508.6640625 3476.3671875 3496.7643694196427 28
stats: {recvpackets,"tsung_controller@ip-172-31-21-52"} 1 1438.0 0.0 1438 137 549.7407407407408 27
stats: {sentpackets,"tsung_controller@ip-172-31-21-52"} 1 1227.0 0.0 1227 104 465.74074074074076 27
stats: {cpu,"tsung_controller@ip-172-31-21-52"} 1 1.6064257028112447 0.0 3.631468363549045 0.30060120240480964 0.6992170719539255 28
stats: session 64 16958.386390625 9541.691292597994 79475.726 5641.688 16941.544480607085 593
stats: users_count 58 751
stats: finish_users_count 64 657
stats: request 166 38.63903012048191 42.198506693789994 996.337 5.143 34.27300156168663 1921
stats: connect 56 1.0318571428571426 0.09687628866818984 25.125 0.736 1.1886661849710982 692
stats: page 166 38.63903012048191 42.198506693789994 996.337 5.143 34.27300156168663 1921
stats: 302 64 655
stats: 200 102 1432
stats: size_rcv 1106646 15285374
stats: newphase 0 4
stats: size_sent 120588 1398370
stats: connected -8 92
# stats: dump at 1575345275
stats: users 95 107
stats: {load,"tsung_controller@ip-172-31-21-52"} 1 0.0 0.0 0.0 0.0 0.0 29
stats: {freemem,"tsung_controller@ip-172-31-21-52"} 1 3477.078125 0.0 3508.6640625 3476.3671875 3496.089978448276 29
stats: {recvpackets,"tsung_controller@ip-172-31-21-52"} 1 1279.0 0.0 1438 137 581.4642857142857 28
stats: {sentpackets,"tsung_controller@ip-172-31-21-52"} 1 1107.0 0.0 1227 104 492.92857142857144 28
stats: {cpu,"tsung_controller@ip-172-31-21-52"} 1 1.6016016016016015 0.0 3.631468363549045 0.30060120240480964 0.7305001281903847 29
stats: session 47 17097.981787234043 9049.30115883543 79475.726 5641.688 16943.185092846274 657
stats: users_count 48 799
stats: finish_users_count 47 704
stats: request 154 31.65323376623377 36.48461681628394 996.337 5.143 34.62027551509344 2087
stats: connect 50 0.95658 0.12704630494429972 25.125 0.732 1.1769264705882354 748
stats: page 154 31.65323376623377 36.48461681628394 996.337 5.143 34.62027551509344 2087
stats: 302 48 703
stats: 200 106 1538
stats: size_rcv 1102396 16387770
stats: newphase 0 4
stats: size_sent 106067 1504437
stats: connected 2 94
# stats: dump at 1575345285
stats: users 107 109
stats: {load,"tsung_controller@ip-172-31-21-52"} 1 0.0 0.0 0.0 0.0 0.0 30
stats: {freemem,"tsung_controller@ip-172-31-21-52"} 1 3477.7890625 0.0 3508.6640625 3476.3671875 3495.45625 30
stats: {recvpackets,"tsung_controller@ip-172-31-21-52"} 1 1217.0 0.0 1438 137 605.5172413793103 29
stats: {sentpackets,"tsung_controller@ip-172-31-21-52"} 1 1072.0 0.0 1227 104 514.1034482758621 29
stats: {cpu,"tsung_controller@ip-172-31-21-52"} 1 0.8064516129032258 0.0 3.631468363549045 0.30060120240480964 0.7595368439707586 30
stats: session 59 17951.59769491525 10320.868173159402 79475.726 5641.688 16953.519531250004 704
stats: users_count 71 870
stats: finish_users_count 59 763
stats: request 183 31.471819672131133 36.52255218437477 996.337 5.143 34.416382418563146 2241
stats: connect 71 1.3850281690140847 2.2394824161319624 25.125 0.732 1.1631203007518798 798
stats: page 183 31.471819672131133 36.52255218437477 996.337 5.143 34.416382418563146 2241
stats: 302 57 760
stats: 200 126 1664
stats: size_rcv 1368242 17756012
stats: newphase 1 5
stats: size_sent 119585 1624022
stats: connected 14 108
# stats: dump at 1575345295
stats: users 147 150
stats: {load,"tsung_controller@ip-172-31-21-52"} 1 0.0 0.0 0.0 0.0 0.0 31
stats: {freemem,"tsung_controller@ip-172-31-21-52"} 1 3477.51171875 0.0 3508.6640625 3476.3671875 3494.8863407258063 31
stats: {recvpackets,"tsung_controller@ip-172-31-21-52"} 1 1703.0 0.0 1703 137 625.9 30
stats: {sentpackets,"tsung_controller@ip-172-31-21-52"} 1 1448.0 0.0 1448 104 532.7 30
stats: {cpu,"tsung_controller@ip-172-31-21-52"} 1 1.6064257028112447 0.0 3.631468363549045 0.30060120240480964 0.7610502236137413 31
stats: session 55 17589.41069090909 8560.051829037797 79475.726 5641.688 17030.69726605505 763
stats: users_count 95 965
stats: finish_users_count 55 818
stats: request 224 25.845450892857137 33.92764768838582 996.337 5.143 34.19408250825083 2424
stats: connect 96 0.9709375000000008 0.23711257050976858 25.125 0.731 1.1812508630609897 869
stats: page 224 25.845450892857137 33.92764768838582 996.337 5.143 34.19408250825083 2424
stats: 302 54 814
stats: 200 170 1834
stats: size_rcv 1856645 19612657
stats: newphase 0 5
stats: size_sent 134946 1758968
stats: connected 42 150
# stats: dump at 1575345305
stats: users 173 175
stats: {load,"tsung_controller@ip-172-31-21-52"} 1 0.0 0.0 0.0 0.0 0.0 32
stats: {freemem,"tsung_controller@ip-172-31-21-52"} 1 3467.61328125 0.0 3508.6640625 3467.61328125 3494.3433837890625 32
stats: {recvpackets,"tsung_controller@ip-172-31-21-52"} 1 1982.0 0.0 1982 137 660.6451612903226 31
stats: {sentpackets,"tsung_controller@ip-172-31-21-52"} 1 1689.0 0.0 1689 104 562.2258064516129 31
stats: {cpu,"tsung_controller@ip-172-31-21-52"} 1 1.411290322580645 0.0 3.631468363549045 0.30060120240480964 0.7874682073386633 32
stats: session 72 15407.069527777778 6925.747805414387 79475.726 5641.688 17068.26357212714 818
stats: users_count 98 1063
stats: finish_users_count 72 890
stats: request 270 30.720625925925937 40.56913281535234 996.337 5.143 33.48785385196375 2648
stats: connect 96 1.1990937500000003 1.1660595957301114 25.125 0.731 1.1603284974093264 965
stats: page 270 30.720625925925937 40.56913281535234 996.337 5.143 33.48785385196375 2648
stats: 302 73 887
stats: 200 197 2031
stats: size_rcv 2063222 21675879
stats: newphase 0 5
stats: size_sent 171908 1930876
stats: connected 22 172
# stats: dump at 1575345315
stats: users 175 176
stats: {load,"tsung_controller@ip-172-31-21-52"} 1 0.0 0.0 0.0 0.0 0.0 33
stats: {freemem,"tsung_controller@ip-172-31-21-52"} 1 3464.03125 0.0 3508.6640625 3464.03125 3493.533380681818 33
stats: {recvpackets,"tsung_controller@ip-172-31-21-52"} 1 2245.0 0.0 2245 137 701.9375 32
stats: {sentpackets,"tsung_controller@ip-172-31-21-52"} 1 1927.0 0.0 1927 104 597.4375 32
stats: {cpu,"tsung_controller@ip-172-31-21-52"} 1 2.0161290322580645 0.0 3.631468363549045 0.30060120240480964 0.8063719078005415 33
stats: session 96 15956.035593750004 7732.936709391968 79475.726 5428.404 16933.874840449436 890
stats: users_count 98 1161
stats: finish_users_count 96 986
stats: request 286 34.96338111888113 39.22674303353623 996.337 5.143 33.231804660726525 2918
stats: connect 97 1.0562268041237104 0.2064678155770719 25.125 0.728 1.1638360037700284 1061
stats: page 286 34.96338111888113 39.22674303353623 996.337 5.143 33.231804660726525 2918
stats: 302 99 986
stats: 200 187 2218
stats: size_rcv 1995083 23670962
stats: newphase 0 5
stats: size_sent 198659 2129535
stats: connected -2 170
# stats: dump at 1575345325
stats: users 167 181
stats: {load,"tsung_controller@ip-172-31-21-52"} 1 0.0 0.0 0.0 0.0 0.0 34
stats: {freemem,"tsung_controller@ip-172-31-21-52"} 1 3456.4453125 0.0 3508.6640625 3456.4453125 3492.6656709558824 34
stats: {recvpackets,"tsung_controller@ip-172-31-21-52"} 1 2398.0 0.0 2398 137 748.6969696969697 33
stats: {sentpackets,"tsung_controller@ip-172-31-21-52"} 1 2046.0 0.0 2046 104 637.7272727272727 33
stats: {cpu,"tsung_controller@ip-172-31-21-52"} 1 2.219979818365288 0.0 3.631468363549045 0.30060120240480964 0.841952999696351 34
stats: session 97 18074.548453608244 12075.505374054059 89044.704 5428.404 16838.669396551722 986
stats: users_count 89 1250
stats: finish_users_count 97 1083
stats: request 272 35.07949264705882 38.58061372765973 996.337 5.143 33.38637109862672 3204
stats: connect 89 0.9563932584269668 0.13222797966480684 25.125 0.728 1.1548221070811746 1158
stats: page 272 35.07949264705882 38.58061372765973 996.337 5.143 33.38637109862672 3204
stats: 302 94 1080
stats: 200 178 2396
stats: size_rcv 1875385 25546347
stats: newphase 0 5
stats: size_sent 191688 2321223
stats: connected -5 165
# stats: dump at 1575345335
stats: users 186 186
stats: {load,"tsung_controller@ip-172-31-21-52"} 1 0.0 0.0 0.0 0.0 0.0 35
stats: {freemem,"tsung_controller@ip-172-31-21-52"} 1 3456.06640625 0.0 3508.6640625 3456.06640625 3491.6308035714287 35
stats: {recvpackets,"tsung_controller@ip-172-31-21-52"} 1 2169.0 0.0 2398 137 797.2058823529412 34
stats: {sentpackets,"tsung_controller@ip-172-31-21-52"} 1 1936.0 0.0 2046 104 679.1470588235294 34
stats: {cpu,"tsung_controller@ip-172-31-21-52"} 1 1.9153225806451613 0.0 3.631468363549045 0.30060120240480964 0.8813251945154635 35
stats: session 87 17229.719172413803 8469.200837253906 89044.704 5428.404 16949.362165281622 1083
stats: users_count 106 1356
stats: finish_users_count 87 1170
stats: request 299 32.87971571906357 38.94673524971626 996.337 5.143 33.51885932105869 3476
stats: connect 105 0.9419809523809525 0.14022743301694404 25.125 0.728 1.140659983961508 1247
stats: page 299 32.87971571906357 38.94673524971626 996.337 5.143 33.51885932105869 3476
stats: 302 90 1170
stats: 200 209 2605
stats: size_rcv 2208126 27754473
stats: newphase 0 5
stats: size_sent 198863 2520086
stats: connected 15 180
# stats: dump at 1575345345
stats: users 196 199
stats: {load,"tsung_controller@ip-172-31-21-52"} 1 0.0 0.0 0.0 0.0 0.0 36
stats: {freemem,"tsung_controller@ip-172-31-21-52"} 1 3455.34765625 0.0 3508.6640625 3455.34765625 3490.6429036458335 36
stats: {recvpackets,"tsung_controller@ip-172-31-21-52"} 1 2764.0 0.0 2764 137 836.4 35
stats: {sentpackets,"tsung_controller@ip-172-31-21-52"} 1 2336.0 0.0 2336 104 715.0571428571428 35
stats: {cpu,"tsung_controller@ip-172-31-21-52"} 1 4.604604604604605 0.0 4.604604604604605 0.30060120240480964 0.9100473441301773 36
stats: session 109 17847.921541284402 9930.747939072087 89044.704 5428.404 16970.209224786322 1170
stats: users_count 119 1475
stats: finish_users_count 109 1279
stats: request 322 34.1338602484472 37.67502917764456 996.337 5.143 33.468235761589405 3775
stats: connect 124 1.1022822580645153 0.9865529722749703 25.125 0.728 1.1252300295857993 1352
stats: page 322 34.1338602484472 37.67502917764456 996.337 5.143 33.468235761589405 3775
stats: 302 105 1275
stats: 200 217 2822
stats: size_rcv 2376416 30130889
stats: newphase 1 6
stats: size_sent 217843 2737929
stats: connected 19 199
# stats: dump at 1575345355
stats: users 240 247
stats: {load,"tsung_controller@ip-172-31-21-52"} 1 0.0 0.0 0.0 0.0 0.0 37
stats: {freemem,"tsung_controller@ip-172-31-21-52"} 1 3456.2265625 0.0 3508.6640625 3455.34765625 3489.6889780405404 37
stats: {recvpackets,"tsung_controller@ip-172-31-21-52"} 1 2722.0 0.0 2764 137 889.9444444444445 36
stats: {sentpackets,"tsung_controller@ip-172-31-21-52"} 1 2345.0 0.0 2345 104 760.0833333333334 36
stats: {cpu,"tsung_controller@ip-172-31-21-52"} 1 2.8169014084507045 0.0 4.604604604604605 0.30060120240480964 1.0099002430619186 37
stats: session 110 17214.48660909089 10781.06689324308 89044.704 5428.404 17045.010352619232 1279
stats: users_count 154 1629
stats: finish_users_count 110 1389
stats: request 399 30.743596491228057 38.894961845623655 996.337 5.143 33.52054991457164 4097
stats: connect 151 0.9470860927152321 0.15891544423327447 25.125 0.714 1.1233021680216806 1476
stats: page 399 30.743596491228057 38.894961845623655 996.337 5.143 33.52054991457164 4097
stats: 302 110 1385
stats: 200 289 3111
stats: size_rcv 3082988 33213877
stats: newphase 0 6
stats: size_sent 254075 2992004
stats: connected 41 240
# stats: dump at 1575345365
stats: users 272 272
stats: {load,"tsung_controller@ip-172-31-21-52"} 1 0.0 0.0 0.0 0.0 0.0 38
stats: {freemem,"tsung_controller@ip-172-31-21-52"} 1 3440.47265625 0.0 3508.6640625 3440.47265625 3488.8083881578946 38
stats: {recvpackets,"tsung_controller@ip-172-31-21-52"} 1 3485.0 0.0 3485 137 939.4594594594595 37
stats: {sentpackets,"tsung_controller@ip-172-31-21-52"} 1 2972.0 0.0 2972 104 802.918918918919 37
stats: {cpu,"tsung_controller@ip-172-31-21-52"} 1 3.3165829145728645 0.0 4.604604604604605 0.30060120240480964 1.0574529053089918 38
stats: session 130 15996.76151538461 8252.93274698077 89044.704 5428.404 17058.431798416124 1389
stats: users_count 162 1791
stats: finish_users_count 130 1519
stats: request 451 31.864999999999984 39.72916356890365 996.337 5.143 33.27410765124555 4496
stats: connect 162 0.9889074074074078 0.17285092433624918 25.125 0.714 1.106947756607253 1627
stats: page 451 31.864999999999984 39.72916356890365 996.337 5.143 33.27410765124555 4496
stats: 302 133 1518
stats: 200 318 3429
stats: size_rcv 3371391 36585268
stats: newphase 0 6
stats: size_sent 295150 3287154
stats: connected 29 269
# stats: dump at 1575345375
stats: users 263 281
stats: {load,"tsung_controller@ip-172-31-21-52"} 1 0.0 0.0 0.0 0.0 0.0 39
stats: {freemem,"tsung_controller@ip-172-31-21-52"} 1 3432.4921875 0.0 3508.6640625 3432.4921875 3487.5690104166665 39
stats: {recvpackets,"tsung_controller@ip-172-31-21-52"} 1 3656.0 0.0 3656 137 1006.4473684210526 38
stats: {sentpackets,"tsung_controller@ip-172-31-21-52"} 1 3165.0 0.0 3165 104 860.0 38
stats: {cpu,"tsung_controller@ip-172-31-21-52"} 1 2.941176470588235 0.0 4.604604604604605 0.30060120240480964 1.1153793158029373 39
stats: session 169 15866.079213017758 8369.796808539451 89044.704 5428.404 16967.57127386438 1519
stats: users_count 160 1951
stats: finish_users_count 169 1688
stats: request 476 37.04780462184872 41.6942943313286 996.337 5.143 33.14564443096826 4947
stats: connect 158 1.0382784810126588 0.2735149979322801 25.125 0.714 1.0962588038010064 1789
stats: page 476 37.04780462184872 41.6942943313286 996.337 5.143 33.14564443096826 4947
stats: 302 170 1688
stats: 200 306 3735
stats: size_rcv 3262060 39847328
stats: newphase 0 6
stats: size_sent 336827 3623981
stats: connected -12 257
# stats: dump at 1575345385
stats: users 288 294
stats: {load,"tsung_controller@ip-172-31-21-52"} 1 0.0 0.0 0.0 0.0 0.0 40
stats: {freemem,"tsung_controller@ip-172-31-21-52"} 1 3430.609375 0.0 3508.6640625 3430.609375 3486.19208984375 40
stats: {recvpackets,"tsung_controller@ip-172-31-21-52"} 1 3979.0 0.0 3979 137 1074.3846153846155 39
stats: {sentpackets,"tsung_controller@ip-172-31-21-52"} 1 3404.0 0.0 3404 104 919.1025641025641 39
stats: {cpu,"tsung_controller@ip-172-31-21-52"} 1 2.9441624365482233 0.0 4.604604604604605 0.30060120240480964 1.1610242446725696 40
stats: session 140 16656.078221428557 8735.709568134285 89044.704 5280.454 16857.291559241705 1688
stats: users_count 165 2116
stats: finish_users_count 140 1828
stats: request 470 30.62005319148934 38.06524865989612 996.337 5.143 33.48815378941545 5423
stats: connect 170 0.9310705882352935 0.16769596355837427 25.125 0.712 1.0915536723163846 1947
stats: page 470 30.62005319148934 38.06524865989612 996.337 5.143 33.48815378941545 5423
stats: 302 134 1822
stats: 200 336 4071
stats: size_rcv 3554839 43402167
stats: newphase 0 6
stats: size_sent 309327 3933308
stats: connected 36 293
# stats: dump at 1575345395
stats: users 270 294
stats: {load,"tsung_controller@ip-172-31-21-52"} 1 0.0 0.0 0.0 0.0 0.0 41
stats: {freemem,"tsung_controller@ip-172-31-21-52"} 1 3426.30078125 0.0 3508.6640625 3426.30078125 3484.836413871951 41
stats: {recvpackets,"tsung_controller@ip-172-31-21-52"} 1 3789.0 0.0 3979 137 1147.0 40
stats: {sentpackets,"tsung_controller@ip-172-31-21-52"} 1 3250.0 0.0 3404 104 981.225 40
stats: {cpu,"tsung_controller@ip-172-31-21-52"} 1 3.625377643504532 0.0 4.604604604604605 0.30060120240480964 1.204515420084171 41
stats: session 162 17037.267537037023 9440.673004540024 89044.704 5280.454 16841.881347374176 1828
stats: users_count 144 2260
stats: finish_users_count 162 1990
stats: request 454 37.32253524229073 40.87597909969731 996.337 5.093 33.259406584082804 5893
stats: connect 143 0.933734265734266 0.1494133493558042 25.125 0.712 1.078666509211148 2117
stats: page 454 37.32253524229073 40.87597909969731 996.337 5.093 33.259406584082804 5893
stats: 302 167 1989
stats: 200 287 4358
stats: size_rcv 3032224 46434391
stats: newphase 0 6
stats: size_sent 324637 4257945
stats: connected -24 269
# stats: dump at 1575345405
stats: users 311 314
stats: {load,"tsung_controller@ip-172-31-21-52"} 1 0.0 0.0 0.0 0.0 0.0 42
stats: {freemem,"tsung_controller@ip-172-31-21-52"} 1 3428.20703125 0.0 3508.6640625 3426.30078125 3483.4427083333335 42
stats: {recvpackets,"tsung_controller@ip-172-31-21-52"} 1 3544.0 0.0 3979 137 1211.439024390244 41
stats: {sentpackets,"tsung_controller@ip-172-31-21-52"} 1 3219.0 0.0 3404 104 1036.560975609756 41
stats: {cpu,"tsung_controller@ip-172-31-21-52"} 1 3.2355915065722956 0.0 4.604604604604605 0.30060120240480964 1.262154996832275 42
stats: session 146 18330.56102054793 10091.457711068942 89044.704 5280.454 16857.787157788942 1990
stats: users_count 187 2447
stats: finish_users_count 146 2136
stats: request 500 44.436446 102.21326324967366 1063.569 5.093 33.550041594454065 6347
stats: connect 188 0.9228457446808513 0.6661303963404619 25.125 0.712 1.069496017699115 2260
stats: page 500 44.436446 102.21326324967366 1063.569 5.093 33.550041594454065 6347
stats: 302 147 2136
stats: 200 353 4711
stats: size_rcv 3781646 50216037
stats: newphase 1 7
stats: size_sent 325556 4583501
stats: connected 40 309
# stats: dump at 1575345415
stats: users 323 332
stats: {load,"tsung_controller@ip-172-31-21-52"} 1 0.0 0.0 0.0 0.0 0.0 43
stats: {freemem,"tsung_controller@ip-172-31-21-52"} 1 3428.11328125 0.0 3508.6640625 3426.30078125 3482.1581577034885 43
stats: {recvpackets,"tsung_controller@ip-172-31-21-52"} 1 4275.0 0.0 4275 137 1266.9761904761904 42
stats: {sentpackets,"tsung_controller@ip-172-31-21-52"} 1 3676.0 0.0 3676 104 1088.5238095238096 42
stats: {cpu,"tsung_controller@ip-172-31-21-52"} 1 4.695304695304695 0.0 4.695304695304695 0.30060120240480964 1.3080488691518104 43
stats: session 173 16856.484242774553 9989.950834541161 89044.704 5280.454 16958.454285112355 2136
stats: users_count 185 2632
stats: finish_users_count 173 2309
stats: request 540 34.19056296296301 40.68347438440795 1063.569 5.093 34.345017818022484 6847
stats: connect 187 0.9330962566844917 0.904024951939549 25.125 0.71 1.058233660130719 2448
stats: page 540 34.19056296296301 40.68347438440795 1063.569 5.093 34.345017818022484 6847
stats: 302 172 2308
stats: 200 368 5079
stats: size_rcv 3901631 54117668
stats: newphase 0 7
stats: size_sent 367432 4950933
stats: connected 15 324
# stats: dump at 1575345425
stats: users 333 337
stats: {load,"tsung_controller@ip-172-31-21-52"} 1 0.0 0.0 0.0 0.0 0.0 44
stats: {freemem,"tsung_controller@ip-172-31-21-52"} 1 3421.48046875 0.0 3508.6640625 3421.48046875 3480.929865056818 44
stats: {recvpackets,"tsung_controller@ip-172-31-21-52"} 1 4636.0 0.0 4636 137 1336.9302325581393 43
stats: {sentpackets,"tsung_controller@ip-172-31-21-52"} 1 3879.0 0.0 3879 104 1148.6976744186047 43
stats: {cpu,"tsung_controller@ip-172-31-21-52"} 1 5.763397371081901 0.0 5.763397371081901 0.30060120240480964 1.3850319561098305 44
stats: session 173 17409.4642485549 10331.826142355294 89044.704 5280.454 16950.81426028583 2309
stats: users_count 183 2815
stats: finish_users_count 173 2482
stats: request 531 35.25530885122412 41.16775813204257 1063.569 5.086 34.33372695275484 7387
stats: connect 183 1.028021857923497 0.9281601105299998 25.125 0.71 1.0493529411764706 2635
stats: page 531 35.25530885122412 41.16775813204257 1063.569 5.086 34.33372695275484 7387
stats: 302 174 2482
stats: 200 357 5436
stats: size_rcv 3794784 57912452
stats: newphase 0 7
stats: size_sent 362450 5313383
stats: connected 9 333
# stats: dump at 1575345435
stats: users 353 358
stats: {load,"tsung_controller@ip-172-31-21-52"} 1 0.0 0.0 0.0 0.0 0.0 45
stats: {freemem,"tsung_controller@ip-172-31-21-52"} 1 3413.12890625 0.0 3508.6640625 3413.12890625 3479.608767361111 45
stats: {recvpackets,"tsung_controller@ip-172-31-21-52"} 1 4562.0 0.0 4636 137 1411.9090909090908 44
stats: {sentpackets,"tsung_controller@ip-172-31-21-52"} 1 3901.0 0.0 3901 104 1210.75 44
stats: {cpu,"tsung_controller@ip-172-31-21-52"} 1 3.6585365853658534 0.0 5.763397371081901 0.30060120240480964 1.482328965331432 45
stats: session 193 17358.587005181354 9469.330180005427 89044.704 5280.454 16982.783014504425 2482
stats: users_count 213 3028
stats: finish_users_count 193 2675
stats: request 616 33.02951136363636 39.51613108440325 1063.569 5.086 34.39553043697904 7918
stats: connect 213 0.9692018779342724 0.1618348186920055 25.125 0.71 1.0479677075940383 2818
stats: page 616 33.02951136363636 39.51613108440325 1063.569 5.086 34.39553043697904 7918
stats: 302 191 2673
stats: 200 425 5861
stats: size_rcv 4488569 62401021
stats: newphase 0 7
stats: size_sent 416738 5730121
stats: connected 22 355
# stats: dump at 1575345445
stats: users 361 362
stats: {load,"tsung_controller@ip-172-31-21-52"} 1 0.0 0.0 0.0 0.0 0.0 46
stats: {freemem,"tsung_controller@ip-172-31-21-52"} 1 3402.21484375 0.0 3508.6640625 3402.21484375 3478.1635529891305 46
stats: {recvpackets,"tsung_controller@ip-172-31-21-52"} 1 4805.0 0.0 4805 137 1481.911111111111 45
stats: {sentpackets,"tsung_controller@ip-172-31-21-52"} 1 4223.0 0.0 4223 104 1270.5333333333333 45
stats: {cpu,"tsung_controller@ip-172-31-21-52"} 1 3.9634146341463414 0.0 5.763397371081901 0.30060120240480964 1.529637826636528 46
stats: session 199 17707.22085427134 10214.326534874064 89044.704 5280.454 17009.897096822424 2675
stats: users_count 207 3235
stats: finish_users_count 199 2874
stats: request 595 35.20462521008397 41.39870544189244 1063.569 5.086 34.29692863838763 8534
stats: connect 207 0.9725603864734295 0.15569723181863546 25.125 0.708 1.042432530517981 3031
stats: page 595 35.20462521008397 41.39870544189244 1063.569 5.086 34.29692863838763 8534
stats: 302 200 2873
stats: 200 395 6256
stats: size_rcv 4224594 66625615
stats: newphase 0 7
stats: size_sent 411524 6141645
stats: connected 7 362
# stats: dump at 1575345455
stats: users 372 375
stats: {load,"tsung_controller@ip-172-31-21-52"} 1 0.0 0.0 0.0 0.0 0.0 47
stats: {freemem,"tsung_controller@ip-172-31-21-52"} 1 3403.671875 0.0 3508.6640625 3402.21484375 3476.547623005319 47
stats: {recvpackets,"tsung_controller@ip-172-31-21-52"} 1 4890.0 0.0 4890 137 1554.1521739130435 46
stats: {sentpackets,"tsung_controller@ip-172-31-21-52"} 1 4282.0 0.0 4282 104 1334.7173913043478 46
stats: {cpu,"tsung_controller@ip-172-31-21-52"} 1 4.651162790697675 0.0 5.763397371081901 0.30060120240480964 1.5814203119026944 47
stats: session 186 17319.775741935497 10198.13766411234 89044.704 5280.454 17058.180822546965 2874
stats: users_count 197 3432
stats: finish_users_count 186 3060
stats: request 579 35.07202590673579 41.94522270892395 1063.569 5.084 34.35608949501588 9129
stats: connect 197 1.0041928934010147 0.1716623511202612 25.125 0.708 1.0379657195799876 3238
stats: page 579 35.07202590673579 41.94522270892395 1063.569 5.084 34.35608949501588 9129
stats: 302 187 3060
stats: 200 392 6648
stats: size_rcv 4144627 70770242
stats: newphase 0 7
stats: size_sent 392105 6533750
stats: connected 10 372
# stats: dump at 1575345465
stats: users 394 394
stats: {load,"tsung_controller@ip-172-31-21-52"} 1 0.0 0.0 0.0 0.0 0.0 48
stats: {freemem,"tsung_controller@ip-172-31-21-52"} 1 3402.27734375 0.0 3508.6640625 3402.21484375 3475.0293782552085 48
stats: {recvpackets,"tsung_controller@ip-172-31-21-52"} 1 4672.0 0.0 4890 137 1625.127659574468 47
stats: {sentpackets,"tsung_controller@ip-172-31-21-52"} 1 4037.0 0.0 4282 104 1397.4255319148936 47
stats: {cpu,"tsung_controller@ip-172-31-21-52"} 1 4.069175991861648 0.0 5.763397371081901 0.30060120240480964 1.645373280210923 48
stats: session 202 17933.159950495054 10002.210335611548 89044.704 5280.454 17074.08169019607 3060
stats: users_count 224 3656
stats: finish_users_count 202 3262
stats: request 583 37.07322984562608 44.352049324756834 1063.569 5.084 34.39878903996704 9708
stats: connect 208 1.0247211538461554 0.4967788154456587 25.125 0.708 1.0360288209606987 3435
stats: page 583 37.07322984562608 44.352049324756834 1063.569 5.084 34.39878903996704 9708
stats: 302 194 3254
stats: 200 389 7037
stats: size_rcv 4182677 74952919
stats: newphase 1 8
stats: size_sent 399821 6933571
stats: connected 14 386
# stats: dump at 1575345475
stats: users 435 436
stats: {load,"tsung_controller@ip-172-31-21-52"} 1 0.0 0.0 0.0 0.0 0.0 49
stats: {freemem,"tsung_controller@ip-172-31-21-52"} 1 3404.7109375 0.0 3508.6640625 3402.21484375 3473.5446428571427 49
stats: {recvpackets,"tsung_controller@ip-172-31-21-52"} 1 5338.0 0.0 5338 137 1688.6041666666667 48
stats: {sentpackets,"tsung_controller@ip-172-31-21-52"} 1 4613.0 0.0 4613 104 1452.4166666666667 48
stats: {cpu,"tsung_controller@ip-172-31-21-52"} 1 5.146316851664985 0.0 5.763397371081901 0.30060120240480964 1.6948386416731829 49
stats: session 184 17893.35760326088 10106.099241361955 89044.704 5280.454 17127.280282648677 3262
stats: users_count 225 3881
stats: finish_users_count 184 3446
stats: request 653 31.204451761102632 38.35710576591669 1063.569 5.084 34.55029997084832 10291
stats: connect 233 0.9690600858369096 0.1639583999211802 25.125 0.708 1.0353832006587977 3643
stats: page 653 31.204451761102632 38.35710576591669 1063.569 5.084 34.55029997084832 10291
stats: 302 186 3440
stats: 200 467 7504
stats: size_rcv 4922824 79875743
stats: newphase 0 8
stats: size_sent 425505 7359076
stats: connected 47 433
# stats: dump at 1575345485
stats: users 420 436
stats: {load,"tsung_controller@ip-172-31-21-52"} 1 0.078125 0.0 0.078125 0.0 0.0 50
stats: {freemem,"tsung_controller@ip-172-31-21-52"} 1 3404.1328125 0.0 3508.6640625 3402.21484375 3472.16796875 50
stats: {recvpackets,"tsung_controller@ip-172-31-21-52"} 1 5345.0 0.0 5345 137 1763.0816326530612 49
stats: {sentpackets,"tsung_controller@ip-172-31-21-52"} 1 4691.0 0.0 4691 104 1516.9183673469388 49
stats: {cpu,"tsung_controller@ip-172-31-21-52"} 1 4.86322188449848 0.0 5.763397371081901 0.30060120240480964 1.763868205873019 50
stats: session 261 18937.13672413794 10598.140440097091 89044.704 5280.454 17168.185165699357 3446
stats: users_count 246 4127
stats: finish_users_count 261 3707
stats: request 741 37.78716329284749 43.72635604458998 1063.569 5.084 34.35066191520469 10944
stats: connect 242 0.9931900826446274 0.21151018630295448 25.125 0.708 1.0313962848297213 3876
stats: page 741 37.78716329284749 43.72635604458998 1063.569 5.084 34.35066191520469 10944
stats: 302 253 3693
stats: 200 488 7992
stats: size_rcv 5144896 85020639
stats: newphase 0 8
stats: size_sent 521168 7880244
stats: connected -11 422
# stats: dump at 1575345495
stats: users 414 436
stats: {load,"tsung_controller@ip-172-31-21-52"} 1 0.0703125 0.0 0.078125 0.0 0.0015318627450980392 51
stats: {freemem,"tsung_controller@ip-172-31-21-52"} 1 3392.203125 0.0 3508.6640625 3392.203125 3470.8339460784314 51
stats: {recvpackets,"tsung_controller@ip-172-31-21-52"} 1 5959.0 0.0 5959 137 1834.72 50
stats: {sentpackets,"tsung_controller@ip-172-31-21-52"} 1 5151.0 0.0 5151 104 1580.4 50
stats: {cpu,"tsung_controller@ip-172-31-21-52"} 1 5.193482688391039 0.0 5.763397371081901 0.30060120240480964 1.8246398466303813 51
stats: session 240 16435.005545833326 8455.896398359639 89044.704 5280.454 17292.73233504181 3707
stats: users_count 234 4361
stats: finish_users_count 240 3947
stats: request 701 38.13647503566329 44.817259111554364 1063.569 5.084 34.56858639281131 11685
stats: connect 232 1.003206896551724 0.44235222580719014 25.125 0.708 1.0291510441962117 4118
stats: page 701 38.13647503566329 44.817259111554364 1063.569 5.084 34.56858639281131 11685
stats: 302 243 3936
stats: 200 458 8450
stats: size_rcv 4850679 89871318
stats: newphase 0 8
stats: size_sent 495038 8375282
stats: connected -12 410
# stats: dump at 1575345505
stats: users 474 475
stats: {load,"tsung_controller@ip-172-31-21-52"} 1 0.05859375 0.0 0.078125 0.0 0.0028545673076923075 52
stats: {freemem,"tsung_controller@ip-172-31-21-52"} 1 3386.98046875 0.0 3508.6640625 3386.98046875 3469.321814903846 52
stats: {recvpackets,"tsung_controller@ip-172-31-21-52"} 1 5.6e3 0.0 5959 137 1915.5882352941176 51
stats: {sentpackets,"tsung_controller@ip-172-31-21-52"} 1 4839.0 0.0 5151 104 1650.4117647058824 51
stats: {cpu,"tsung_controller@ip-172-31-21-52"} 1 4.587155963302752 0.0 5.763397371081901 0.30060120240480964 1.8894252858950094 52
stats: session 219 17919.41652511415 10564.220026698882 89044.704 5280.454 17240.577678489986 3947
stats: users_count 279 4640
stats: finish_users_count 219 4166
stats: request 770 31.99913636363644 39.859515447473505 1063.569 5.084 34.77051517842727 12386
stats: connect 283 1.0501554770318013 0.9522181787415279 25.125 0.708 1.027767356321839 4350
stats: page 770 31.99913636363644 39.859515447473505 1063.569 5.084 34.77051517842727 12386
stats: 302 223 4159
stats: 200 547 8997
stats: size_rcv 5822137 95693455
stats: newphase 0 8
stats: size_sent 496760 8872042
stats: connected 60 470
# stats: dump at 1575345515
stats: users 452 487
stats: {load,"tsung_controller@ip-172-31-21-52"} 1 0.12890625 0.0 0.12890625 0.0 0.00390625 53
stats: {freemem,"tsung_controller@ip-172-31-21-52"} 1 3383.8046875 0.0 3508.6640625 3383.8046875 3467.7682045990564 53
stats: {recvpackets,"tsung_controller@ip-172-31-21-52"} 1 6307.0 0.0 6307 137 1986.4423076923076 52
stats: {sentpackets,"tsung_controller@ip-172-31-21-52"} 1 5469.0 0.0 5469 104 1711.7307692307693 52
stats: {cpu,"tsung_controller@ip-172-31-21-52"} 1 5.6622851365015165 0.0 5.763397371081901 0.30060120240480964 1.9403258647140234 53
stats: session 281 16760.75970818503 9584.804279384418 89044.704 5280.454 17276.263157945265 4166
stats: users_count 259 4899
stats: finish_users_count 281 4447
stats: request 791 39.403733249051776 45.877986339085886 1063.569 5.062 34.60831073274553 13156
stats: connect 262 0.865091603053435 0.12186135598360559 25.125 0.683 1.0291349017914957 4633
stats: page 791 39.403733249051776 45.877986339085886 1063.569 5.062 34.60831073274553 13156
stats: 302 282 4441
stats: 200 509 9506
stats: size_rcv 5416038 101109493
stats: newphase 0 8
stats: size_sent 566406 9438448
stats: connected -21 449
# stats: dump at 1575345525
stats: users 503 506
stats: {load,"tsung_controller@ip-172-31-21-52"} 1 0.109375 0.0 0.12890625 0.0 0.006221064814814815 54
stats: {freemem,"tsung_controller@ip-172-31-21-52"} 1 3378.078125 0.0 3508.6640625 3378.078125 3466.213324652778 54
stats: {recvpackets,"tsung_controller@ip-172-31-21-52"} 1 6.3e3 0.0 6307 137 2067.9622641509436 53
stats: {sentpackets,"tsung_controller@ip-172-31-21-52"} 1 5435.0 0.0 5469 104 1782.622641509434 53
stats: {cpu,"tsung_controller@ip-172-31-21-52"} 1 5.685279187817259 0.0 5.763397371081901 0.30060120240480964 2.009251036413792 54
stats: session 254 18261.726161417308 11528.710214091067 89044.704 5280.454 17243.68918237013 4447
stats: users_count 305 5204
stats: finish_users_count 254 4701
stats: request 822 35.144395377129044 43.58650725378844 1063.569 5.062 34.88028170932818 13947
stats: connect 301 0.9112358803986709 0.6809892117256214 25.125 0.683 1.0203546475995913 4895
stats: page 822 35.144395377129044 43.58650725378844 1063.569 5.062 34.88028170932818 13947
stats: 302 253 4694
stats: 200 569 10075
stats: size_rcv 6095708 107205201
stats: newphase 1 9
stats: size_sent 545072 9983520
stats: connected 48 497
# stats: dump at 1575345535
stats: users 619 621
stats: {load,"tsung_controller@ip-172-31-21-52"} 1 0.08984375 0.0 0.12890625 0.0 0.00809659090909091 55
stats: {freemem,"tsung_controller@ip-172-31-21-52"} 1 3375.6171875 0.0 3508.6640625 3375.6171875 3464.610866477273 55
stats: {recvpackets,"tsung_controller@ip-172-31-21-52"} 1 7246.0 0.0 7246 137 2146.3333333333335 54
stats: {sentpackets,"tsung_controller@ip-172-31-21-52"} 1 6136.0 0.0 6136 104 1850.2592592592594 54
stats: {cpu,"tsung_controller@ip-172-31-21-52"} 1 6.920762286860582 0.0 6.920762286860582 0.30060120240480964 2.076087911893855 55
stats: session 278 16909.07984172661 9448.280977170323 89044.704 5280.454 17298.694796639003 4701
stats: users_count 394 5598
stats: finish_users_count 278 4979
stats: request 996 31.37461144578309 40.067025412128274 1063.569 5.062 34.89498151533619 14769
stats: connect 390 0.9047384615384614 0.6639282540074848 25.125 0.683 1.0140334872979213 5196
stats: page 996 31.37461144578309 40.067025412128274 1063.569 5.062 34.89498151533619 14769
stats: 302 273 4967
stats: 200 723 10798
stats: size_rcv 7779492 114984693
stats: newphase 0 9
stats: size_sent 625099 10608619
stats: connected 116 613
# stats: dump at 1575345545
stats: users 645 669
stats: {load,"tsung_controller@ip-172-31-21-52"} 1 0.078125 0.0 0.12890625 0.0 0.009556361607142858 56
stats: {freemem,"tsung_controller@ip-172-31-21-52"} 1 3348.09765625 0.0 3508.6640625 3348.09765625 3463.0216936383927 56
stats: {recvpackets,"tsung_controller@ip-172-31-21-52"} 1 9030.0 0.0 9030 137 2239.054545454546 55
stats: {sentpackets,"tsung_controller@ip-172-31-21-52"} 1 7551.0 0.0 7551 104 1928.1818181818182 55
stats: {cpu,"tsung_controller@ip-172-31-21-52"} 1 10.721442885771543 0.0 10.721442885771543 0.30060120240480964 2.162599954303975 56
stats: session 338 16888.083153846157 9979.693995069645 89044.704 5280.454 17276.94083852178 4979
stats: users_count 364 5962
stats: finish_users_count 338 5317
stats: request 1087 36.0323127874885 44.79121206138461 1063.569 5.062 34.67257183634635 15765
stats: connect 362 0.9321491712707184 0.37519703090786244 25.125 0.683 1.0064027926960255 5586
stats: page 1087 36.0323127874885 44.79121206138461 1063.569 5.062 34.67257183634635 15765
stats: 302 339 5306
stats: 200 748 11546
stats: size_rcv 7824292 122808985
stats: newphase 0 9
stats: size_sent 743336 11351955
stats: connected 23 636
# stats: dump at 1575345555
stats: users 622 669
stats: {load,"tsung_controller@ip-172-31-21-52"} 1 0.0703125 0.0 0.12890625 0.0 0.010759320175438597 57
stats: {freemem,"tsung_controller@ip-172-31-21-52"} 1 3327.01171875 0.0 3508.6640625 3327.01171875 3461.0054824561403 57
stats: {recvpackets,"tsung_controller@ip-172-31-21-52"} 1 8643.0 0.0 9030 137 2360.321428571429 56
stats: {sentpackets,"tsung_controller@ip-172-31-21-52"} 1 7458.0 0.0 7551 104 2028.5892857142858 56
stats: {cpu,"tsung_controller@ip-172-31-21-52"} 1 7.926829268292683 0.0 10.721442885771543 0.30060120240480964 2.312755093452529 57
stats: session 368 17058.43289130434 8968.627376238277 89044.704 5280.454 17252.22127910475 5317
stats: users_count 345 6307
stats: finish_users_count 368 5685
stats: request 1082 39.308959334565635 46.23859493664936 1063.569 5.062 34.76027883930691 16852
stats: connect 353 0.9043796033994332 0.19285961320480866 25.125 0.683 1.001883658372562 5948
stats: page 1082 39.308959334565635 46.23859493664936 1063.569 5.062 34.76027883930691 16852
stats: 302 374 5680
stats: 200 708 12254
stats: size_rcv 7475751 130284736
stats: newphase 0 9
stats: size_sent 758308 12110263
stats: connected -21 615
# stats: dump at 1575345565
stats: users 605 669
stats: {load,"tsung_controller@ip-172-31-21-52"} 1 0.05859375 0.0 0.12890625 0.0 0.011786099137931034 58
stats: {freemem,"tsung_controller@ip-172-31-21-52"} 1 3316.94140625 0.0 3508.6640625 3316.94140625 3458.695245150862 58
stats: {recvpackets,"tsung_controller@ip-172-31-21-52"} 1 8538.0 0.0 9030 137 2470.5438596491235 57
stats: {sentpackets,"tsung_controller@ip-172-31-21-52"} 1 7406.0 0.0 7551 104 2123.842105263158 57
stats: {cpu,"tsung_controller@ip-172-31-21-52"} 1 8.020304568527918 0.0 10.721442885771543 0.30060120240480964 2.4095494757773595 58
stats: session 363 17315.352435261706 9597.37165598953 89044.704 5268.708 17239.67701759014 5685
stats: users_count 346 6653
stats: finish_users_count 363 6048
stats: request 1036 39.34160810810813 46.930414546030256 1063.569 4.962 35.03471133043382 17934
stats: connect 347 0.8809827089337167 0.16059322569479498 25.125 0.683 0.9964212029836533 6301
stats: page 1036 39.34160810810813 46.930414546030256 1063.569 4.962 35.03471133043382 17934
stats: 302 358 6038
stats: 200 678 12932
stats: size_rcv 7208026 137492762
stats: newphase 0 9
stats: size_sent 729615 12839878
stats: connected -11 604
# stats: dump at 1575345575
stats: users 635 669
stats: {load,"tsung_controller@ip-172-31-21-52"} 1 0.05078125 0.0 0.12890625 0.0 0.012579449152542372 59
stats: {freemem,"tsung_controller@ip-172-31-21-52"} 1 3313.53125 0.0 3508.6640625 3313.53125 3456.2926377118642 59
stats: {recvpackets,"tsung_controller@ip-172-31-21-52"} 1 8340.0 0.0 9030 137 2575.1551724137935 58
stats: {sentpackets,"tsung_controller@ip-172-31-21-52"} 1 7282.0 0.0 7551 104 2214.9137931034484 58
stats: {cpu,"tsung_controller@ip-172-31-21-52"} 1 6.960081883316274 0.0 10.721442885771543 0.30060120240480964 2.504647019722284 59
stats: session 344 17924.40639825579 10188.37818619843 89044.704 5268.708 17244.21904414682 6048
stats: users_count 374 7027
stats: finish_users_count 344 6392
stats: request 1084 37.57597785977867 45.21675785627184 1063.569 4.962 35.26992192936216 18970
stats: connect 375 0.8530293333333335 0.14914392759866416 25.125 0.683 0.9903957581227436 6648
stats: page 1084 37.57597785977867 45.21675785627184 1063.569 4.962 35.26992192936216 18970
stats: 302 349 6387
stats: 200 735 13667
stats: size_rcv 7796234 145288996
stats: newphase 0 9
stats: size_sent 733955 13573833
stats: connected 26 630
# stats: dump at 1575345585
stats: users 586 669
stats: {load,"tsung_controller@ip-172-31-21-52"} 1 0.109375 0.0 0.12890625 0.0 0.013216145833333333 60
stats: {freemem,"tsung_controller@ip-172-31-21-52"} 1 3315.14453125 0.0 3508.6640625 3313.53125 3453.91328125 60
stats: {recvpackets,"tsung_controller@ip-172-31-21-52"} 1 8677.0 0.0 9030 137 2672.8644067796613 59
stats: {sentpackets,"tsung_controller@ip-172-31-21-52"} 1 7402.0 0.0 7551 104 2300.7966101694915 59
stats: {cpu,"tsung_controller@ip-172-31-21-52"} 1 8.181818181818182 0.0 10.721442885771543 0.30060120240480964 2.5789042674488503 60
stats: session 354 17729.14610734463 9924.255455896786 89044.704 5268.708 17280.824871714634 6392
stats: users_count 305 7332
stats: finish_users_count 354 6746
stats: request 987 41.309472137791296 48.251494544848356 1063.569 4.96 35.39457360127657 20054
stats: connect 303 0.8725940594059405 0.47877135475060095 25.125 0.674 0.9830609426171152 7023
stats: page 987 41.309472137791296 48.251494544848356 1063.569 4.96 35.39457360127657 20054
stats: 302 349 6736
stats: 200 638 14305
stats: size_rcv 6655743 151944739
stats: newphase 1 10
stats: size_sent 715091 14288924
stats: connected -47 583
# stats: dump at 1575345595
stats: users 669 669
stats: {load,"tsung_controller@ip-172-31-21-52"} 1 0.1015625 0.0 0.12890625 0.0 0.014792520491803279 61
stats: {freemem,"tsung_controller@ip-172-31-21-52"} 1 3324.0859375 0.0 3508.6640625 3313.53125 3451.6383837090166 61
stats: {recvpackets,"tsung_controller@ip-172-31-21-52"} 1 7832.0 0.0 9030 137 2772.933333333334 60
stats: {sentpackets,"tsung_controller@ip-172-31-21-52"} 1 6833.0 0.0 7551 104 2385.8166666666666 60
stats: {cpu,"tsung_controller@ip-172-31-21-52"} 1 7.200811359026369 0.0 10.721442885771543 0.30060120240480964 2.6707553152253967 61
stats: session 334 18044.107826347317 10497.393685504425 89044.704 5268.708 17304.35077112362 6746
stats: users_count 417 7749
stats: finish_users_count 334 7080
stats: request 1146 34.632209424083804 44.19219723004239 1063.569 4.96 35.6720321277506 21041
stats: connect 419 0.8721742243436751 0.14904792746522033 25.125 0.674 0.978492082992083 7326
stats: page 1146 34.632209424083804 44.19219723004239 1063.569 4.96 35.6720321277506 21041
stats: 302 340 7076
stats: 200 806 15111
stats: size_rcv 8580603 160525342
stats: newphase 0 10
stats: size_sent 748145 15037069
stats: connected 78 661
# stats: dump at 1575345605
stats: users 796 835
stats: {load,"tsung_controller@ip-172-31-21-52"} 1 0.078125 0.0 0.12890625 0.0 0.016192036290322582 62
stats: {freemem,"tsung_controller@ip-172-31-21-52"} 1 3320.7109375 0.0 3508.6640625 3313.53125 3449.581086189516 62
stats: {recvpackets,"tsung_controller@ip-172-31-21-52"} 1 9648.0 0.0 9648 137 2855.868852459017 61
stats: {sentpackets,"tsung_controller@ip-172-31-21-52"} 1 8272.0 0.0 8272 104 2458.72131147541 61
stats: {cpu,"tsung_controller@ip-172-31-21-52"} 1 8.44354018311292 0.0 10.721442885771543 0.30060120240480964 2.743820735286703 62
stats: session 318 16981.911295597485 9279.440217571253 89044.704 5268.708 17339.24891468926 7080
stats: users_count 445 8194
stats: finish_users_count 318 7398
stats: request 1129 122.40226040744021 434.51201210286115 3506.296 4.96 35.618323342497874 22187
stats: connect 449 1.0180222717149214 0.3759037270048424 25.125 0.674 0.9727403486120078 7745
stats: page 1129 122.40226040744021 434.51201210286115 3506.296 4.96 35.618323342497874 22187
stats: 302 296 7372
stats: 200 833 15944
stats: size_rcv 8963967 169489309
stats: newphase 0 10
stats: size_sent 809466 15846535
stats: connected 153 814
# stats: dump at 1575345615
stats: users 728 835
stats: {load,"tsung_controller@ip-172-31-21-52"} 1 0.140625 0.0 0.140625 0.0 0.017175099206349208 63
stats: {freemem,"tsung_controller@ip-172-31-21-52"} 1 3303.671875 0.0 3508.6640625 3303.671875 3447.5355282738096 63
stats: {recvpackets,"tsung_controller@ip-172-31-21-52"} 1 10125.0 0.0 10125 137 2965.41935483871 62
stats: {sentpackets,"tsung_controller@ip-172-31-21-52"} 1 8584.0 0.0 8584 104 2552.483870967742 62
stats: {cpu,"tsung_controller@ip-172-31-21-52"} 1 9.007164790174002 0.0 10.721442885771543 0.30060120240480964 2.834292472553786 63
stats: session 488 17051.141141393407 9258.287835380595 89044.704 5268.708 17323.888903487423 7398
stats: users_count 420 8614
stats: finish_users_count 488 7886
stats: request 1388 214.50562824207478 708.3652233008556 5145.375 4.96 39.82054777834965 23316
stats: connect 426 1.3933990610328646 5.638019264398344 82.084 0.674 0.9752216255796924 8194
stats: page 1388 214.50562824207478 708.3652233008556 5145.375 4.96 39.82054777834965 23316
stats: 302 512 7884
stats: 200 876 16820
stats: size_rcv 9198111 178687420
stats: newphase 0 10
stats: size_sent 896930 16743465
stats: connected -86 728
# stats: dump at 1575345625
stats: users 773 835
stats: {load,"tsung_controller@ip-172-31-21-52"} 1 0.12109375 0.0 0.140625 0.0 0.01910400390625 64
stats: {freemem,"tsung_controller@ip-172-31-21-52"} 1 3292.20703125 0.0 3508.6640625 3292.20703125 3445.2876586914063 64
stats: {recvpackets,"tsung_controller@ip-172-31-21-52"} 1 10296.0 0.0 10296 137 3079.0634920634925 63
stats: {sentpackets,"tsung_controller@ip-172-31-21-52"} 1 8937.0 0.0 8937 104 2648.222222222222 63
stats: {cpu,"tsung_controller@ip-172-31-21-52"} 1 9.625126646403242 0.0 10.721442885771543 0.30060120240480964 2.9307436025166016 64
stats: session 412 17398.379029126238 9093.559149818107 89044.704 5268.708 17307.010776692863 7886
stats: users_count 457 9071
stats: finish_users_count 412 8298
stats: request 1281 40.09073770491802 50.88137170008928 5145.375 4.96 49.63526975388603 24704
stats: connect 455 0.8568857142857149 0.274046743655177 82.084 0.674 0.9958879350348028 8620
stats: page 1281 40.09073770491802 50.88137170008928 5145.375 4.96 49.63526975388603 24704
stats: 302 410 8294
stats: 200 871 17691
stats: size_rcv 9297437 187984857
stats: newphase 0 10
stats: size_sent 870052 17613517
stats: connected 45 773
# stats: dump at 1575345635
stats: users 806 835
stats: {load,"tsung_controller@ip-172-31-21-52"} 1 0.1796875 0.0 0.1796875 0.0 0.020673076923076922 65
stats: {freemem,"tsung_controller@ip-172-31-21-52"} 1 3291.640625 0.0 3508.6640625 3291.640625 3442.9325721153846 65
stats: {recvpackets,"tsung_controller@ip-172-31-21-52"} 1 10740.0 0.0 10740 137 3191.8281250000005 64
stats: {sentpackets,"tsung_controller@ip-172-31-21-52"} 1 9322.0 0.0 9322 104 2746.484375 64
stats: {cpu,"tsung_controller@ip-172-31-21-52"} 1 11.57684630738523 0.0 11.57684630738523 0.30060120240480964 3.033734110884088 65
stats: session 434 16664.5833732719 8822.663730098911 89044.704 5179.998 17311.54725777295 8298
stats: users_count 467 9538
stats: finish_users_count 434 8732
stats: request 1337 41.25945026178008 52.258194561159776 5145.375 4.96 49.16474654608429 25985
stats: connect 465 0.8989118279569901 0.35518664905448116 82.084 0.674 0.9889186776859504 9075
stats: page 1337 41.25945026178008 52.258194561159776 5145.375 4.96 49.16474654608429 25985
stats: 302 427 8721
stats: 200 910 18601
stats: size_rcv 9667922 197652779
stats: newphase 0 10
stats: size_sent 913151 18526668
stats: connected 38 811
# stats: dump at 1575345645
stats: users 841 842
stats: {load,"tsung_controller@ip-172-31-21-52"} 1 0.1484375 0.0 0.1796875 0.0 0.023082386363636364 66
stats: {freemem,"tsung_controller@ip-172-31-21-52"} 1 3290.34375 0.0 3508.6640625 3290.34375 3440.6402698863635 66
stats: {recvpackets,"tsung_controller@ip-172-31-21-52"} 1 10906.0 0.0 10906 137 3307.953846153847 65
stats: {sentpackets,"tsung_controller@ip-172-31-21-52"} 1 9430.0 0.0 9430 104 2847.646153846154 65
stats: {cpu,"tsung_controller@ip-172-31-21-52"} 1 10.717896865520729 0.0 11.57684630738523 0.30060120240480964 3.1631752047704693 66
stats: session 461 17650.76395227765 10061.635670427044 89044.704 5179.998 17279.39170052679 8732
stats: users_count 496 10034
stats: finish_users_count 461 9193
stats: request 1426 42.138805750350606 51.74508573445053 5145.375 4.96 48.777901471341785 27322
stats: connect 496 0.9054254032258061 0.6888693536301389 82.084 0.674 0.9845315513626834 9540
stats: page 1426 42.138805750350606 51.74508573445053 5145.375 4.96 48.777901471341785 27322
stats: 302 469 9190
stats: 200 957 19558
stats: size_rcv 10202735 207855514
stats: newphase 1 11
stats: size_sent 976641 19503309
stats: connected 27 838
# stats: dump at 1575345655
stats: users 897 901
stats: {load,"tsung_controller@ip-172-31-21-52"} 1 0.19921875 0.0 0.19921875 0.0 0.024953358208955223 67
stats: {freemem,"tsung_controller@ip-172-31-21-52"} 1 3289.22265625 0.0 3508.6640625 3289.22265625 3438.3970382462685 67
stats: {recvpackets,"tsung_controller@ip-172-31-21-52"} 1 11611.0 0.0 11611 137 3423.0757575757584 66
stats: {sentpackets,"tsung_controller@ip-172-31-21-52"} 1 10160.0 0.0 10160 104 2947.378787878788 66
stats: {cpu,"tsung_controller@ip-172-31-21-52"} 1 11.212121212121213 0.0 11.57684630738523 0.30060120240480964 3.27593224448316 67
stats: session 446 16903.20800896859 9787.312883392035 89044.704 5179.998 17298.014849450665 9193
stats: users_count 502 10536
stats: finish_users_count 446 9639
stats: request 1456 40.70632623626371 53.88290018991554 5145.375 4.807 48.44857941422013 28748
stats: connect 505 0.9043841584158405 0.1896823998644869 82.084 0.674 0.9806219609406138 10036
stats: page 1456 40.70632623626371 53.88290018991554 5145.375 4.807 48.44857941422013 28748
stats: 302 448 9638
stats: 200 1008 20566
stats: size_rcv 10644062 218499576
stats: newphase 0 11
stats: size_sent 970609 20473918
stats: connected 57 895
# stats: dump at 1575345665
stats: users 950 952
stats: {load,"tsung_controller@ip-172-31-21-52"} 1 0.171875 0.0 0.19921875 0.0 0.02751608455882353 68
stats: {freemem,"tsung_controller@ip-172-31-21-52"} 1 3275.6796875 0.0 3508.6640625 3275.6796875 3436.203297334559 68
stats: {recvpackets,"tsung_controller@ip-172-31-21-52"} 1 11928.0 0.0 11928 137 3545.283582089553 67
stats: {sentpackets,"tsung_controller@ip-172-31-21-52"} 1 10223.0 0.0 10223 104 3055.0298507462685 67
stats: {cpu,"tsung_controller@ip-172-31-21-52"} 1 11.05476673427992 0.0 11.57684630738523 0.30060120240480964 3.392640905771955 68
stats: session 513 17520.831218323554 10538.583201392223 89044.704 5179.998 17279.746994812733 9639
stats: users_count 566 11102
stats: finish_users_count 513 10152
stats: request 1608 45.46199626865683 64.66808129638571 5145.375 4.807 48.075359952324206 30204
stats: connect 566 0.9465159010600708 0.3461597635523709 82.084 0.674 0.9769695474812637 10541
stats: page 1608 45.46199626865683 64.66808129638571 5145.375 4.807 48.075359952324206 30204
stats: 302 512 10150
stats: 200 1096 21662
stats: size_rcv 11664338 230163914
stats: newphase 0 11
stats: size_sent 1090906 21564824
stats: connected 52 947
# stats: dump at 1575345675
stats: users 971 975
stats: {load,"tsung_controller@ip-172-31-21-52"} 1 0.140625 0.0 0.19921875 0.0 0.029608242753623188 69
stats: {freemem,"tsung_controller@ip-172-31-21-52"} 1 3260.59765625 0.0 3508.6640625 3260.59765625 3433.8768682065215 69
stats: {recvpackets,"tsung_controller@ip-172-31-21-52"} 1 13069.0 0.0 13069 137 3668.5588235294126 68
stats: {sentpackets,"tsung_controller@ip-172-31-21-52"} 1 11336.0 0.0 11336 104 3160.4411764705883 68
stats: {cpu,"tsung_controller@ip-172-31-21-52"} 1 12.981744421906694 0.0 12.981744421906694 0.30060120240480964 3.5036862076343893 69
stats: session 541 17031.776898336415 9267.918666970363 89044.704 5179.998 17291.929442277375 10152
stats: users_count 562 11664
stats: finish_users_count 541 10693
stats: request 1629 44.73225782688762 55.70891253018968 5145.375 4.807 47.94326235382876 31812
stats: connect 564 1.0124007092198584 0.49724619571036727 82.084 0.674 0.9754176645358783 11107
stats: page 1629 44.73225782688762 55.70891253018968 5145.375 4.807 47.94326235382876 31812
stats: 302 543 10693
stats: 200 1086 22748
stats: size_rcv 11580943 241744857
stats: newphase 0 11
stats: size_sent 1123112 22687936
stats: connected 21 968
# stats: dump at 1575345685
stats: users 1005 1019
stats: {load,"tsung_controller@ip-172-31-21-52"} 1 0.19921875 0.0 0.19921875 0.0 0.03119419642857143 70
stats: {freemem,"tsung_controller@ip-172-31-21-52"} 1 3249.67578125 0.0 3508.6640625 3249.67578125 3431.4014508928567 70
stats: {recvpackets,"tsung_controller@ip-172-31-21-52"} 1 13217.0 0.0 13217 137 3804.7971014492764 69
stats: {sentpackets,"tsung_controller@ip-172-31-21-52"} 1 11305.0 0.0 11336 104 3278.927536231884 69
stats: {cpu,"tsung_controller@ip-172-31-21-52"} 1 13.218970736629668 0.0 13.218970736629668 0.30060120240480964 3.6390870392668506 70
stats: session 540 17688.854916666707 10875.672477169259 89044.704 5179.998 17278.767324417833 10693
stats: users_count 574 12238
stats: finish_users_count 540 11233
stats: request 1712 41.23428563084121 52.76778197538 5145.375 4.807 47.786845788104436 33441
stats: connect 575 0.9908782608695648 0.5656661259516514 82.084 0.674 0.9772048667637735 11671
stats: page 1712 41.23428563084121 52.76778197538 5145.375 4.807 47.786845788104436 33441
stats: 302 536 11229
stats: 200 1176 23924
stats: size_rcv 12343028 254087885
stats: newphase 0 11
stats: size_sent 1162819 23850755
stats: connected 39 1007
# stats: dump at 1575345695
stats: users 962 1019
stats: {load,"tsung_controller@ip-172-31-21-52"} 1 0.171875 0.0 0.19921875 0.0 0.03356073943661972 71
stats: {freemem,"tsung_controller@ip-172-31-21-52"} 1 3243.2890625 0.0 3508.6640625 3243.2890625 3428.841934419014 71
stats: {recvpackets,"tsung_controller@ip-172-31-21-52"} 1 14022.0 0.0 14022 137 3939.2571428571437 70
stats: {sentpackets,"tsung_controller@ip-172-31-21-52"} 1 12008.0 0.0 12008 104 3393.5857142857144 70
stats: {cpu,"tsung_controller@ip-172-31-21-52"} 1 13.25178389398573 0.0 13.25178389398573 0.30060120240480964 3.774014978666327 71
stats: session 578 16892.35295847748 9412.706482107655 89044.704 5179.998 17298.48131888186 11233
stats: users_count 535 12773
stats: finish_users_count 578 11811
stats: request 1652 51.424579903147695 66.58731656936072 5145.375 4.807 47.46772699342874 35153
stats: connect 537 0.8805400372439467 0.5741433248952619 82.084 0.674 0.9778468887800098 12246
stats: page 1652 51.424579903147695 66.58731656936072 5145.375 4.807 47.46772699342874 35153
stats: 302 581 11810
stats: 200 1071 24995
stats: size_rcv 11328059 265415944
stats: newphase 0 11
stats: size_sent 1169582 25020337
stats: connected -45 962
# stats: dump at 1575345705
stats: users 698 1020
stats: {load,"tsung_controller@ip-172-31-21-52"} 1 0.140625 0.0 0.19921875 0.0 0.035481770833333336 72
stats: {freemem,"tsung_controller@ip-172-31-21-52"} 1 3249.05078125 0.0 3508.6640625 3243.2890625 3426.264811197916 72
stats: {recvpackets,"tsung_controller@ip-172-31-21-52"} 1 12818.0 0.0 14022 137 4081.2676056338037 71
stats: {sentpackets,"tsung_controller@ip-172-31-21-52"} 1 11153.0 0.0 12008 104 3514.9154929577467 71
stats: {cpu,"tsung_controller@ip-172-31-21-52"} 1 12.753036437246964 0.0 13.25178389398573 0.30060120240480964 3.905650658045763 72
stats: session 536 18106.629210820927 9425.00670008261 89044.704 5179.998 17278.606440182873 11811
stats: users_count 272 13045
stats: finish_users_count 536 12347
stats: request 1308 96.01927370030592 182.6429968143096 5145.375 4.807 47.64533115065889 36805
stats: connect 273 0.9336703296703297 0.47029224150136145 82.084 0.674 0.9737591332238127 12783
stats: page 1308 96.01927370030592 182.6429968143096 5145.375 4.807 47.64533115065889 36805
stats: 302 537 12347
stats: 200 771 25766
stats: size_rcv 7545310 272961254
stats: newphase 0 11
stats: size_sent 1040916 26061253
stats: connected -264 698
# stats: dump at 1575345715
stats: users 242 1020
stats: {load,"tsung_controller@ip-172-31-21-52"} 1 0.12109375 0.0 0.19921875 0.0 0.03692208904109589 73
stats: {freemem,"tsung_controller@ip-172-31-21-52"} 1 3257.125 0.0 3508.6640625 3243.2890625 3423.8372217465744 73
stats: {recvpackets,"tsung_controller@ip-172-31-21-52"} 1 7724.0 0.0 14022 137 4202.611111111112 72
stats: {sentpackets,"tsung_controller@ip-172-31-21-52"} 1 7168.0 0.0 12008 104 3621.0 72
stats: {cpu,"tsung_controller@ip-172-31-21-52"} 1 8.879919273461152 0.0 13.25178389398573 0.30060120240480964 4.026847723514273 73
stats: session 456 20222.49153508772 10082.979102303869 89044.704 5179.998 17314.552030614723 12347
stats: users_count 0 13045
stats: finish_users_count 456 12803
stats: request 648 88.07214660493833 66.66107111342654 5145.375 4.807 49.30547642536669 38113
stats: connect 1 1.127 0.0 82.084 0.674 0.9729208792892156 13056
stats: page 648 88.07214660493833 66.66107111342654 5145.375 4.807 49.30547642536669 38113
stats: 302 441 12788
stats: 200 207 25973
stats: size_rcv 1670634 274631888
stats: newphase 0 11
stats: size_sent 678285 26739538
stats: connected -442 256
# stats: dump at 1575345725
stats: users 94 1020
stats: {load,"tsung_controller@ip-172-31-21-52"} 1 0.1015625 0.0 0.19921875 0.0 0.03805954391891892 74
stats: {freemem,"tsung_controller@ip-172-31-21-52"} 1 3284.98828125 0.0 3508.6640625 3243.2890625 3421.5843538851345 74
stats: {recvpackets,"tsung_controller@ip-172-31-21-52"} 1 2533.0 0.0 14022 137 4250.8493150684935 73
stats: {sentpackets,"tsung_controller@ip-172-31-21-52"} 1 2736.0 0.0 12008 104 3669.5890410958905 73
stats: {cpu,"tsung_controller@ip-172-31-21-52"} 1 3.248730964467005 0.0 13.25178389398573 0.30060120240480964 4.092429771486527 74
stats: session 148 27691.883871621616 9166.8896540142 89044.704 5179.998 17418.123100991954 12803
stats: users_count 0 13045
stats: finish_users_count 148 12951
stats: request 232 75.35464655172409 53.57973986438735 5145.375 4.807 49.95357121849283 38761
stats: connect 1 1.104 0.0 82.084 0.674 0.972932679788619 13057
stats: page 232 75.35464655172409 53.57973986438735 5145.375 4.807 49.95357121849283 38761
stats: 302 157 12945
stats: 200 75 26048
stats: size_rcv 604882 275236770
stats: newphase 0 11
stats: size_sent 244867 26984405
stats: connected -156 100
# stats: dump at 1575345735
stats: users 38 1020
stats: {load,"tsung_controller@ip-172-31-21-52"} 1 0.08984375 0.0 0.19921875 0.0 0.03890625 75
stats: {freemem,"tsung_controller@ip-172-31-21-52"} 1 3302.78125 0.0 3508.6640625 3243.2890625 3419.763072916666 75
stats: {recvpackets,"tsung_controller@ip-172-31-21-52"} 1 829.0 0.0 14022 137 4227.635135135135 74
stats: {sentpackets,"tsung_controller@ip-172-31-21-52"} 1 864.0 0.0 12008 104 3656.972972972973 74
stats: {cpu,"tsung_controller@ip-172-31-21-52"} 1 1.7034068136272544 0.0 13.25178389398573 0.30060120240480964 4.0811804540596 75
stats: session 56 41317.55141071428 10951.744801668936 89044.704 5179.998 17535.528443749514 12951
stats: users_count 0 13045
stats: finish_users_count 56 13007
stats: request 84 73.67282142857141 42.6280938143136 5145.375 4.807 50.1047021773139 38993
stats: connect 0 0 0 82.084 0.674 0.972942717108286 13058
stats: page 84 73.67282142857141 42.6280938143136 5145.375 4.807 50.1047021773139 38993
stats: 302 62 13007
stats: 200 22 26070
stats: size_rcv 179840 275416610
stats: newphase 0 11
stats: size_sent 91003 27075408
stats: connected -63 37
# stats: dump at 1575345745
stats: users 15 1020
stats: {load,"tsung_controller@ip-172-31-21-52"} 1 0.0703125 0.0 0.19921875 0.0 0.0395764802631579 76
stats: {freemem,"tsung_controller@ip-172-31-21-52"} 1 3303.26171875 0.0 3508.6640625 3243.2890625 3418.2238384046045 76
stats: {recvpackets,"tsung_controller@ip-172-31-21-52"} 1 340.0 0.0 14022 137 4182.32 75
stats: {sentpackets,"tsung_controller@ip-172-31-21-52"} 1 342.0 0.0 12008 104 3619.733333333333 75
stats: {cpu,"tsung_controller@ip-172-31-21-52"} 1 0.802407221664995 0.0 13.25178389398573 0.30060120240480964 4.049893958790754 76
stats: session 23 50301.17652173913 8594.841582152329 89044.704 5179.998 17637.918947797338 13007
stats: users_count 0 13045
stats: finish_users_count 23 13030
stats: request 36 58.47336111111112 40.50788836768078 5145.375 4.807 50.155364255188495 39077
stats: connect 1 1.276 0.0 82.084 0.674 0.972942717108286 13058
stats: page 36 58.47336111111112 40.50788836768078 5145.375 4.807 50.155364255188495 39077
stats: 302 22 13029
stats: 200 14 26084
stats: size_rcv 111808 275528418
stats: newphase 0 11
stats: size_sent 36440 27111848
stats: connected -21 16
# stats: dump at 1575345755
stats: users 4 1020
stats: {load,"tsung_controller@ip-172-31-21-52"} 1 0.05859375 0.0 0.19921875 0.0 0.03997564935064936 77
stats: {freemem,"tsung_controller@ip-172-31-21-52"} 1 3304.7109375 0.0 3508.6640625 3243.2890625 3416.7308238636356 77
stats: {recvpackets,"tsung_controller@ip-172-31-21-52"} 1 154.0 0.0 14022 137 4131.763157894737 76
stats: {sentpackets,"tsung_controller@ip-172-31-21-52"} 1 158.0 0.0 12008 104 3576.6052631578946 76
stats: {cpu,"tsung_controller@ip-172-31-21-52"} 1 0.4 0.0 13.25178389398573 0.30060120240480964 4.00771880636055 77
stats: session 11 55669.39236363636 4190.824073210234 89044.704 5179.998 17695.57473630084 13030
stats: users_count 0 13045
stats: finish_users_count 11 13041
stats: request 18 68.26788888888889 43.71025409556395 5145.375 4.807 50.16302022345514 39113
stats: connect 1 1.32 0.0 82.084 0.674 0.9729659238839113 13059
stats: page 18 68.26788888888889 43.71025409556395 5145.375 4.807 50.16302022345514 39113
stats: 302 12 13041
stats: 200 6 26090
stats: size_rcv 48306 275576724
stats: newphase 0 11
stats: size_sent 18870 27130718
stats: connected -12 4
# stats: dump at 1575345760
stats: users 0 1020
stats: {load,"tsung_controller@ip-172-31-21-52"} 1 0.05078125 0.0 0.19921875 0.0 0.04021434294871795 78
stats: {freemem,"tsung_controller@ip-172-31-21-52"} 1 3309.04296875 0.0 3508.6640625 3243.2890625 3415.2946714743584 78
stats: {recvpackets,"tsung_controller@ip-172-31-21-52"} 1 63.0 0.0 14022 63 4080.103896103896 77
stats: {sentpackets,"tsung_controller@ip-172-31-21-52"} 1 68.0 0.0 12008 68 3532.2077922077924 77
stats: {cpu,"tsung_controller@ip-172-31-21-52"} 1 0.2004008016032064 0.0 13.25178389398573 0.2004008016032064 3.9614660011507987 78
stats: session 4 64826.787 6005.5200720430985 89044.704 5179.998 17727.60540832758 13041
stats: users_count 0 13045
stats: finish_users_count 4 13045
stats: request 4 90.5785 1.2366580974545816 5145.375 4.807 50.17134834274618 39131
stats: connect 0 0 0 82.084 0.674 0.9729924961715158 13060
stats: page 4 90.5785 1.2366580974545816 5145.375 4.807 50.17134834274618 39131
stats: 302 4 13045
stats: 200 0 26090
stats: size_rcv 604 275577328
stats: newphase 0 11
stats: size_sent 5152 27135870
stats: connected -4 0
EndMonitor:{1575,345760,258578}
