# stats: dump at 1574379852
stats: users 16 16
stats: {freemem,"tsung_controller@ip-172-31-22-131"} 1 3508.18359375 0 3508.18359375 3508.18359375 0 0
stats: {load,"tsung_controller@ip-172-31-22-131"} 1 0.0 0 0.0 0.0 0 0
stats: {cpu,"tsung_controller@ip-172-31-22-131"} 1 0.8809949957187149 0 0.8809949957187149 0.8809949957187149 0 0
stats: users_count 16 16
stats: finish_users_count 0 0
stats: request 22 10.288909090909087 2.8648606329594783 20.046 7.981 0 0
stats: connect 15 1.9388666666666667 2.725417909646559 12.11 0.962 0 0
stats: page 22 10.288909090909087 2.8648606329594783 20.046 7.981 0 0
stats: 200 22 22
stats: size_rcv 254698 254698
stats: size_sent 7090 7090
stats: connected 15 15
# stats: dump at 1574379862
stats: users 23 23
stats: {freemem,"tsung_controller@ip-172-31-22-131"} 1 3507.47265625 0.0 3508.18359375 3507.47265625 3508.18359375 1
stats: {load,"tsung_controller@ip-172-31-22-131"} 1 0.0 0.0 0.0 0.0 0.0 1
stats: {recvpackets,"tsung_controller@ip-172-31-22-131"} 1 338 0 338 338 0 0
stats: {sentpackets,"tsung_controller@ip-172-31-22-131"} 1 320 0 320 320 0 0
stats: {cpu,"tsung_controller@ip-172-31-22-131"} 1 0.7028112449799196 0.0 0.8809949957187149 0.7028112449799196 0.8809949957187149 1
stats: users_count 7 23
stats: finish_users_count 0 0
stats: request 28 740.259392857143 1690.8656294906707 5866.76 7.981 10.288909090909087 22
stats: connect 8 1.4516250000000002 0.45858285442763785 12.11 0.962 1.9388666666666667 15
stats: page 19 918.2482105263158 2053.284907340394 5961.178 7.981 10.288909090909087 22
stats: 302 9 9
stats: 200 19 41
stats: size_rcv 243583 498281
stats: size_sent 23990 31080
stats: connected 8 23
# stats: dump at 1574379872
stats: users 38 38
stats: {freemem,"tsung_controller@ip-172-31-22-131"} 1 3501.80859375 0.0 3508.18359375 3501.80859375 3507.828125 2
stats: {load,"tsung_controller@ip-172-31-22-131"} 1 0.0 0.0 0.0 0.0 0.0 2
stats: {recvpackets,"tsung_controller@ip-172-31-22-131"} 1 464.0 0.0 464 338 338.0 1
stats: {sentpackets,"tsung_controller@ip-172-31-22-131"} 1 691.0 0.0 691 320 320.0 1
stats: {cpu,"tsung_controller@ip-172-31-22-131"} 1 2.9000000000000004 0.0 2.9000000000000004 0.7028112449799196 0.7919031203493172 2
stats: users_count 15 38
stats: finish_users_count 0 0
stats: request 49 1682.7166530612249 2621.687280893439 9415.432 7.981 419.07238000000007 50
stats: connect 15 1.2565333333333335 0.3604920464525613 12.11 0.933 1.7693913043478262 23
stats: page 39 1765.7495128205128 3246.4160096588553 10348.386 7.981 431.0505365853659 41
stats: 302 10 19
stats: 200 39 80
stats: size_rcv 501755 1000036
stats: size_sent 41435 72515
stats: connected 15 38
# stats: dump at 1574379882
stats: users 48 48
stats: {freemem,"tsung_controller@ip-172-31-22-131"} 1 3493.625 0.0 3508.18359375 3493.625 3505.8216145833335 3
stats: {load,"tsung_controller@ip-172-31-22-131"} 1 0.0 0.0 0.0 0.0 0.0 3
stats: {recvpackets,"tsung_controller@ip-172-31-22-131"} 1 613.0 0.0 613 338 401.0 2
stats: {sentpackets,"tsung_controller@ip-172-31-22-131"} 1 592.0 0.0 691 320 505.5 2
stats: {cpu,"tsung_controller@ip-172-31-22-131"} 1 2.9850746268656714 0.0 2.9850746268656714 0.7028112449799196 1.4946020802328783 3
stats: users_count 10 48
stats: finish_users_count 0 0
stats: request 78 2357.7079999999983 3026.588745404677 12439.581 0.352 1044.5124747474752 99
stats: connect 23 1.2340434782608696 0.2198108827983668 12.11 0.909 1.5669473684210529 38
stats: page 52 3318.6746923076917 4103.003627864196 13331.8 1.44 1081.7162875 80
stats: 302 12 31
stats: 200 26 106
stats: size_rcv 420671 1420707
stats: 422 4 4
stats: size_sent 46572 119087
stats: connected 4 42
stats: 400 19 19
stats: 500 17 17
# stats: dump at 1574379892
stats: users 60 60
stats: {freemem,"tsung_controller@ip-172-31-22-131"} 1 3489.32421875 0.0 3508.18359375 3489.32421875 3502.7724609375 4
stats: {load,"tsung_controller@ip-172-31-22-131"} 1 0.0 0.0 0.0 0.0 0.0 4
stats: {recvpackets,"tsung_controller@ip-172-31-22-131"} 1 738.0 0.0 738 338 471.6666666666667 3
stats: {sentpackets,"tsung_controller@ip-172-31-22-131"} 1 656.0 0.0 691 320 534.3333333333334 3
stats: {cpu,"tsung_controller@ip-172-31-22-131"} 1 2.7916251246261217 0.0 2.9850746268656714 0.7028112449799196 1.8672202168910765 4
stats: users_count 12 60
stats: finish_users_count 0 0
stats: request 172 1503.2921395348837 2557.0440639502117 12441.137 0.352 1623.208807909604 177
stats: connect 64 1.2285156250000004 0.25150273309818993 12.11 0.865 1.4414262295081968 61
stats: page 108 2205.6154907407404 3985.0923781052675 14993.2 1.364 1962.9423257575754 132
stats: 302 25 56
stats: 200 44 150
stats: size_rcv 708909 2129616
stats: 422 26 30
stats: size_sent 94666 213753
stats: connected 4 46
stats: 400 60 79
stats: 500 17 34
# stats: dump at 1574379902
stats: users 60 60
stats: {freemem,"tsung_controller@ip-172-31-22-131"} 1 3486.3046875 0.0 3508.18359375 3486.3046875 3500.0828125 5
stats: {load,"tsung_controller@ip-172-31-22-131"} 1 0.0 0.0 0.0 0.0 0.0 5
stats: {recvpackets,"tsung_controller@ip-172-31-22-131"} 1 1053.0 0.0 1053 338 538.25 4
stats: {sentpackets,"tsung_controller@ip-172-31-22-131"} 1 738.0 0.0 738 320 564.75 4
stats: {cpu,"tsung_controller@ip-172-31-22-131"} 1 2.5974025974025974 0.0 2.9850746268656714 0.7028112449799196 2.0521011984380855 5
stats: users_count 0 60
stats: finish_users_count 0 0
stats: request 147 1438.7764557823118 2458.3548097010607 12441.137 0.321 1564.109475644699 349
stats: connect 67 1.4023134328358204 0.8972824678622625 12.11 0.771 1.3324160000000003 125
stats: page 90 2150.2806777777773 3924.159541494066 14993.2 1.274 2072.1452499999996 240
stats: 302 22 78
stats: 200 25 175
stats: size_rcv 447630 2577246
stats: 422 22 52
stats: size_sent 102082 315835
stats: connected 4 50
stats: 400 63 142
stats: 500 15 49
# stats: dump at 1574379912
stats: users 76 76
stats: {freemem,"tsung_controller@ip-172-31-22-131"} 1 3485.94140625 0.0 3508.18359375 3485.94140625 3497.7864583333335 6
stats: {load,"tsung_controller@ip-172-31-22-131"} 1 0.0 0.0 0.0 0.0 0.0 6
stats: {recvpackets,"tsung_controller@ip-172-31-22-131"} 1 854.0 0.0 1053 338 641.2 5
stats: {sentpackets,"tsung_controller@ip-172-31-22-131"} 1 654.0 0.0 738 320 599.4 5
stats: {cpu,"tsung_controller@ip-172-31-22-131"} 1 2.002002002002002 0.0 2.9850746268656714 0.7028112449799196 2.1429847649321707 6
stats: session 3 46350.69533333334 948.1437054456583 47691.032 45647.543 0 0
stats: users_count 19 79
stats: finish_users_count 3 3
stats: request 215 1489.7225581395332 2480.2326865404348 12747.938 0.321 1526.964407258064 496
stats: connect 103 1.5408349514563107 1.6483291869894519 12.11 0.754 1.3568072916666667 192
stats: page 146 2484.442801369863 3875.863528660731 16526.642 1.199 2093.4549121212117 330
stats: 302 15 93
stats: 200 40 215
stats: size_rcv 747168 3324414
stats: 422 35 87
stats: newphase 1 1
stats: size_sent 109829 425664
stats: connected 13 63
stats: 400 87 229
stats: 500 38 87
# stats: dump at 1574379922
stats: users 96 96
stats: {freemem,"tsung_controller@ip-172-31-22-131"} 1 3480.71484375 0.0 3508.18359375 3480.71484375 3496.094308035714 7
stats: {load,"tsung_controller@ip-172-31-22-131"} 1 0.0 0.0 0.0 0.0 0.0 7
stats: {recvpackets,"tsung_controller@ip-172-31-22-131"} 1 1551.0 0.0 1551 338 676.6666666666666 6
stats: {sentpackets,"tsung_controller@ip-172-31-22-131"} 1 1397.0 0.0 1397 320 608.5 6
stats: {cpu,"tsung_controller@ip-172-31-22-131"} 1 6.2 0.0 6.2 0.7028112449799196 2.1228443702278605 7
stats: session 2 49152.388 3530.576000000001 52682.964 45621.812 46350.69533333334 3
stats: users_count 22 101
stats: finish_users_count 2 5
stats: request 288 1340.1237708333335 2196.427218296335 12747.938 0.321 1515.702807313642 711
stats: connect 115 1.232 0.9358001180110874 12.11 0.726 1.4210610169491524 295
stats: page 175 1800.5633599999992 3442.2135266895198 17286.472 1.168 2213.3797689075627 476
stats: 302 42 135
stats: 200 58 273
stats: size_rcv 945204 4269618
stats: 422 48 135
stats: newphase 0 1
stats: size_sent 151303 576967
stats: connected 6 69
stats: 400 107 336
stats: 500 33 120
# stats: dump at 1574379932
stats: users 111 111
stats: {freemem,"tsung_controller@ip-172-31-22-131"} 1 3471.23828125 0.0 3508.18359375 3471.23828125 3494.171875 8
stats: {load,"tsung_controller@ip-172-31-22-131"} 1 0.0 0.0 0.0 0.0 0.0 8
stats: {recvpackets,"tsung_controller@ip-172-31-22-131"} 1 1737.0 0.0 1737 338 801.5714285714286 7
stats: {sentpackets,"tsung_controller@ip-172-31-22-131"} 1 1345.0 0.0 1397 320 721.1428571428571 7
stats: {cpu,"tsung_controller@ip-172-31-22-131"} 1 4.195804195804196 0.0 6.2 0.7028112449799196 2.632488823949378 8
stats: session 2 61267.9405 2288.8274999999994 63556.768 45621.812 47471.37240000001 5
stats: users_count 17 118
stats: finish_users_count 2 7
stats: request 228 1546.9223991228062 2275.563342608811 12747.938 0.321 1465.0854274274272 999
stats: connect 118 1.491194915254237 1.1640280098737985 12.11 0.726 1.3680317073170731 410
stats: page 155 2231.537038709678 3719.8053817399373 17286.472 1.168 2102.407615975422 651
stats: 302 29 164
stats: 200 45 318
stats: size_rcv 744824 5014442
stats: 422 36 171
stats: newphase 0 1
stats: size_sent 157068 734035
stats: connected 25 94
stats: 400 91 427
stats: 500 27 147
# stats: dump at 1574379942
stats: users 127 127
stats: {freemem,"tsung_controller@ip-172-31-22-131"} 1 3468.08203125 0.0 3508.18359375 3468.08203125 3491.6236979166665 9
stats: {load,"tsung_controller@ip-172-31-22-131"} 1 0.0 0.0 0.0 0.0 0.0 9
stats: {recvpackets,"tsung_controller@ip-172-31-22-131"} 1 1247.0 0.0 1737 338 918.5 8
stats: {sentpackets,"tsung_controller@ip-172-31-22-131"} 1 959.0 0.0 1397 320 799.125 8
stats: {cpu,"tsung_controller@ip-172-31-22-131"} 1 3.1589338598223096 0.0 6.2 0.7028112449799196 2.8061905319332467 9
stats: session 1 63774.42 0.0 63774.42 45621.812 51413.249 7
stats: users_count 17 135
stats: finish_users_count 1 8
stats: request 201 2730.2911442786076 2616.9942179971204 12747.938 0.321 1480.2922974735122 1227
stats: connect 99 1.9532626262626256 1.6950557726640112 12.11 0.714 1.3955568181818183 528
stats: page 122 3507.6054754098377 3787.9760220832313 17307.158 1.168 2127.240197270471 806
stats: 302 42 206
stats: 200 35 353
stats: size_rcv 582072 5596514
stats: 422 31 202
stats: newphase 0 1
stats: size_sent 137873 871908
stats: connected 31 125
stats: 400 67 494
stats: 500 26 173
# stats: dump at 1574379952
stats: users 137 139
stats: {freemem,"tsung_controller@ip-172-31-22-131"} 1 3464.57421875 0.0 3508.18359375 3464.57421875 3489.26953125 10
stats: {load,"tsung_controller@ip-172-31-22-131"} 1 0.0 0.0 0.0 0.0 0.0 10
stats: {recvpackets,"tsung_controller@ip-172-31-22-131"} 1 1291.0 0.0 1737 338 955.0 9
stats: {sentpackets,"tsung_controller@ip-172-31-22-131"} 1 952.0 0.0 1397 320 816.8888888888889 9
stats: {cpu,"tsung_controller@ip-172-31-22-131"} 1 2.6418786692759295 0.0 6.2 0.7028112449799196 2.8414648647221528 10
stats: session 6 81572.92716666666 12217.542637882929 100557.528 45621.812 52958.395375 8
stats: users_count 16 151
stats: finish_users_count 6 14
stats: request 301 3418.8076212624583 3471.7314672959637 15328.72 0.311 1656.237513305322 1428
stats: connect 79 2.2062784810126583 2.064559504534752 12.11 0.714 1.483615629984051 627
stats: page 204 4977.632303921569 4760.267223226332 19585.282 1.168 2308.710632543103 928
stats: 302 33 239
stats: 200 64 417
stats: size_rcv 1019458 6615972
stats: 422 54 256
stats: newphase 0 1
stats: size_sent 144564 1016472
stats: connected -27 98
stats: 400 100 594
stats: 500 50 223
# stats: dump at 1574379962
stats: users 146 148
stats: {freemem,"tsung_controller@ip-172-31-22-131"} 1 3453.6953125 0.0 3508.18359375 3453.6953125 3487.024502840909 11
stats: {load,"tsung_controller@ip-172-31-22-131"} 1 0.0 0.0 0.0 0.0 0.0 11
stats: {recvpackets,"tsung_controller@ip-172-31-22-131"} 1 1685.0 0.0 1737 338 988.6 10
stats: {sentpackets,"tsung_controller@ip-172-31-22-131"} 1 1192.0 0.0 1397 320 830.4 10
stats: {cpu,"tsung_controller@ip-172-31-22-131"} 1 3.581800580832527 0.0 6.2 0.7028112449799196 2.8233206651361322 11
stats: session 4 115051.1665 1856.267092207034 117354.494 45621.812 65221.766142857145 14
stats: users_count 13 164
stats: finish_users_count 4 18
stats: request 211 4563.37855450237 3585.7743029611447 17207.613 0.311 1963.0817021399653 1729
stats: connect 78 1.3846666666666663 1.1253726752145967 12.11 0.714 1.5644801699716713 706
stats: page 134 6706.653582089552 5327.6382077375165 22285.98 1.168 2789.6823825088336 1132
stats: 302 41 280
stats: 200 51 468
stats: size_rcv 790457 7406429
stats: 422 28 284
stats: newphase 0 1
stats: size_sent 140908 1157380
stats: connected 18 116
stats: 400 56 650
stats: 500 35 258
# stats: dump at 1574379972
stats: users 175 175
stats: {freemem,"tsung_controller@ip-172-31-22-131"} 1 3448.87109375 0.0 3508.18359375 3448.87109375 3484.2470703125 12
stats: {load,"tsung_controller@ip-172-31-22-131"} 1 0.0 0.0 0.0 0.0 0.0 12
stats: {recvpackets,"tsung_controller@ip-172-31-22-131"} 1 1327.0 0.0 1737 338 1051.909090909091 11
stats: {sentpackets,"tsung_controller@ip-172-31-22-131"} 1 967.0 0.0 1397 320 863.2727272727273 11
stats: {cpu,"tsung_controller@ip-172-31-22-131"} 1 2.697302697302697 0.0 6.2 0.7028112449799196 2.8865273247774983 12
stats: session 5 107754.9404 16331.566987118385 126300.424 45621.812 76294.96622222223 18
stats: users_count 34 198
stats: finish_users_count 5 23
stats: request 121 4098.633520661158 3840.9765712025805 17409.107 0.311 2245.8974938144333 1940
stats: connect 100 1.3094499999999996 0.9918885055791302 12.11 0.714 1.5465905612244895 784
stats: page 91 7237.120076923076 6689.314897723632 22784.318 1.149 3204.2749107424956 1266
stats: 302 18 298
stats: 200 13 481
stats: size_rcv 318736 7725165
stats: 422 13 297
stats: newphase 1 2
stats: 502 4 4
stats: size_sent 121275 1278655
stats: connected 52 168
stats: 400 43 693
stats: 500 30 288
# stats: dump at 1574379982
stats: users 200 200
stats: {freemem,"tsung_controller@ip-172-31-22-131"} 1 3448.10546875 0.0 3508.18359375 3448.10546875 3481.525841346154 13
stats: {load,"tsung_controller@ip-172-31-22-131"} 1 0.0 0.0 0.0 0.0 0.0 13
stats: {recvpackets,"tsung_controller@ip-172-31-22-131"} 1 809.0 0.0 1737 338 1074.8333333333333 12
stats: {sentpackets,"tsung_controller@ip-172-31-22-131"} 1 666.0 0.0 1397 320 871.9166666666666 12
stats: {cpu,"tsung_controller@ip-172-31-22-131"} 1 1.7085427135678393 0.0 6.2 0.7028112449799196 2.8719715842025133 13
stats: session 5 109855.89100000002 23452.40638924122 131590.872 45621.812 83134.09104347826 23
stats: users_count 30 228
stats: finish_users_count 5 28
stats: request 322 5162.64053416149 4877.159598746481 17831.526 0.311 2354.6704483260555 2061
stats: connect 134 1.1879253731343282 0.8014453978744369 12.11 0.663 1.5197647058823527 884
stats: page 213 5948.5938967136135 5577.883520924301 24775.491 1.046 3474.7162593957255 1357
stats: 302 55 353
stats: 200 79 560
stats: size_rcv 1142201 8867366
stats: 422 43 340
stats: newphase 0 2
stats: 502 17 21
stats: size_sent 164442 1443097
stats: connected 21 189
stats: 400 108 801
stats: 500 20 308
# stats: dump at 1574379992
stats: users 238 238
stats: {freemem,"tsung_controller@ip-172-31-22-131"} 1 3447.41015625 0.0 3508.18359375 3447.41015625 3479.138671875 14
stats: {load,"tsung_controller@ip-172-31-22-131"} 1 0.0703125 0.0 0.0703125 0.0 0.0 14
stats: {recvpackets,"tsung_controller@ip-172-31-22-131"} 1 1916.0 0.0 1916 338 1054.3846153846155 13
stats: {sentpackets,"tsung_controller@ip-172-31-22-131"} 1 1476.0 0.0 1476 320 856.0769230769231 13
stats: {cpu,"tsung_controller@ip-172-31-22-131"} 1 3.3932135728542914 0.0 6.2 0.7028112449799196 2.7888695220143225 14
stats: session 2 130050.8995 10795.69149999999 140846.591 45621.812 87905.84103571427 28
stats: users_count 40 268
stats: finish_users_count 2 30
stats: request 238 4209.276907563024 4937.984952163968 22463.514 0.311 2734.094018464121 2383
stats: connect 92 1.496695652173913 2.347472186894227 18.299 0.663 1.4760844793713161 1018
stats: page 176 7851.803079545446 8222.539322813522 26296.308 0.96 3810.344244585987 1570
stats: 302 11 364
stats: 200 46 606
stats: size_rcv 725844 9593210
stats: 422 6 346
stats: newphase 0 2
stats: 502 58 79
stats: size_sent 147860 1590957
stats: connected 22 211
stats: 400 68 869
stats: 500 49 357
# stats: dump at 1574380002
stats: users 276 276
stats: {freemem,"tsung_controller@ip-172-31-22-131"} 1 3431.29296875 0.0 3508.18359375 3431.29296875 3477.0234375 15
stats: {load,"tsung_controller@ip-172-31-22-131"} 1 0.05859375 0.0 0.0703125 0.0 0.0046875 15
stats: {recvpackets,"tsung_controller@ip-172-31-22-131"} 1 2085.0 0.0 2085 338 1115.9285714285716 14
stats: {sentpackets,"tsung_controller@ip-172-31-22-131"} 1 1517.0 0.0 1517 320 900.3571428571429 14
stats: {cpu,"tsung_controller@ip-172-31-22-131"} 1 4.595404595404595 0.0 6.2 0.7028112449799196 2.829159125403654 15
stats: session 4 109609.7415 25318.50001710799 140846.591 45621.812 90715.5116 30
stats: users_count 42 310
stats: finish_users_count 4 34
stats: request 497 2948.993382293764 4046.591526124349 22463.514 0.311 2868.0480541777947 2621
stats: connect 217 1.1370230414746538 0.716395910688761 18.299 0.553 1.4777927927927925 1110
stats: page 327 3926.2107522935785 5872.565841893331 29142.164 0.896 4217.730702176402 1746
stats: 302 56 420
stats: 200 76 682
stats: size_rcv 1137368 10730578
stats: 422 47 393
stats: newphase 0 2
stats: 502 104 183
stats: size_sent 268760 1859717
stats: connected 26 237
stats: 400 187 1056
stats: 500 27 384
# stats: dump at 1574380012
stats: users 313 314
stats: {freemem,"tsung_controller@ip-172-31-22-131"} 1 3427.546875 0.0 3508.18359375 3427.546875 3474.165283203125 16
stats: {load,"tsung_controller@ip-172-31-22-131"} 1 0.05078125 0.0 0.0703125 0.0 0.008056640625 16
stats: {recvpackets,"tsung_controller@ip-172-31-22-131"} 1 2042.0 0.0 2085 338 1180.5333333333333 15
stats: {sentpackets,"tsung_controller@ip-172-31-22-131"} 1 1807.0 0.0 1807 320 941.4666666666667 15
stats: {cpu,"tsung_controller@ip-172-31-22-131"} 1 5.025125628140704 0.0 6.2 0.7028112449799196 2.9395494672787126 16
stats: session 8 138252.56499999994 11402.316539308516 159620.88 45621.812 92938.36217647057 34
stats: users_count 45 355
stats: finish_users_count 8 42
stats: request 646 1648.7496950464383 4411.698702924885 22463.514 0.311 2880.950500641437 3118
stats: connect 311 1.0615627009646296 0.741384371471044 18.299 0.553 1.422067822155237 1327
stats: page 430 2894.553867441861 6679.187741405117 29142.164 0.896 4171.745644958995 2073
stats: 302 9 429
stats: 200 27 709
stats: size_rcv 661747 11392325
stats: 422 7 400
stats: newphase 0 2
stats: 502 268 451
stats: size_sent 320507 2180224
stats: connected 7 244
stats: 400 297 1353
stats: 500 38 422
# stats: dump at 1574380022
stats: users 337 337
stats: {freemem,"tsung_controller@ip-172-31-22-131"} 1 3426.39453125 0.0 3508.18359375 3426.39453125 3471.423023897059 17
stats: {load,"tsung_controller@ip-172-31-22-131"} 1 0.0390625 0.0 0.0703125 0.0 0.010569852941176471 17
stats: {recvpackets,"tsung_controller@ip-172-31-22-131"} 1 2740.0 0.0 2740 338 1234.375 16
stats: {sentpackets,"tsung_controller@ip-172-31-22-131"} 1 2660.0 0.0 2660 320 995.5625 16
stats: {cpu,"tsung_controller@ip-172-31-22-131"} 1 7.199999999999999 0.0 7.199999999999999 0.7028112449799196 3.0622304179176534 17
stats: session 13 135547.37046153846 27768.655072308327 170693.091 45621.812 101569.63890476187 42
stats: users_count 37 392
stats: finish_users_count 13 55
stats: request 870 2485.8033091954026 5376.840614150721 27084.608 0.311 2669.4728916046756 3764
stats: connect 453 2.1074105960264875 2.191150406782151 18.299 0.553 1.353620268620268 1638
stats: page 570 3297.00881403509 6326.566139274201 31330.425 0.838 3952.331955653215 2503
stats: 302 30 459
stats: 200 67 776
stats: size_rcv 1175605 12567930
stats: 422 67 467
stats: newphase 0 2
stats: 502 259 710
stats: size_sent 418705 2598929
stats: connected 18 262
stats: 400 421 1774
stats: 500 26 448
# stats: dump at 1574380032
stats: users 333 349
stats: {freemem,"tsung_controller@ip-172-31-22-131"} 1 3411.1328125 0.0 3508.18359375 3411.1328125 3468.921440972222 18
stats: {load,"tsung_controller@ip-172-31-22-131"} 1 0.19921875 0.0 0.19921875 0.0 0.012152777777777778 18
stats: {recvpackets,"tsung_controller@ip-172-31-22-131"} 1 4315.0 0.0 4315 338 1322.9411764705883 17
stats: {sentpackets,"tsung_controller@ip-172-31-22-131"} 1 3754.0 0.0 3754 320 1093.4705882352941 17
stats: {cpu,"tsung_controller@ip-172-31-22-131"} 1 9.760589318600369 0.0 9.760589318600369 0.7028112449799196 3.2921065058111174 18
stats: session 19 110639.67263157896 25211.220142900558 170693.091 45621.812 109600.73909090906 55
stats: users_count 15 407
stats: finish_users_count 19 74
stats: request 1094 1127.9487102376597 3086.178131355032 27084.608 0.3 2634.990255287009 4634
stats: connect 541 1.6446709796672836 1.596202213778826 18.299 0.553 1.5169234815877561 2091
stats: page 687 1837.4751703056752 5170.569333193986 34176.377 0.838 3830.778362837618 3073
stats: 302 30 489
stats: 200 44 820
stats: size_rcv 1004123 13572053
stats: 422 39 506
stats: newphase 0 2
stats: 502 383 1093
stats: size_sent 541120 3140049
stats: connected -50 212
stats: 400 572 2346
stats: 500 26 474
# stats: dump at 1574380042
stats: users 314 349
stats: {freemem,"tsung_controller@ip-172-31-22-131"} 1 3410.078125 0.0 3508.18359375 3410.078125 3465.8799342105262 19
stats: {load,"tsung_controller@ip-172-31-22-131"} 1 0.171875 0.0 0.19921875 0.0 0.021998355263157895 19
stats: {recvpackets,"tsung_controller@ip-172-31-22-131"} 1 4578.0 0.0 4578 338 1489.1666666666667 18
stats: {sentpackets,"tsung_controller@ip-172-31-22-131"} 1 4254.0 0.0 4254 320 1241.2777777777778 18
stats: {cpu,"tsung_controller@ip-172-31-22-131"} 1 12.015503875968992 0.0 12.015503875968992 0.7028112449799196 3.6325529696421306 19
stats: session 19 111039.52436842107 33463.44726628022 170693.091 45621.812 109867.49229729729 74
stats: users_count 0 407
stats: finish_users_count 19 93
stats: request 1245 1779.1922369477923 4361.120767970817 27084.608 0.3 2347.1579490223467 5728
stats: connect 659 1.1734871016691961 0.750102087781813 18.299 0.47 1.5431816109422485 2632
stats: page 774 3013.3984638242855 6494.010002338947 34818.698 0.838 3466.5764231382977 3760
stats: 302 23 512
stats: 200 73 893
stats: size_rcv 1465126 15037179
stats: 422 54 560
stats: newphase 0 2
stats: 502 390 1483
stats: size_sent 599986 3740035
stats: connected -22 190
stats: 400 662 3008
stats: 500 44 518
# stats: dump at 1574380052
stats: users 279 349
stats: {freemem,"tsung_controller@ip-172-31-22-131"} 1 3411.28125 0.0 3508.18359375 3410.078125 3463.08984375 20
stats: {load,"tsung_controller@ip-172-31-22-131"} 1 0.140625 0.0 0.19921875 0.0 0.0294921875 20
stats: {recvpackets,"tsung_controller@ip-172-31-22-131"} 1 5746.0 0.0 5746 338 1651.7368421052631 19
stats: {sentpackets,"tsung_controller@ip-172-31-22-131"} 1 5091.0 0.0 5091 320 1399.842105263158 19
stats: {cpu,"tsung_controller@ip-172-31-22-131"} 1 14.65603190428714 0.0 14.65603190428714 0.7028112449799196 4.0517005149584735 20
stats: session 35 106859.99017142858 29690.941044659347 170693.091 45621.812 110106.9397096774 93
stats: users_count 0 407
stats: finish_users_count 35 128
stats: request 1105 1104.6487285067858 2946.988114596659 27084.608 0.3 2245.7500454610645 6973
stats: connect 632 1.1230237341772138 1.0429495514365743 18.299 0.47 1.4691528410817376 3291
stats: page 703 1750.03752347084 4381.67930957907 34818.698 0.838 3389.214327745919 4534
stats: 302 12 524
stats: 200 54 947
stats: size_rcv 1252373 16289552
stats: 422 74 634
stats: newphase 0 2
stats: 502 326 1809
stats: size_sent 544833 4284868
stats: connected -11 179
stats: 400 608 3616
stats: 500 30 548
# stats: dump at 1574380062
stats: users 240 349
stats: {freemem,"tsung_controller@ip-172-31-22-131"} 1 3412.8046875 0.0 3508.18359375 3410.078125 3460.6227678571427 21
stats: {load,"tsung_controller@ip-172-31-22-131"} 1 0.12109375 0.0 0.19921875 0.0 0.03478422619047619 21
stats: {recvpackets,"tsung_controller@ip-172-31-22-131"} 1 5496.0 0.0 5746 338 1856.45 20
stats: {sentpackets,"tsung_controller@ip-172-31-22-131"} 1 4893.0 0.0 5091 320 1584.4 20
stats: {cpu,"tsung_controller@ip-172-31-22-131"} 1 13.47305389221557 0.0 14.65603190428714 0.7028112449799196 4.556668676355077 21
stats: session 39 100906.98069230771 34915.58418300906 179926.136 45621.812 109219.10194531249 128
stats: users_count 0 407
stats: finish_users_count 39 167
stats: request 1053 1689.4890066476717 3057.4044689259804 27084.608 0.3 2089.657330032186 8078
stats: connect 598 1.0804531772575234 0.8110912198212827 18.299 0.47 1.413391027275044 3923
stats: page 669 2681.1711240657696 4830.790885934848 35898.336 0.838 3169.175890968111 5237
stats: 302 31 555
stats: 200 97 1044
stats: size_rcv 1981008 18270560
stats: 422 183 817
stats: newphase 0 2
stats: 502 134 1943
stats: size_sent 522875 4807743
stats: connected -3 176
stats: 400 565 4181
stats: 500 43 591
# stats: dump at 1574380072
stats: users 183 349
stats: {freemem,"tsung_controller@ip-172-31-22-131"} 1 3412.69921875 0.0 3508.18359375 3410.078125 3458.44921875 22
stats: {load,"tsung_controller@ip-172-31-22-131"} 1 0.1015625 0.0 0.19921875 0.0 0.03870738636363636 22
stats: {recvpackets,"tsung_controller@ip-172-31-22-131"} 1 4830.0 0.0 5746 338 2029.7619047619048 21
stats: {sentpackets,"tsung_controller@ip-172-31-22-131"} 1 4358.0 0.0 5091 320 1741.952380952381 21
stats: {cpu,"tsung_controller@ip-172-31-22-131"} 1 11.022044088176353 0.0 14.65603190428714 0.7028112449799196 4.961958913439645 22
stats: session 57 83074.80545614036 25182.765426201964 179926.136 45621.812 107277.94788023952 167
stats: users_count 0 407
stats: finish_users_count 57 224
stats: request 968 1440.6429369834705 2650.322865091528 27084.608 0.3 2043.5093457452633 9131
stats: connect 436 1.5286903669724772 1.484187757972818 18.299 0.47 1.3693527980535272 4521
stats: page 643 2469.814278382581 4159.390973389295 35898.336 0.838 3113.8973286488317 5906
stats: 302 8 563
stats: 200 59 1103
stats: size_rcv 1539336 19809896
stats: 422 213 1030
stats: newphase 0 2
stats: 502 124 2067
stats: size_sent 418109 5225852
stats: connected -124 52
stats: 400 500 4681
stats: 500 64 655
# stats: dump at 1574380082
stats: users 156 349
stats: {freemem,"tsung_controller@ip-172-31-22-131"} 1 3414.18359375 0.0 3508.18359375 3410.078125 3456.4600883152175 23
stats: {load,"tsung_controller@ip-172-31-22-131"} 1 0.23828125 0.0 0.23828125 0.0 0.041440217391304345 23
stats: {recvpackets,"tsung_controller@ip-172-31-22-131"} 1 4466.0 0.0 5746 338 2157.0454545454545 22
stats: {sentpackets,"tsung_controller@ip-172-31-22-131"} 1 3752.0 0.0 5091 320 1860.8636363636363 22
stats: {cpu,"tsung_controller@ip-172-31-22-131"} 1 8.996212121212121 0.0 14.65603190428714 0.7028112449799196 5.225440877558633 23
stats: session 27 87678.03803703704 24683.067624350435 179926.136 45621.812 101119.11253125001 224
stats: users_count 0 407
stats: finish_users_count 27 251
stats: request 404 2269.707034653463 2945.956312797021 27084.608 0.3 1985.7239527676004 10099
stats: connect 280 1.782307142857144 1.6732176504158882 18.299 0.47 1.3833675610248126 4957
stats: page 263 3063.9410342205297 4218.589995820246 35898.336 0.838 3050.659368453199 6549
stats: 302 36 599
stats: 200 79 1182
stats: size_rcv 1365900 21175796
stats: 422 69 1099
stats: newphase 0 2
stats: 502 0 2067
stats: size_sent 281750 5507602
stats: connected 78 130
stats: 400 175 4856
stats: 500 45 700
# stats: dump at 1574380092
stats: users 115 349
stats: {freemem,"tsung_controller@ip-172-31-22-131"} 1 3414.2890625 0.0 3508.18359375 3410.078125 3454.6985677083335 24
stats: {load,"tsung_controller@ip-172-31-22-131"} 1 0.2109375 0.0 0.23828125 0.0 0.049641927083333336 24
stats: {recvpackets,"tsung_controller@ip-172-31-22-131"} 1 2513.0 0.0 5746 338 2257.4347826086955 23
stats: {sentpackets,"tsung_controller@ip-172-31-22-131"} 1 1897.0 0.0 5091 320 1943.0869565217392 23
stats: {cpu,"tsung_controller@ip-172-31-22-131"} 1 4.8732943469785575 0.0 14.65603190428714 0.7028112449799196 5.382556346044194 24
stats: session 41 104092.68914634146 28883.5900224604 180399.375 45621.812 99673.25989641434 251
stats: users_count 0 407
stats: finish_users_count 41 292
stats: request 333 3552.530345345344 3998.60988224949 27084.608 0.3 1996.6474189279247 10503
stats: connect 139 1.8557841726618702 1.7443075134906683 18.299 0.47 1.4046971548596519 5237
stats: page 239 5613.084610878667 5185.888898610975 35898.336 0.838 3051.1721514973574 6812
stats: 302 0 599
stats: 200 24 1206
stats: size_rcv 730386 21906182
stats: 422 91 1190
stats: newphase 0 2
stats: 502 0 2067
stats: size_sent 155719 5663321
stats: connected -50 80
stats: 400 148 5004
stats: 500 70 770
# stats: dump at 1574380102
stats: users 85 349
stats: {freemem,"tsung_controller@ip-172-31-22-131"} 1 3415.86328125 0.0 3508.18359375 3410.078125 3453.0821875 25
stats: {load,"tsung_controller@ip-172-31-22-131"} 1 0.171875 0.0 0.23828125 0.0 0.05609375 25
stats: {recvpackets,"tsung_controller@ip-172-31-22-131"} 1 2065.0 0.0 5746 338 2268.0833333333335 24
stats: {sentpackets,"tsung_controller@ip-172-31-22-131"} 1 1552.0 0.0 5091 320 1941.1666666666667 24
stats: {cpu,"tsung_controller@ip-172-31-22-131"} 1 5.04364694471387 0.0 14.65603190428714 0.7028112449799196 5.362185866081569 25
stats: session 30 97476.53226666668 22868.48267078711 180399.375 45621.812 100293.79619520548 292
stats: users_count 0 407
stats: finish_users_count 30 322
stats: request 268 2690.195884328358 3517.24165896109 27084.608 0.3 2044.4610968992242 10836
stats: connect 124 1.9370161290322567 1.7037486514981566 18.299 0.47 1.416360305059523 5376
stats: page 183 3841.2255409836043 4952.192176480014 35898.336 0.838 3138.0104833356972 7051
stats: 302 39 638
stats: 200 28 1234
stats: size_rcv 641170 22547352
stats: 422 52 1242
stats: newphase 0 2
stats: 502 0 2067
stats: size_sent 156365 5819686
stats: connected 0 80
stats: 400 100 5104
stats: 500 49 819
# stats: dump at 1574380112
stats: users 59 349
stats: {freemem,"tsung_controller@ip-172-31-22-131"} 1 3416.25 0.0 3508.18359375 3410.078125 3451.650691105769 26
stats: {load,"tsung_controller@ip-172-31-22-131"} 1 0.1484375 0.0 0.23828125 0.0 0.060546875 26
stats: {recvpackets,"tsung_controller@ip-172-31-22-131"} 1 1371.0 0.0 5746 338 2259.96 25
stats: {sentpackets,"tsung_controller@ip-172-31-22-131"} 1 1106.0 0.0 5091 320 1925.6 25
stats: {cpu,"tsung_controller@ip-172-31-22-131"} 1 2.4630541871921183 0.0 14.65603190428714 0.7028112449799196 5.349934369105887 26
stats: session 26 108394.12307692306 32892.319980780245 202673.704 45621.812 100031.318189441 322
stats: users_count 0 407
stats: finish_users_count 26 348
stats: request 270 2296.3357703703714 2803.808042060751 27084.608 0.3 2060.046194434438 11104
stats: connect 80 1.051625 0.24644159424699397 18.299 0.47 1.4280987272727264 5500
stats: page 184 3154.1450652173903 4515.387321932378 35898.336 0.838 3155.799860658004 7234
stats: 302 47 685
stats: 200 34 1268
stats: size_rcv 705437 23252789
stats: 422 75 1317
stats: newphase 0 2
stats: 502 0 2067
stats: size_sent 139526 5959212
stats: connected -35 45
stats: 400 83 5187
stats: 500 31 850
# stats: dump at 1574380122
stats: users 41 349
stats: {freemem,"tsung_controller@ip-172-31-22-131"} 1 3418.4609375 0.0 3508.18359375 3410.078125 3450.3395543981483 27
stats: {load,"tsung_controller@ip-172-31-22-131"} 1 0.12109375 0.0 0.23828125 0.0 0.06380208333333333 27
stats: {recvpackets,"tsung_controller@ip-172-31-22-131"} 1 974.0 0.0 5746 338 2225.769230769231 26
stats: {sentpackets,"tsung_controller@ip-172-31-22-131"} 1 806.0 0.0 5091 320 1894.076923076923 26
stats: {cpu,"tsung_controller@ip-172-31-22-131"} 1 2.2044088176352705 0.0 14.65603190428714 0.7028112449799196 5.243012880886859 27
stats: session 18 136504.91183333332 27989.337230158297 202673.704 45621.812 100656.12545114942 348
stats: users_count 0 407
stats: finish_users_count 18 366
stats: request 136 1960.2757794117647 2646.234861900741 27084.608 0.3 2065.655319236856 11374
stats: connect 60 1.1082333333333338 0.2528919641972745 18.299 0.47 1.422701254480286 5580
stats: page 103 3249.0554466019416 4232.663570833257 35898.336 0.838 3155.7588142356435 7418
stats: 302 16 701
stats: 200 16 1284
stats: size_rcv 372430 23625219
stats: 422 27 1344
stats: newphase 0 2
stats: 502 0 2067
stats: size_sent 90408 6049620
stats: connected -6 39
stats: 400 48 5235
stats: 500 29 879
# stats: dump at 1574380132
stats: users 28 349
stats: {freemem,"tsung_controller@ip-172-31-22-131"} 1 3417.8828125 0.0 3508.18359375 3410.078125 3449.2010323660716 28
stats: {load,"tsung_controller@ip-172-31-22-131"} 1 0.1015625 0.0 0.23828125 0.0 0.06584821428571427 28
stats: {recvpackets,"tsung_controller@ip-172-31-22-131"} 1 825.0 0.0 5746 338 2179.407407407408 27
stats: {sentpackets,"tsung_controller@ip-172-31-22-131"} 1 747.0 0.0 5091 320 1853.7777777777778 27
stats: {cpu,"tsung_controller@ip-172-31-22-131"} 1 3.4034034034034035 0.0 14.65603190428714 0.7028112449799196 5.134491307199303 28
stats: session 13 135607.89038461543 22196.09000739529 202673.704 45621.812 102419.18051912569 366
stats: users_count 0 407
stats: finish_users_count 13 379
stats: request 122 2715.844491803277 2576.142853388593 27084.608 0.3 2064.410174370113 11510
stats: connect 27 1.2294814814814812 0.2886791593871506 18.299 0.47 1.4193558510638289 5640
stats: page 81 4024.6595185185197 3638.235838607414 35898.336 0.838 3157.0365104374423 7521
stats: 302 28 729
stats: 200 26 1310
stats: size_rcv 461652 24086871
stats: 422 15 1359
stats: newphase 0 2
stats: 502 0 2067
stats: size_sent 59268 6108888
stats: connected -14 25
stats: 400 28 5263
stats: 500 25 904
# stats: dump at 1574380142
stats: users 18 349
stats: {freemem,"tsung_controller@ip-172-31-22-131"} 1 3418.62109375 0.0 3508.18359375 3410.078125 3448.12109375 29
stats: {load,"tsung_controller@ip-172-31-22-131"} 1 0.08984375 0.0 0.23828125 0.0 0.06707974137931033 29
stats: {recvpackets,"tsung_controller@ip-172-31-22-131"} 1 718.0 0.0 5746 338 2131.0357142857147 28
stats: {sentpackets,"tsung_controller@ip-172-31-22-131"} 1 560.0 0.0 5091 320 1814.25 28
stats: {cpu,"tsung_controller@ip-172-31-22-131"} 1 1.7000000000000002 0.0 14.65603190428714 0.7028112449799196 5.074798620861514 29
stats: session 10 138295.7992 13303.738003694652 202673.704 45621.812 103557.57953825858 379
stats: users_count 0 407
stats: finish_users_count 10 389
stats: request 75 1839.9805466666658 2675.08881368161 27084.608 0.3 2071.242618208391 11632
stats: connect 18 1.4624444444444444 0.9141080790841494 18.299 0.47 1.4184512087524255 5667
stats: page 56 2704.5191964285723 3720.58614458549 35898.336 0.838 3166.2811123388587 7602
stats: 302 19 748
stats: 200 19 1329
stats: size_rcv 294771 24381642
stats: 422 6 1365
stats: newphase 0 2
stats: 502 0 2067
stats: size_sent 57839 6166727
stats: connected -10 15
stats: 400 18 5281
stats: 500 13 917
# stats: dump at 1574380152
stats: users 11 349
stats: {freemem,"tsung_controller@ip-172-31-22-131"} 1 3426.7578125 0.0 3508.18359375 3410.078125 3447.137760416667 30
stats: {load,"tsung_controller@ip-172-31-22-131"} 1 0.0703125 0.0 0.23828125 0.0 0.06783854166666665 30
stats: {recvpackets,"tsung_controller@ip-172-31-22-131"} 1 483.0 0.0 5746 338 2082.3103448275865 29
stats: {sentpackets,"tsung_controller@ip-172-31-22-131"} 1 321.0 0.0 5091 320 1771.0 29
stats: {cpu,"tsung_controller@ip-172-31-22-131"} 1 1.002004008016032 0.0 14.65603190428714 0.7028112449799196 4.9623053334994625 30
stats: session 7 162302.03285714283 15977.355290840671 202673.704 45621.812 104450.59289717225 389
stats: users_count 0 407
stats: finish_users_count 7 396
stats: request 31 2884.408516129032 2709.4852808196815 27084.608 0.3 2069.7610554369185 11707
stats: connect 3 1.7616666666666667 0.5235560035840378 18.299 0.47 1.4185905013192603 5685
stats: page 22 4215.758363636364 3605.7086132115746 35898.336 0.838 3162.9044255680337 7658
stats: 302 16 764
stats: 200 10 1339
stats: size_rcv 191111 24572753
stats: 422 0 1365
stats: newphase 0 2
stats: 502 0 2067
stats: size_sent 23704 6190431
stats: connected -5 10
stats: 400 2 5283
stats: 500 3 920
# stats: dump at 1574380162
stats: users 4 349
stats: {freemem,"tsung_controller@ip-172-31-22-131"} 1 3426.52734375 0.0 3508.18359375 3410.078125 3446.4803427419356 31
stats: {load,"tsung_controller@ip-172-31-22-131"} 1 0.05859375 0.0 0.23828125 0.0 0.06791834677419353 31
stats: {recvpackets,"tsung_controller@ip-172-31-22-131"} 1 295.0 0.0 5746 295 2029.0000000000002 30
stats: {sentpackets,"tsung_controller@ip-172-31-22-131"} 1 144.0 0.0 5091 144 1722.6666666666667 30
stats: {cpu,"tsung_controller@ip-172-31-22-131"} 1 0.5005005005005005 0.0 14.65603190428714 0.5005005005005005 4.834553677838707 31
stats: session 7 158050.8347142857 14629.666866441125 202673.704 45621.812 105473.21936111111 396
stats: users_count 0 407
stats: finish_users_count 7 403
stats: request 57 1037.5638771929819 2334.6100315871386 27084.608 0.3 2071.9125353552568 11738
stats: connect 4 3.83825 4.537652001586284 18.299 0.47 1.418771448663853 5688
stats: page 46 1429.0979565217392 2911.484363762252 35898.336 0.838 3165.9204134114584 7680
stats: 302 29 793
stats: 200 26 1365
stats: size_rcv 354921 24927674
stats: 422 0 1365
stats: newphase 0 2
stats: 502 0 2067
stats: size_sent 38391 6228822
stats: connected -6 4
stats: 400 2 5285
stats: 500 0 920
# stats: dump at 1574380170
stats: users 0 349
stats: {freemem,"tsung_controller@ip-172-31-22-131"} 1 3434.89453125 0.0 3508.18359375 3410.078125 3445.8568115234375 32
stats: {load,"tsung_controller@ip-172-31-22-131"} 1 0.05078125 0.0 0.23828125 0.0 0.06762695312499999 32
stats: {recvpackets,"tsung_controller@ip-172-31-22-131"} 1 306.0 0.0 5746 295 1973.0645161290324 31
stats: {sentpackets,"tsung_controller@ip-172-31-22-131"} 1 191.0 0.0 5091 144 1671.741935483871 31
stats: {cpu,"tsung_controller@ip-172-31-22-131"} 1 0.2004008016032064 0.0 14.65603190428714 0.2004008016032064 4.699114516046888 32
stats: session 4 150588.16650000002 11720.803791426815 202673.704 45621.812 106386.4781885856 403
stats: users_count 0 407
stats: finish_users_count 4 407
stats: request 8 21.509999999999998 7.902864006168902 27084.608 0.3 2066.913987367529 11795
stats: connect 0 0 0 18.299 0.47 1.4204717146872796 5692
stats: page 7 24.607857142857142 18.736266051458077 35898.336 0.838 3155.5795082837176 7726
stats: 302 6 799
stats: 200 2 1367
stats: size_rcv 20262 24947936
stats: 422 0 1365
stats: newphase 0 2
stats: 502 0 2067
stats: size_sent 7661 6236483
stats: connected -4 0
stats: 400 0 5285
stats: 500 0 920
EndMonitor:{1574,380170,432149}
